<?xml version="1.0" encoding="UTF-8" standalone="no"?>
<!DOCTYPE log SYSTEM "logger.dtd">
<log>
<record>
  <date>2019-08-28T17:02:04</date>
  <millis>1567022524981</millis>
  <sequence>0</sequence>
  <level>START</level>
  <class>com.kms.katalon.core.logging.XmlKeywordLogger</class>
  <method>startSuite</method>
  <thread>1</thread>
  <message>Start Test Suite : Test Suites/TSPlanDePago/TSPlanDePago</message>
  <nestedLevel>0</nestedLevel>
  <property name="name">TSPlanDePago</property>
  <property name="description"></property>
  <property name="id">Test Suites/TSPlanDePago/TSPlanDePago</property>
</record>
<record>
  <date>2019-08-28T17:02:05</date>
  <millis>1567022525004</millis>
  <sequence>1</sequence>
  <level>RUN_DATA</level>
  <class>com.kms.katalon.core.logging.XmlKeywordLogger</class>
  <method>logMessage</method>
  <thread>1</thread>
  <message>hostName = maria - Marian-PC</message>
  <nestedLevel>0</nestedLevel>
  <property name="hostName">maria - Marian-PC</property>
</record>
<record>
  <date>2019-08-28T17:02:05</date>
  <millis>1567022525005</millis>
  <sequence>2</sequence>
  <level>RUN_DATA</level>
  <class>com.kms.katalon.core.logging.XmlKeywordLogger</class>
  <method>logMessage</method>
  <thread>1</thread>
  <message>os = Windows 10 64bit</message>
  <nestedLevel>0</nestedLevel>
  <property name="os">Windows 10 64bit</property>
</record>
<record>
  <date>2019-08-28T17:02:05</date>
  <millis>1567022525006</millis>
  <sequence>3</sequence>
  <level>RUN_DATA</level>
  <class>com.kms.katalon.core.logging.XmlKeywordLogger</class>
  <method>logMessage</method>
  <thread>1</thread>
  <message>hostAddress = 172.18.250.110</message>
  <nestedLevel>0</nestedLevel>
  <property name="hostAddress">172.18.250.110</property>
</record>
<record>
  <date>2019-08-28T17:02:05</date>
  <millis>1567022525007</millis>
  <sequence>4</sequence>
  <level>RUN_DATA</level>
  <class>com.kms.katalon.core.logging.XmlKeywordLogger</class>
  <method>logMessage</method>
  <thread>1</thread>
  <message>katalonVersion = 6.2.1.2</message>
  <nestedLevel>0</nestedLevel>
  <property name="katalonVersion">6.2.1.2</property>
</record>
<record>
  <date>2019-08-28T17:02:05</date>
  <millis>1567022525366</millis>
  <sequence>5</sequence>
  <level>START</level>
  <class>com.kms.katalon.core.logging.XmlKeywordLogger</class>
  <method>startTest</method>
  <thread>1</thread>
  <message>Start Test Case : Test Cases/WSPlanDePago/obo plan de pago</message>
  <nestedLevel>1</nestedLevel>
  <property name="name">Test Cases/WSPlanDePago/obo plan de pago</property>
  <property name="description"></property>
  <property name="id">Test Cases/WSPlanDePago/obo plan de pago</property>
  <property name="source">C:\\Users\\maria\\Desktop\\kolektor\\Testing\\Katalon\\CRM-TEST\\Test Cases\\WSPlanDePago\\obo plan de pago.tc</property>
  <property name="tag"></property>
  <property name="isOptional">false</property>
</record>
<record>
  <date>2019-08-28T17:02:05</date>
  <millis>1567022525466</millis>
  <sequence>7</sequence>
  <level>INFO</level>
  <class>com.kms.katalon.core.logging.XmlKeywordLogger</class>
  <method>logMessage</method>
  <thread>1</thread>
  <message>t_cuit = 21456789119</message>
  <nestedLevel>1</nestedLevel>
</record>
<record>
  <date>2019-08-28T17:02:05</date>
  <millis>1567022525610</millis>
  <sequence>8</sequence>
  <level>INFO</level>
  <class>com.kms.katalon.core.logging.XmlKeywordLogger</class>
  <method>logMessage</method>
  <thread>1</thread>
  <message>(Default) t_token = PD94bWwgdmVyc2lvbj0iMS4wIiBlbmNvZGluZz0iVVRGLTgiPz48c3NvIHZlcnNpb249IjIuMCI+PGlkIGRzdD0iYWZpcC1nb2JjYmEiIGV4cF90aW1lPSIxNTUyMzM1MjY1IiBnZW5fdGltZT0iMTU1MjMzNDk2NSIgc3JjPSJjbj1BdXRoc2VydmVyLCBvdT1ERVNFSU4sIG89QUZJUCwgYz1BUiIgdW5pcXVlX2lkPSIzMDUyOTc5MzUyIi8+PG9wZXJhdGlvbiB0eXBlPSJsb2dpbiIgdmFsdWU9ImdyYW50ZWQiPjxsb2dpbiBhdXRobWV0aG9kPSJwYXNzcGhyYXNlIiBlbnRpdHk9IjMzNjkzNDUwMjM5IiByZWdtZXRob2Q9IjMiIHNlcnZpY2U9ImFmaXAtZ29iY2JhIiB1aWQ9IjIwMjgyNTE2MTI5Ij48cmVsYXRpb25zPjxyZWxhdGlvbiBrZXk9IjIwMjU5MDI4Mzk3IiByZWx0eXBlPSIxMiIvPjxyZWxhdGlvbiBrZXk9IjIwMjgyNTE2MTI5IiByZWx0eXBlPSIxMiIvPjxyZWxhdGlvbiBrZXk9IjI3MjY0ODUzNDY1IiByZWx0eXBlPSIxMiIvPjwvcmVsYXRpb25zPjwvbG9naW4+PC9vcGVyYXRpb24+PC9zc28+</message>
  <nestedLevel>1</nestedLevel>
</record>
<record>
  <date>2019-08-28T17:02:05</date>
  <millis>1567022525643</millis>
  <sequence>9</sequence>
  <level>INFO</level>
  <class>com.kms.katalon.core.logging.XmlKeywordLogger</class>
  <method>logMessage</method>
  <thread>1</thread>
  <message>(Default) t_sign = PIFVSC4Fo5BYX3jIDKNLeeZpifOqt4P0G6bzqLGGUmAZ8RkyRwoBD7DqHOAyModmpAd+KUIL6syQY2M6Nq31vBHceunOqf2xFu2zms5gArk9CHQas8IZZinDRzju++Qj5iDQSxZrhZf1wL8Usonj+zLzZDCc5JsVS6IKMybVU8Y=</message>
  <nestedLevel>1</nestedLevel>
</record>
<record>
  <date>2019-08-28T17:02:05</date>
  <millis>1567022525644</millis>
  <sequence>10</sequence>
  <level>INFO</level>
  <class>com.kms.katalon.core.logging.XmlKeywordLogger</class>
  <method>logMessage</method>
  <thread>1</thread>
  <message>t_idPlan = 8974657374</message>
  <nestedLevel>1</nestedLevel>
</record>
<record>
  <date>2019-08-28T17:02:06</date>
  <millis>1567022526207</millis>
  <sequence>11</sequence>
  <level>START</level>
  <class>com.kms.katalon.core.logging.XmlKeywordLogger</class>
  <method>startKeyword</method>
  <thread>1</thread>
  <message>Start action : g_cuit = t_cuit</message>
  <nestedLevel>1</nestedLevel>
  <property name="startLine">17</property>
  <property name="stepIndex">1</property>
</record>
<record>
  <date>2019-08-28T17:02:06</date>
  <millis>1567022526558</millis>
  <sequence>12</sequence>
  <level>END</level>
  <class>com.kms.katalon.core.logging.XmlKeywordLogger</class>
  <method>endKeyword</method>
  <thread>1</thread>
  <message>End action : g_cuit = t_cuit</message>
  <nestedLevel>1</nestedLevel>
</record>
<record>
  <date>2019-08-28T17:02:06</date>
  <millis>1567022526558</millis>
  <sequence>13</sequence>
  <level>START</level>
  <class>com.kms.katalon.core.logging.XmlKeywordLogger</class>
  <method>startKeyword</method>
  <thread>1</thread>
  <message>Start action : g_idPlan = t_idPlan</message>
  <nestedLevel>1</nestedLevel>
  <property name="startLine">18</property>
  <property name="stepIndex">2</property>
</record>
<record>
  <date>2019-08-28T17:02:06</date>
  <millis>1567022526560</millis>
  <sequence>14</sequence>
  <level>END</level>
  <class>com.kms.katalon.core.logging.XmlKeywordLogger</class>
  <method>endKeyword</method>
  <thread>1</thread>
  <message>End action : g_idPlan = t_idPlan</message>
  <nestedLevel>1</nestedLevel>
</record>
<record>
  <date>2019-08-28T17:02:06</date>
  <millis>1567022526562</millis>
  <sequence>15</sequence>
  <level>START</level>
  <class>com.kms.katalon.core.logging.XmlKeywordLogger</class>
  <method>startKeyword</method>
  <thread>1</thread>
  <message>Start action : callTestCase(findTestCase(\&amp;quot;oauth-server/login obo ok\&amp;quot;), [\&amp;quot;t_servidor\&amp;quot;:g_servidor_oauth, \&amp;quot;t_http_username\&amp;quot;:\&amp;quot;klk-client\&amp;quot;, \&amp;quot;t_http_password\&amp;quot;:\&amp;quot;klk-secret\&amp;quot;, \&amp;quot;t_username\&amp;quot;:\&amp;quot;rentas-ie-admin\&amp;quot;, ... ], STOP_ON_FAILURE)</message>
  <nestedLevel>1</nestedLevel>
  <property name="startLine">20</property>
  <property name="stepIndex">3</property>
</record>
<record>
  <date>2019-08-28T17:02:06</date>
  <millis>1567022526775</millis>
  <sequence>18</sequence>
  <level>START</level>
  <class>com.kms.katalon.core.logging.XmlKeywordLogger</class>
  <method>startTest</method>
  <thread>1</thread>
  <message>Start Test Case : Test Cases/oauth-server/login obo ok</message>
  <nestedLevel>2</nestedLevel>
  <property name="name">Test Cases/oauth-server/login obo ok</property>
  <property name="description"></property>
  <property name="id">Test Cases/oauth-server/login obo ok</property>
  <property name="source">C:\\Users\\maria\\Desktop\\kolektor\\Testing\\Katalon\\CRM-TEST\\Test Cases\\oauth-server\\login obo ok.tc</property>
  <property name="tag"></property>
  <property name="isOptional">false</property>
</record>
<record>
  <date>2019-08-28T17:02:06</date>
  <millis>1567022526791</millis>
  <sequence>20</sequence>
  <level>INFO</level>
  <class>com.kms.katalon.core.logging.XmlKeywordLogger</class>
  <method>logMessage</method>
  <thread>1</thread>
  <message>t_servidor = https://apppreprod.rentascordoba.gob.ar</message>
  <nestedLevel>2</nestedLevel>
</record>
<record>
  <date>2019-08-28T17:02:06</date>
  <millis>1567022526792</millis>
  <sequence>21</sequence>
  <level>INFO</level>
  <class>com.kms.katalon.core.logging.XmlKeywordLogger</class>
  <method>logMessage</method>
  <thread>1</thread>
  <message>t_http_username = klk-client</message>
  <nestedLevel>2</nestedLevel>
</record>
<record>
  <date>2019-08-28T17:02:06</date>
  <millis>1567022526793</millis>
  <sequence>22</sequence>
  <level>INFO</level>
  <class>com.kms.katalon.core.logging.XmlKeywordLogger</class>
  <method>logMessage</method>
  <thread>1</thread>
  <message>t_http_password = klk-secret</message>
  <nestedLevel>2</nestedLevel>
</record>
<record>
  <date>2019-08-28T17:02:06</date>
  <millis>1567022526795</millis>
  <sequence>23</sequence>
  <level>INFO</level>
  <class>com.kms.katalon.core.logging.XmlKeywordLogger</class>
  <method>logMessage</method>
  <thread>1</thread>
  <message>t_username = rentas-ie-admin</message>
  <nestedLevel>2</nestedLevel>
</record>
<record>
  <date>2019-08-28T17:02:06</date>
  <millis>1567022526796</millis>
  <sequence>24</sequence>
  <level>INFO</level>
  <class>com.kms.katalon.core.logging.XmlKeywordLogger</class>
  <method>logMessage</method>
  <thread>1</thread>
  <message>t_password = rentasie2812</message>
  <nestedLevel>2</nestedLevel>
</record>
<record>
  <date>2019-08-28T17:02:06</date>
  <millis>1567022526797</millis>
  <sequence>25</sequence>
  <level>INFO</level>
  <class>com.kms.katalon.core.logging.XmlKeywordLogger</class>
  <method>logMessage</method>
  <thread>1</thread>
  <message>t_onbehalfof = 21456789119</message>
  <nestedLevel>2</nestedLevel>
</record>
<record>
  <date>2019-08-28T17:02:07</date>
  <millis>1567022527154</millis>
  <sequence>26</sequence>
  <level>START</level>
  <class>com.kms.katalon.core.logging.XmlKeywordLogger</class>
  <method>startKeyword</method>
  <thread>1</thread>
  <message>Start action : response = sendRequest(findTestObject(\&amp;quot;oauth-server/login on behalf of\&amp;quot;, [\&amp;quot;r_servidor\&amp;quot;:g_servidor_oauth, \&amp;quot;r_http_username\&amp;quot;:\&amp;quot;klk-client\&amp;quot;, \&amp;quot;r_http_password\&amp;quot;:\&amp;quot;klk-secret\&amp;quot;, \&amp;quot;r_username\&amp;quot;:t_username, \&amp;quot;r_password\&amp;quot;:t_password, ... ]))</message>
  <nestedLevel>1</nestedLevel>
  <property name="startLine">17</property>
  <property name="stepIndex">1</property>
</record>
<record>
  <date>2019-08-28T17:02:09</date>
  <millis>1567022529117</millis>
  <sequence>29</sequence>
  <level>INFO</level>
  <class>com.kms.katalon.core.logging.XmlKeywordLogger</class>
  <method>logMessage</method>
  <thread>1</thread>
  <message>HAR: C:\\Users\\maria\\Desktop\\kolektor\\Testing\\Katalon\\CRM-TEST\\Reports\\TSPlanDePago\\TSPlanDePago\\20190828_170201\\requests\\main\\0.har</message>
  <nestedLevel>2</nestedLevel>
  <property name="harId">82136c6d-3831-45eb-b172-259cc21b72b5</property>
</record>
<record>
  <date>2019-08-28T17:02:09</date>
  <millis>1567022529273</millis>
  <sequence>30</sequence>
  <level>PASSED</level>
  <class>com.kms.katalon.core.logging.XmlKeywordLogger</class>
  <method>logMessage</method>
  <thread>1</thread>
  <message>Send request successfully</message>
  <nestedLevel>2</nestedLevel>
</record>
<record>
  <date>2019-08-28T17:02:09</date>
  <millis>1567022529274</millis>
  <sequence>31</sequence>
  <level>END</level>
  <class>com.kms.katalon.core.logging.XmlKeywordLogger</class>
  <method>endKeyword</method>
  <thread>1</thread>
  <message>End action : response = sendRequest(findTestObject(\&amp;quot;oauth-server/login on behalf of\&amp;quot;, [\&amp;quot;r_servidor\&amp;quot;:g_servidor_oauth, \&amp;quot;r_http_username\&amp;quot;:\&amp;quot;klk-client\&amp;quot;, \&amp;quot;r_http_password\&amp;quot;:\&amp;quot;klk-secret\&amp;quot;, \&amp;quot;r_username\&amp;quot;:t_username, \&amp;quot;r_password\&amp;quot;:t_password, ... ]))</message>
  <nestedLevel>1</nestedLevel>
</record>
<record>
  <date>2019-08-28T17:02:09</date>
  <millis>1567022529282</millis>
  <sequence>32</sequence>
  <level>START</level>
  <class>com.kms.katalon.core.logging.XmlKeywordLogger</class>
  <method>startKeyword</method>
  <thread>1</thread>
  <message>Start action : verifyResponseStatusCode(response, 200)</message>
  <nestedLevel>1</nestedLevel>
  <property name="startLine">21</property>
  <property name="stepIndex">2</property>
</record>
<record>
  <date>2019-08-28T17:02:09</date>
  <millis>1567022529302</millis>
  <sequence>34</sequence>
  <level>PASSED</level>
  <class>com.kms.katalon.core.logging.XmlKeywordLogger</class>
  <method>logMessage</method>
  <thread>1</thread>
  <message>Verify response status code successfully</message>
  <nestedLevel>2</nestedLevel>
</record>
<record>
  <date>2019-08-28T17:02:09</date>
  <millis>1567022529304</millis>
  <sequence>35</sequence>
  <level>END</level>
  <class>com.kms.katalon.core.logging.XmlKeywordLogger</class>
  <method>endKeyword</method>
  <thread>1</thread>
  <message>End action : verifyResponseStatusCode(response, 200)</message>
  <nestedLevel>1</nestedLevel>
</record>
<record>
  <date>2019-08-28T17:02:09</date>
  <millis>1567022529304</millis>
  <sequence>36</sequence>
  <level>START</level>
  <class>com.kms.katalon.core.logging.XmlKeywordLogger</class>
  <method>startKeyword</method>
  <thread>1</thread>
  <message>Start action : callTestCase(findTestCase(\&amp;quot;oauth-server/validar login\&amp;quot;), [\&amp;quot;t_response\&amp;quot;:response], STOP_ON_FAILURE)</message>
  <nestedLevel>1</nestedLevel>
  <property name="startLine">23</property>
  <property name="stepIndex">3</property>
</record>
<record>
  <date>2019-08-28T17:02:09</date>
  <millis>1567022529380</millis>
  <sequence>39</sequence>
  <level>START</level>
  <class>com.kms.katalon.core.logging.XmlKeywordLogger</class>
  <method>startTest</method>
  <thread>1</thread>
  <message>Start Test Case : Test Cases/oauth-server/validar login</message>
  <nestedLevel>3</nestedLevel>
  <property name="name">Test Cases/oauth-server/validar login</property>
  <property name="description"></property>
  <property name="id">Test Cases/oauth-server/validar login</property>
  <property name="source">C:\\Users\\maria\\Desktop\\kolektor\\Testing\\Katalon\\CRM-TEST\\Test Cases\\oauth-server\\validar login.tc</property>
  <property name="tag"></property>
  <property name="isOptional">false</property>
</record>
<record>
  <date>2019-08-28T17:02:09</date>
  <millis>1567022529425</millis>
  <sequence>41</sequence>
  <level>INFO</level>
  <class>com.kms.katalon.core.logging.XmlKeywordLogger</class>
  <method>logMessage</method>
  <thread>1</thread>
  <message>t_response = 200 1009 bytes</message>
  <nestedLevel>3</nestedLevel>
</record>
<record>
  <date>2019-08-28T17:02:09</date>
  <millis>1567022529705</millis>
  <sequence>42</sequence>
  <level>START</level>
  <class>com.kms.katalon.core.logging.XmlKeywordLogger</class>
  <method>startKeyword</method>
  <thread>1</thread>
  <message>Start action : slurper = new groovy.json.JsonSlurper()</message>
  <nestedLevel>1</nestedLevel>
  <property name="startLine">19</property>
  <property name="stepIndex">1</property>
</record>
<record>
  <date>2019-08-28T17:02:09</date>
  <millis>1567022529715</millis>
  <sequence>43</sequence>
  <level>END</level>
  <class>com.kms.katalon.core.logging.XmlKeywordLogger</class>
  <method>endKeyword</method>
  <thread>1</thread>
  <message>End action : slurper = new groovy.json.JsonSlurper()</message>
  <nestedLevel>1</nestedLevel>
</record>
<record>
  <date>2019-08-28T17:02:09</date>
  <millis>1567022529715</millis>
  <sequence>44</sequence>
  <level>START</level>
  <class>com.kms.katalon.core.logging.XmlKeywordLogger</class>
  <method>startKeyword</method>
  <thread>1</thread>
  <message>Start action : parsedJson = slurper.parseText(responseBodyContent)</message>
  <nestedLevel>1</nestedLevel>
  <property name="startLine">21</property>
  <property name="stepIndex">2</property>
</record>
<record>
  <date>2019-08-28T17:02:09</date>
  <millis>1567022529740</millis>
  <sequence>45</sequence>
  <level>END</level>
  <class>com.kms.katalon.core.logging.XmlKeywordLogger</class>
  <method>endKeyword</method>
  <thread>1</thread>
  <message>End action : parsedJson = slurper.parseText(responseBodyContent)</message>
  <nestedLevel>1</nestedLevel>
</record>
<record>
  <date>2019-08-28T17:02:09</date>
  <millis>1567022529741</millis>
  <sequence>46</sequence>
  <level>START</level>
  <class>com.kms.katalon.core.logging.XmlKeywordLogger</class>
  <method>startKeyword</method>
  <thread>1</thread>
  <message>Start action : t_access_token = parsedJson.get(\&amp;quot;access_token\&amp;quot;)</message>
  <nestedLevel>1</nestedLevel>
  <property name="startLine">23</property>
  <property name="stepIndex">3</property>
</record>
<record>
  <date>2019-08-28T17:02:09</date>
  <millis>1567022529749</millis>
  <sequence>47</sequence>
  <level>END</level>
  <class>com.kms.katalon.core.logging.XmlKeywordLogger</class>
  <method>endKeyword</method>
  <thread>1</thread>
  <message>End action : t_access_token = parsedJson.get(\&amp;quot;access_token\&amp;quot;)</message>
  <nestedLevel>1</nestedLevel>
</record>
<record>
  <date>2019-08-28T17:02:09</date>
  <millis>1567022529750</millis>
  <sequence>48</sequence>
  <level>START</level>
  <class>com.kms.katalon.core.logging.XmlKeywordLogger</class>
  <method>startKeyword</method>
  <thread>1</thread>
  <message>Start action : if (t_access_token == null)</message>
  <nestedLevel>1</nestedLevel>
  <property name="startLine">25</property>
  <property name="stepIndex">4</property>
</record>
<record>
  <date>2019-08-28T17:02:09</date>
  <millis>1567022529751</millis>
  <sequence>49</sequence>
  <level>END</level>
  <class>com.kms.katalon.core.logging.XmlKeywordLogger</class>
  <method>endKeyword</method>
  <thread>1</thread>
  <message>End action : if (t_access_token == null)</message>
  <nestedLevel>1</nestedLevel>
</record>
<record>
  <date>2019-08-28T17:02:09</date>
  <millis>1567022529751</millis>
  <sequence>50</sequence>
  <level>START</level>
  <class>com.kms.katalon.core.logging.XmlKeywordLogger</class>
  <method>startKeyword</method>
  <thread>1</thread>
  <message>Start action : g_access_token = t_access_token</message>
  <nestedLevel>1</nestedLevel>
  <property name="startLine">29</property>
  <property name="stepIndex">5</property>
</record>
<record>
  <date>2019-08-28T17:02:09</date>
  <millis>1567022529753</millis>
  <sequence>51</sequence>
  <level>END</level>
  <class>com.kms.katalon.core.logging.XmlKeywordLogger</class>
  <method>endKeyword</method>
  <thread>1</thread>
  <message>End action : g_access_token = t_access_token</message>
  <nestedLevel>1</nestedLevel>
</record>
<record>
  <date>2019-08-28T17:02:09</date>
  <millis>1567022529753</millis>
  <sequence>52</sequence>
  <level>START</level>
  <class>com.kms.katalon.core.logging.XmlKeywordLogger</class>
  <method>startKeyword</method>
  <thread>1</thread>
  <message>Start action : log = new com.kms.katalon.core.logging.KeywordLogger()</message>
  <nestedLevel>1</nestedLevel>
  <property name="startLine">30</property>
  <property name="stepIndex">6</property>
</record>
<record>
  <date>2019-08-28T17:02:09</date>
  <millis>1567022529754</millis>
  <sequence>53</sequence>
  <level>END</level>
  <class>com.kms.katalon.core.logging.XmlKeywordLogger</class>
  <method>endKeyword</method>
  <thread>1</thread>
  <message>End action : log = new com.kms.katalon.core.logging.KeywordLogger()</message>
  <nestedLevel>1</nestedLevel>
</record>
<record>
  <date>2019-08-28T17:02:09</date>
  <millis>1567022529754</millis>
  <sequence>54</sequence>
  <level>START</level>
  <class>com.kms.katalon.core.logging.XmlKeywordLogger</class>
  <method>startKeyword</method>
  <thread>1</thread>
  <message>Start action : log.logInfo(\&amp;quot;token global ------------&amp;gt; : \&amp;quot; + g_access_token)</message>
  <nestedLevel>1</nestedLevel>
  <property name="startLine">31</property>
  <property name="stepIndex">7</property>
</record>
<record>
  <date>2019-08-28T17:02:09</date>
  <millis>1567022529756</millis>
  <sequence>55</sequence>
  <level>INFO</level>
  <class>com.kms.katalon.core.logging.XmlKeywordLogger</class>
  <method>logMessage</method>
  <thread>1</thread>
  <message>token global ------------&amp;gt; : 1cb3b313-79fb-4f1a-a481-b0a2af638899</message>
  <nestedLevel>3</nestedLevel>
</record>
<record>
  <date>2019-08-28T17:02:09</date>
  <millis>1567022529756</millis>
  <sequence>56</sequence>
  <level>END</level>
  <class>com.kms.katalon.core.logging.XmlKeywordLogger</class>
  <method>endKeyword</method>
  <thread>1</thread>
  <message>End action : log.logInfo(\&amp;quot;token global ------------&amp;gt; : \&amp;quot; + g_access_token)</message>
  <nestedLevel>1</nestedLevel>
</record>
<record>
  <date>2019-08-28T17:02:09</date>
  <millis>1567022529757</millis>
  <sequence>57</sequence>
  <level>PASSED</level>
  <class>com.kms.katalon.core.logging.XmlKeywordLogger</class>
  <method>logMessage</method>
  <thread>1</thread>
  <message>Test Cases/oauth-server/validar login</message>
  <nestedLevel>3</nestedLevel>
</record>
<record>
  <date>2019-08-28T17:02:09</date>
  <millis>1567022529757</millis>
  <sequence>58</sequence>
  <level>END</level>
  <class>com.kms.katalon.core.logging.XmlKeywordLogger</class>
  <method>endTest</method>
  <thread>1</thread>
  <message>End Test Case : Test Cases/oauth-server/validar login</message>
  <nestedLevel>2</nestedLevel>
</record>
<record>
  <date>2019-08-28T17:02:09</date>
  <millis>1567022529765</millis>
  <sequence>59</sequence>
  <level>PASSED</level>
  <class>com.kms.katalon.core.logging.XmlKeywordLogger</class>
  <method>logMessage</method>
  <thread>1</thread>
  <message>Call Test Case &amp;apos;Test Cases/oauth-server/validar login&amp;apos; successfully</message>
  <nestedLevel>2</nestedLevel>
</record>
<record>
  <date>2019-08-28T17:02:09</date>
  <millis>1567022529766</millis>
  <sequence>60</sequence>
  <level>END</level>
  <class>com.kms.katalon.core.logging.XmlKeywordLogger</class>
  <method>endKeyword</method>
  <thread>1</thread>
  <message>End action : callTestCase(findTestCase(\&amp;quot;oauth-server/validar login\&amp;quot;), [\&amp;quot;t_response\&amp;quot;:response], STOP_ON_FAILURE)</message>
  <nestedLevel>1</nestedLevel>
</record>
<record>
  <date>2019-08-28T17:02:09</date>
  <millis>1567022529766</millis>
  <sequence>61</sequence>
  <level>START</level>
  <class>com.kms.katalon.core.logging.XmlKeywordLogger</class>
  <method>startKeyword</method>
  <thread>1</thread>
  <message>Start action : response = sendRequest(findTestObject(\&amp;quot;oauth-server/user\&amp;quot;, [\&amp;quot;r_servidor\&amp;quot;:g_servidor_oauth, \&amp;quot;r_token\&amp;quot;:g_access_token]))</message>
  <nestedLevel>1</nestedLevel>
  <property name="startLine">25</property>
  <property name="stepIndex">4</property>
</record>
<record>
  <date>2019-08-28T17:02:09</date>
  <millis>1567022529926</millis>
  <sequence>64</sequence>
  <level>INFO</level>
  <class>com.kms.katalon.core.logging.XmlKeywordLogger</class>
  <method>logMessage</method>
  <thread>1</thread>
  <message>HAR: C:\\Users\\maria\\Desktop\\kolektor\\Testing\\Katalon\\CRM-TEST\\Reports\\TSPlanDePago\\TSPlanDePago\\20190828_170201\\requests\\main\\1.har</message>
  <nestedLevel>2</nestedLevel>
  <property name="harId">c661cb06-6da8-42f2-ac59-db71e05f1464</property>
</record>
<record>
  <date>2019-08-28T17:02:09</date>
  <millis>1567022529941</millis>
  <sequence>65</sequence>
  <level>PASSED</level>
  <class>com.kms.katalon.core.logging.XmlKeywordLogger</class>
  <method>logMessage</method>
  <thread>1</thread>
  <message>Send request successfully</message>
  <nestedLevel>2</nestedLevel>
</record>
<record>
  <date>2019-08-28T17:02:09</date>
  <millis>1567022529942</millis>
  <sequence>66</sequence>
  <level>END</level>
  <class>com.kms.katalon.core.logging.XmlKeywordLogger</class>
  <method>endKeyword</method>
  <thread>1</thread>
  <message>End action : response = sendRequest(findTestObject(\&amp;quot;oauth-server/user\&amp;quot;, [\&amp;quot;r_servidor\&amp;quot;:g_servidor_oauth, \&amp;quot;r_token\&amp;quot;:g_access_token]))</message>
  <nestedLevel>1</nestedLevel>
</record>
<record>
  <date>2019-08-28T17:02:09</date>
  <millis>1567022529942</millis>
  <sequence>67</sequence>
  <level>START</level>
  <class>com.kms.katalon.core.logging.XmlKeywordLogger</class>
  <method>startKeyword</method>
  <thread>1</thread>
  <message>Start action : verifyResponseStatusCode(response, 200)</message>
  <nestedLevel>1</nestedLevel>
  <property name="startLine">27</property>
  <property name="stepIndex">5</property>
</record>
<record>
  <date>2019-08-28T17:02:09</date>
  <millis>1567022529950</millis>
  <sequence>69</sequence>
  <level>PASSED</level>
  <class>com.kms.katalon.core.logging.XmlKeywordLogger</class>
  <method>logMessage</method>
  <thread>1</thread>
  <message>Verify response status code successfully</message>
  <nestedLevel>2</nestedLevel>
</record>
<record>
  <date>2019-08-28T17:02:09</date>
  <millis>1567022529950</millis>
  <sequence>70</sequence>
  <level>END</level>
  <class>com.kms.katalon.core.logging.XmlKeywordLogger</class>
  <method>endKeyword</method>
  <thread>1</thread>
  <message>End action : verifyResponseStatusCode(response, 200)</message>
  <nestedLevel>1</nestedLevel>
</record>
<record>
  <date>2019-08-28T17:02:09</date>
  <millis>1567022529951</millis>
  <sequence>71</sequence>
  <level>PASSED</level>
  <class>com.kms.katalon.core.logging.XmlKeywordLogger</class>
  <method>logMessage</method>
  <thread>1</thread>
  <message>Test Cases/oauth-server/login obo ok</message>
  <nestedLevel>2</nestedLevel>
</record>
<record>
  <date>2019-08-28T17:02:09</date>
  <millis>1567022529952</millis>
  <sequence>72</sequence>
  <level>END</level>
  <class>com.kms.katalon.core.logging.XmlKeywordLogger</class>
  <method>endTest</method>
  <thread>1</thread>
  <message>End Test Case : Test Cases/oauth-server/login obo ok</message>
  <nestedLevel>1</nestedLevel>
</record>
<record>
  <date>2019-08-28T17:02:09</date>
  <millis>1567022529953</millis>
  <sequence>73</sequence>
  <level>PASSED</level>
  <class>com.kms.katalon.core.logging.XmlKeywordLogger</class>
  <method>logMessage</method>
  <thread>1</thread>
  <message>Call Test Case &amp;apos;Test Cases/oauth-server/login obo ok&amp;apos; successfully</message>
  <nestedLevel>1</nestedLevel>
</record>
<record>
  <date>2019-08-28T17:02:09</date>
  <millis>1567022529954</millis>
  <sequence>74</sequence>
  <level>END</level>
  <class>com.kms.katalon.core.logging.XmlKeywordLogger</class>
  <method>endKeyword</method>
  <thread>1</thread>
  <message>End action : callTestCase(findTestCase(\&amp;quot;oauth-server/login obo ok\&amp;quot;), [\&amp;quot;t_servidor\&amp;quot;:g_servidor_oauth, \&amp;quot;t_http_username\&amp;quot;:\&amp;quot;klk-client\&amp;quot;, \&amp;quot;t_http_password\&amp;quot;:\&amp;quot;klk-secret\&amp;quot;, \&amp;quot;t_username\&amp;quot;:\&amp;quot;rentas-ie-admin\&amp;quot;, ... ], STOP_ON_FAILURE)</message>
  <nestedLevel>1</nestedLevel>
</record>
<record>
  <date>2019-08-28T17:02:09</date>
  <millis>1567022529955</millis>
  <sequence>75</sequence>
  <level>START</level>
  <class>com.kms.katalon.core.logging.XmlKeywordLogger</class>
  <method>startKeyword</method>
  <thread>1</thread>
  <message>Start action : response = sendRequest(findTestObject(\&amp;quot;WSPlanDePago/c2 plan de pago\&amp;quot;, [\&amp;quot;r_access_token\&amp;quot;:g_access_token, \&amp;quot;r_cuit\&amp;quot;:g_cuit, \&amp;quot;r_idPlan\&amp;quot;:g_idPlan]))</message>
  <nestedLevel>1</nestedLevel>
  <property name="startLine">24</property>
  <property name="stepIndex">4</property>
</record>
<record>
  <date>2019-08-28T17:02:10</date>
  <millis>1567022530441</millis>
  <sequence>78</sequence>
  <level>INFO</level>
  <class>com.kms.katalon.core.logging.XmlKeywordLogger</class>
  <method>logMessage</method>
  <thread>1</thread>
  <message>HAR: C:\\Users\\maria\\Desktop\\kolektor\\Testing\\Katalon\\CRM-TEST\\Reports\\TSPlanDePago\\TSPlanDePago\\20190828_170201\\requests\\main\\2.har</message>
  <nestedLevel>1</nestedLevel>
  <property name="harId">0ba6ebb3-761f-47a2-8031-2b6a303703f0</property>
</record>
<record>
  <date>2019-08-28T17:02:10</date>
  <millis>1567022530449</millis>
  <sequence>79</sequence>
  <level>PASSED</level>
  <class>com.kms.katalon.core.logging.XmlKeywordLogger</class>
  <method>logMessage</method>
  <thread>1</thread>
  <message>Send request successfully</message>
  <nestedLevel>1</nestedLevel>
</record>
<record>
  <date>2019-08-28T17:02:10</date>
  <millis>1567022530450</millis>
  <sequence>80</sequence>
  <level>END</level>
  <class>com.kms.katalon.core.logging.XmlKeywordLogger</class>
  <method>endKeyword</method>
  <thread>1</thread>
  <message>End action : response = sendRequest(findTestObject(\&amp;quot;WSPlanDePago/c2 plan de pago\&amp;quot;, [\&amp;quot;r_access_token\&amp;quot;:g_access_token, \&amp;quot;r_cuit\&amp;quot;:g_cuit, \&amp;quot;r_idPlan\&amp;quot;:g_idPlan]))</message>
  <nestedLevel>1</nestedLevel>
</record>
<record>
  <date>2019-08-28T17:02:10</date>
  <millis>1567022530450</millis>
  <sequence>81</sequence>
  <level>START</level>
  <class>com.kms.katalon.core.logging.XmlKeywordLogger</class>
  <method>startKeyword</method>
  <thread>1</thread>
  <message>Start action : verifyResponseStatusCode(response, 200)</message>
  <nestedLevel>1</nestedLevel>
  <property name="startLine">27</property>
  <property name="stepIndex">5</property>
</record>
<record>
  <date>2019-08-28T17:02:10</date>
  <millis>1567022530452</millis>
  <sequence>83</sequence>
  <level>PASSED</level>
  <class>com.kms.katalon.core.logging.XmlKeywordLogger</class>
  <method>logMessage</method>
  <thread>1</thread>
  <message>Verify response status code successfully</message>
  <nestedLevel>1</nestedLevel>
</record>
<record>
  <date>2019-08-28T17:02:10</date>
  <millis>1567022530452</millis>
  <sequence>84</sequence>
  <level>END</level>
  <class>com.kms.katalon.core.logging.XmlKeywordLogger</class>
  <method>endKeyword</method>
  <thread>1</thread>
  <message>End action : verifyResponseStatusCode(response, 200)</message>
  <nestedLevel>1</nestedLevel>
</record>
<record>
  <date>2019-08-28T17:02:10</date>
  <millis>1567022530453</millis>
  <sequence>85</sequence>
  <level>START</level>
  <class>com.kms.katalon.core.logging.XmlKeywordLogger</class>
  <method>startKeyword</method>
  <thread>1</thread>
  <message>Start action : callTestCase(findTestCase(\&amp;quot;WSPlanDePago/validar response plan de pago\&amp;quot;), [\&amp;quot;t_response\&amp;quot;:response, \&amp;quot;t_cuit\&amp;quot;:g_cuit, \&amp;quot;t_idPlan\&amp;quot;:g_idPlan], STOP_ON_FAILURE)</message>
  <nestedLevel>1</nestedLevel>
  <property name="startLine">29</property>
  <property name="stepIndex">6</property>
</record>
<record>
  <date>2019-08-28T17:02:10</date>
  <millis>1567022530513</millis>
  <sequence>88</sequence>
  <level>START</level>
  <class>com.kms.katalon.core.logging.XmlKeywordLogger</class>
  <method>startTest</method>
  <thread>1</thread>
  <message>Start Test Case : Test Cases/WSPlanDePago/validar response plan de pago</message>
  <nestedLevel>2</nestedLevel>
  <property name="name">Test Cases/WSPlanDePago/validar response plan de pago</property>
  <property name="description"></property>
  <property name="id">Test Cases/WSPlanDePago/validar response plan de pago</property>
  <property name="source">C:\\Users\\maria\\Desktop\\kolektor\\Testing\\Katalon\\CRM-TEST\\Test Cases\\WSPlanDePago\\validar response plan de pago.tc</property>
  <property name="tag"></property>
  <property name="isOptional">false</property>
</record>
<record>
  <date>2019-08-28T17:02:10</date>
  <millis>1567022530532</millis>
  <sequence>90</sequence>
  <level>INFO</level>
  <class>com.kms.katalon.core.logging.XmlKeywordLogger</class>
  <method>logMessage</method>
  <thread>1</thread>
  <message>t_response = 200 1 KB</message>
  <nestedLevel>2</nestedLevel>
</record>
<record>
  <date>2019-08-28T17:02:10</date>
  <millis>1567022530533</millis>
  <sequence>91</sequence>
  <level>INFO</level>
  <class>com.kms.katalon.core.logging.XmlKeywordLogger</class>
  <method>logMessage</method>
  <thread>1</thread>
  <message>t_cuit = 21456789119</message>
  <nestedLevel>2</nestedLevel>
</record>
<record>
  <date>2019-08-28T17:02:10</date>
  <millis>1567022530533</millis>
  <sequence>92</sequence>
  <level>INFO</level>
  <class>com.kms.katalon.core.logging.XmlKeywordLogger</class>
  <method>logMessage</method>
  <thread>1</thread>
  <message>t_idPlan = 8974657374</message>
  <nestedLevel>2</nestedLevel>
</record>
<record>
  <date>2019-08-28T17:02:10</date>
  <millis>1567022530920</millis>
  <sequence>93</sequence>
  <level>START</level>
  <class>com.kms.katalon.core.logging.XmlKeywordLogger</class>
  <method>startKeyword</method>
  <thread>1</thread>
  <message>Start action : slurper = new groovy.json.JsonSlurper()</message>
  <nestedLevel>1</nestedLevel>
  <property name="startLine">17</property>
  <property name="stepIndex">1</property>
</record>
<record>
  <date>2019-08-28T17:02:10</date>
  <millis>1567022530939</millis>
  <sequence>94</sequence>
  <level>END</level>
  <class>com.kms.katalon.core.logging.XmlKeywordLogger</class>
  <method>endKeyword</method>
  <thread>1</thread>
  <message>End action : slurper = new groovy.json.JsonSlurper()</message>
  <nestedLevel>1</nestedLevel>
</record>
<record>
  <date>2019-08-28T17:02:10</date>
  <millis>1567022530940</millis>
  <sequence>95</sequence>
  <level>START</level>
  <class>com.kms.katalon.core.logging.XmlKeywordLogger</class>
  <method>startKeyword</method>
  <thread>1</thread>
  <message>Start action : println(responseBodyContent)</message>
  <nestedLevel>1</nestedLevel>
  <property name="startLine">19</property>
  <property name="stepIndex">2</property>
</record>
<record>
  <date>2019-08-28T17:02:10</date>
  <millis>1567022530950</millis>
  <sequence>96</sequence>
  <level>END</level>
  <class>com.kms.katalon.core.logging.XmlKeywordLogger</class>
  <method>endKeyword</method>
  <thread>1</thread>
  <message>End action : println(responseBodyContent)</message>
  <nestedLevel>1</nestedLevel>
</record>
<record>
  <date>2019-08-28T17:02:10</date>
  <millis>1567022530951</millis>
  <sequence>97</sequence>
  <level>START</level>
  <class>com.kms.katalon.core.logging.XmlKeywordLogger</class>
  <method>startKeyword</method>
  <thread>1</thread>
  <message>Start action : parsedJson = slurper.parseText(responseBodyContent)</message>
  <nestedLevel>1</nestedLevel>
  <property name="startLine">21</property>
  <property name="stepIndex">3</property>
</record>
<record>
  <date>2019-08-28T17:02:10</date>
  <millis>1567022530955</millis>
  <sequence>98</sequence>
  <level>END</level>
  <class>com.kms.katalon.core.logging.XmlKeywordLogger</class>
  <method>endKeyword</method>
  <thread>1</thread>
  <message>End action : parsedJson = slurper.parseText(responseBodyContent)</message>
  <nestedLevel>1</nestedLevel>
</record>
<record>
  <date>2019-08-28T17:02:10</date>
  <millis>1567022530956</millis>
  <sequence>99</sequence>
  <level>START</level>
  <class>com.kms.katalon.core.logging.XmlKeywordLogger</class>
  <method>startKeyword</method>
  <thread>1</thread>
  <message>Start action : if (data != null &amp;amp;&amp;amp; lstPlanSimulado != null)</message>
  <nestedLevel>1</nestedLevel>
  <property name="startLine">24</property>
  <property name="stepIndex">4</property>
  <property name="description">si retorno datos</property>
</record>
<record>
  <date>2019-08-28T17:02:10</date>
  <millis>1567022530957</millis>
  <sequence>100</sequence>
  <level>START</level>
  <class>com.kms.katalon.core.logging.XmlKeywordLogger</class>
  <method>startKeyword</method>
  <thread>1</thread>
  <message>Start action : array1 = idEstado</message>
  <nestedLevel>2</nestedLevel>
  <property name="startLine">25</property>
  <property name="stepIndex">1</property>
</record>
<record>
  <date>2019-08-28T17:02:10</date>
  <millis>1567022530958</millis>
  <sequence>101</sequence>
  <level>END</level>
  <class>com.kms.katalon.core.logging.XmlKeywordLogger</class>
  <method>endKeyword</method>
  <thread>1</thread>
  <message>End action : array1 = idEstado</message>
  <nestedLevel>2</nestedLevel>
</record>
<record>
  <date>2019-08-28T17:02:10</date>
  <millis>1567022530958</millis>
  <sequence>102</sequence>
  <level>START</level>
  <class>com.kms.katalon.core.logging.XmlKeywordLogger</class>
  <method>startKeyword</method>
  <thread>1</thread>
  <message>Start action : bandera = false</message>
  <nestedLevel>2</nestedLevel>
  <property name="startLine">27</property>
  <property name="stepIndex">2</property>
</record>
<record>
  <date>2019-08-28T17:02:10</date>
  <millis>1567022530960</millis>
  <sequence>103</sequence>
  <level>END</level>
  <class>com.kms.katalon.core.logging.XmlKeywordLogger</class>
  <method>endKeyword</method>
  <thread>1</thread>
  <message>End action : bandera = false</message>
  <nestedLevel>2</nestedLevel>
</record>
<record>
  <date>2019-08-28T17:02:10</date>
  <millis>1567022530961</millis>
  <sequence>104</sequence>
  <level>START</level>
  <class>com.kms.katalon.core.logging.XmlKeywordLogger</class>
  <method>startKeyword</method>
  <thread>1</thread>
  <message>Start action : for (def cuotas : array1)</message>
  <nestedLevel>2</nestedLevel>
  <property name="startLine">29</property>
  <property name="stepIndex">3</property>
</record>
<record>
  <date>2019-08-28T17:02:10</date>
  <millis>1567022530962</millis>
  <sequence>105</sequence>
  <level>START</level>
  <class>com.kms.katalon.core.logging.XmlKeywordLogger</class>
  <method>startKeyword</method>
  <thread>1</thread>
  <message>Start action : if (cuotas == null || cuotas.compareToIgnoreCase(\&amp;quot;VIGENTE\&amp;quot;) || cuotas.compareToIgnoreCase(\&amp;quot;VENCIDA\&amp;quot;))</message>
  <nestedLevel>3</nestedLevel>
  <property name="startLine">30</property>
  <property name="stepIndex">1</property>
</record>
<record>
  <date>2019-08-28T17:02:10</date>
  <millis>1567022530963</millis>
  <sequence>106</sequence>
  <level>START</level>
  <class>com.kms.katalon.core.logging.XmlKeywordLogger</class>
  <method>startKeyword</method>
  <thread>1</thread>
  <message>Start action : bandera = true</message>
  <nestedLevel>4</nestedLevel>
  <property name="startLine">31</property>
  <property name="stepIndex">1</property>
</record>
<record>
  <date>2019-08-28T17:02:10</date>
  <millis>1567022530966</millis>
  <sequence>107</sequence>
  <level>END</level>
  <class>com.kms.katalon.core.logging.XmlKeywordLogger</class>
  <method>endKeyword</method>
  <thread>1</thread>
  <message>End action : bandera = true</message>
  <nestedLevel>4</nestedLevel>
</record>
<record>
  <date>2019-08-28T17:02:10</date>
  <millis>1567022530966</millis>
  <sequence>108</sequence>
  <level>START</level>
  <class>com.kms.katalon.core.logging.XmlKeywordLogger</class>
  <method>startKeyword</method>
  <thread>1</thread>
  <message>Start action : break</message>
  <nestedLevel>4</nestedLevel>
  <property name="startLine">33</property>
  <property name="stepIndex">2</property>
</record>
<record>
  <date>2019-08-28T17:02:10</date>
  <millis>1567022530967</millis>
  <sequence>109</sequence>
  <level>END</level>
  <class>com.kms.katalon.core.logging.XmlKeywordLogger</class>
  <method>endKeyword</method>
  <thread>1</thread>
  <message>End action : break</message>
  <nestedLevel>4</nestedLevel>
</record>
<record>
  <date>2019-08-28T17:02:10</date>
  <millis>1567022530968</millis>
  <sequence>110</sequence>
  <level>END</level>
  <class>com.kms.katalon.core.logging.XmlKeywordLogger</class>
  <method>endKeyword</method>
  <thread>1</thread>
  <message>End action : if (cuotas == null || cuotas.compareToIgnoreCase(\&amp;quot;VIGENTE\&amp;quot;) || cuotas.compareToIgnoreCase(\&amp;quot;VENCIDA\&amp;quot;))</message>
  <nestedLevel>3</nestedLevel>
</record>
<record>
  <date>2019-08-28T17:02:10</date>
  <millis>1567022530969</millis>
  <sequence>111</sequence>
  <level>END</level>
  <class>com.kms.katalon.core.logging.XmlKeywordLogger</class>
  <method>endKeyword</method>
  <thread>1</thread>
  <message>End action : for (def cuotas : array1)</message>
  <nestedLevel>2</nestedLevel>
</record>
<record>
  <date>2019-08-28T17:02:10</date>
  <millis>1567022530969</millis>
  <sequence>112</sequence>
  <level>START</level>
  <class>com.kms.katalon.core.logging.XmlKeywordLogger</class>
  <method>startKeyword</method>
  <thread>1</thread>
  <message>Start action : if (!(bandera))</message>
  <nestedLevel>2</nestedLevel>
  <property name="startLine">37</property>
  <property name="stepIndex">4</property>
</record>
<record>
  <date>2019-08-28T17:02:10</date>
  <millis>1567022530969</millis>
  <sequence>113</sequence>
  <level>END</level>
  <class>com.kms.katalon.core.logging.XmlKeywordLogger</class>
  <method>endKeyword</method>
  <thread>1</thread>
  <message>End action : if (!(bandera))</message>
  <nestedLevel>2</nestedLevel>
</record>
<record>
  <date>2019-08-28T17:02:10</date>
  <millis>1567022530970</millis>
  <sequence>114</sequence>
  <level>END</level>
  <class>com.kms.katalon.core.logging.XmlKeywordLogger</class>
  <method>endKeyword</method>
  <thread>1</thread>
  <message>End action : if (data != null &amp;amp;&amp;amp; lstPlanSimulado != null)</message>
  <nestedLevel>1</nestedLevel>
</record>
<record>
  <date>2019-08-28T17:02:10</date>
  <millis>1567022530970</millis>
  <sequence>115</sequence>
  <level>PASSED</level>
  <class>com.kms.katalon.core.logging.XmlKeywordLogger</class>
  <method>logMessage</method>
  <thread>1</thread>
  <message>Test Cases/WSPlanDePago/validar response plan de pago</message>
  <nestedLevel>2</nestedLevel>
</record>
<record>
  <date>2019-08-28T17:02:10</date>
  <millis>1567022530971</millis>
  <sequence>116</sequence>
  <level>END</level>
  <class>com.kms.katalon.core.logging.XmlKeywordLogger</class>
  <method>endTest</method>
  <thread>1</thread>
  <message>End Test Case : Test Cases/WSPlanDePago/validar response plan de pago</message>
  <nestedLevel>1</nestedLevel>
</record>
<record>
  <date>2019-08-28T17:02:10</date>
  <millis>1567022530971</millis>
  <sequence>117</sequence>
  <level>PASSED</level>
  <class>com.kms.katalon.core.logging.XmlKeywordLogger</class>
  <method>logMessage</method>
  <thread>1</thread>
  <message>Call Test Case &amp;apos;Test Cases/WSPlanDePago/validar response plan de pago&amp;apos; successfully</message>
  <nestedLevel>1</nestedLevel>
</record>
<record>
  <date>2019-08-28T17:02:10</date>
  <millis>1567022530972</millis>
  <sequence>118</sequence>
  <level>END</level>
  <class>com.kms.katalon.core.logging.XmlKeywordLogger</class>
  <method>endKeyword</method>
  <thread>1</thread>
  <message>End action : callTestCase(findTestCase(\&amp;quot;WSPlanDePago/validar response plan de pago\&amp;quot;), [\&amp;quot;t_response\&amp;quot;:response, \&amp;quot;t_cuit\&amp;quot;:g_cuit, \&amp;quot;t_idPlan\&amp;quot;:g_idPlan], STOP_ON_FAILURE)</message>
  <nestedLevel>1</nestedLevel>
</record>
<record>
  <date>2019-08-28T17:02:10</date>
  <millis>1567022530972</millis>
  <sequence>119</sequence>
  <level>PASSED</level>
  <class>com.kms.katalon.core.logging.XmlKeywordLogger</class>
  <method>logMessage</method>
  <thread>1</thread>
  <message>Test Cases/WSPlanDePago/obo plan de pago</message>
  <nestedLevel>1</nestedLevel>
</record>
<record>
  <date>2019-08-28T17:02:10</date>
  <millis>1567022530973</millis>
  <sequence>120</sequence>
  <level>END</level>
  <class>com.kms.katalon.core.logging.XmlKeywordLogger</class>
  <method>endTest</method>
  <thread>1</thread>
  <message>End Test Case : Test Cases/WSPlanDePago/obo plan de pago</message>
  <nestedLevel>0</nestedLevel>
</record>
<record>
  <date>2019-08-28T17:02:10</date>
  <millis>1567022530999</millis>
  <sequence>121</sequence>
  <level>START</level>
  <class>com.kms.katalon.core.logging.XmlKeywordLogger</class>
  <method>startTest</method>
  <thread>1</thread>
  <message>Start Test Case : Test Cases/WSPlanDePago/obo plan de pago</message>
  <nestedLevel>1</nestedLevel>
  <property name="name">Test Cases/WSPlanDePago/obo plan de pago</property>
  <property name="description"></property>
  <property name="id">Test Cases/WSPlanDePago/obo plan de pago</property>
  <property name="source">C:\\Users\\maria\\Desktop\\kolektor\\Testing\\Katalon\\CRM-TEST\\Test Cases\\WSPlanDePago\\obo plan de pago.tc</property>
  <property name="tag"></property>
  <property name="isOptional">false</property>
</record>
<record>
  <date>2019-08-28T17:02:11</date>
  <millis>1567022531018</millis>
  <sequence>123</sequence>
  <level>INFO</level>
  <class>com.kms.katalon.core.logging.XmlKeywordLogger</class>
  <method>logMessage</method>
  <thread>1</thread>
  <message>t_cuit = 28282223349</message>
  <nestedLevel>1</nestedLevel>
</record>
<record>
  <date>2019-08-28T17:02:11</date>
  <millis>1567022531044</millis>
  <sequence>124</sequence>
  <level>INFO</level>
  <class>com.kms.katalon.core.logging.XmlKeywordLogger</class>
  <method>logMessage</method>
  <thread>1</thread>
  <message>(Default) t_token = PD94bWwgdmVyc2lvbj0iMS4wIiBlbmNvZGluZz0iVVRGLTgiPz48c3NvIHZlcnNpb249IjIuMCI+PGlkIGRzdD0iYWZpcC1nb2JjYmEiIGV4cF90aW1lPSIxNTUyMzM1MjY1IiBnZW5fdGltZT0iMTU1MjMzNDk2NSIgc3JjPSJjbj1BdXRoc2VydmVyLCBvdT1ERVNFSU4sIG89QUZJUCwgYz1BUiIgdW5pcXVlX2lkPSIzMDUyOTc5MzUyIi8+PG9wZXJhdGlvbiB0eXBlPSJsb2dpbiIgdmFsdWU9ImdyYW50ZWQiPjxsb2dpbiBhdXRobWV0aG9kPSJwYXNzcGhyYXNlIiBlbnRpdHk9IjMzNjkzNDUwMjM5IiByZWdtZXRob2Q9IjMiIHNlcnZpY2U9ImFmaXAtZ29iY2JhIiB1aWQ9IjIwMjgyNTE2MTI5Ij48cmVsYXRpb25zPjxyZWxhdGlvbiBrZXk9IjIwMjU5MDI4Mzk3IiByZWx0eXBlPSIxMiIvPjxyZWxhdGlvbiBrZXk9IjIwMjgyNTE2MTI5IiByZWx0eXBlPSIxMiIvPjxyZWxhdGlvbiBrZXk9IjI3MjY0ODUzNDY1IiByZWx0eXBlPSIxMiIvPjwvcmVsYXRpb25zPjwvbG9naW4+PC9vcGVyYXRpb24+PC9zc28+</message>
  <nestedLevel>1</nestedLevel>
</record>
<record>
  <date>2019-08-28T17:02:11</date>
  <millis>1567022531156</millis>
  <sequence>125</sequence>
  <level>INFO</level>
  <class>com.kms.katalon.core.logging.XmlKeywordLogger</class>
  <method>logMessage</method>
  <thread>1</thread>
  <message>(Default) t_sign = PIFVSC4Fo5BYX3jIDKNLeeZpifOqt4P0G6bzqLGGUmAZ8RkyRwoBD7DqHOAyModmpAd+KUIL6syQY2M6Nq31vBHceunOqf2xFu2zms5gArk9CHQas8IZZinDRzju++Qj5iDQSxZrhZf1wL8Usonj+zLzZDCc5JsVS6IKMybVU8Y=</message>
  <nestedLevel>1</nestedLevel>
</record>
<record>
  <date>2019-08-28T17:02:11</date>
  <millis>1567022531156</millis>
  <sequence>126</sequence>
  <level>INFO</level>
  <class>com.kms.katalon.core.logging.XmlKeywordLogger</class>
  <method>logMessage</method>
  <thread>1</thread>
  <message>t_idPlan = 6901501395</message>
  <nestedLevel>1</nestedLevel>
</record>
<record>
  <date>2019-08-28T17:02:11</date>
  <millis>1567022531158</millis>
  <sequence>127</sequence>
  <level>START</level>
  <class>com.kms.katalon.core.logging.XmlKeywordLogger</class>
  <method>startKeyword</method>
  <thread>1</thread>
  <message>Start action : g_cuit = t_cuit</message>
  <nestedLevel>1</nestedLevel>
  <property name="startLine">17</property>
  <property name="stepIndex">1</property>
</record>
<record>
  <date>2019-08-28T17:02:11</date>
  <millis>1567022531161</millis>
  <sequence>128</sequence>
  <level>END</level>
  <class>com.kms.katalon.core.logging.XmlKeywordLogger</class>
  <method>endKeyword</method>
  <thread>1</thread>
  <message>End action : g_cuit = t_cuit</message>
  <nestedLevel>1</nestedLevel>
</record>
<record>
  <date>2019-08-28T17:02:11</date>
  <millis>1567022531161</millis>
  <sequence>129</sequence>
  <level>START</level>
  <class>com.kms.katalon.core.logging.XmlKeywordLogger</class>
  <method>startKeyword</method>
  <thread>1</thread>
  <message>Start action : g_idPlan = t_idPlan</message>
  <nestedLevel>1</nestedLevel>
  <property name="startLine">18</property>
  <property name="stepIndex">2</property>
</record>
<record>
  <date>2019-08-28T17:02:11</date>
  <millis>1567022531161</millis>
  <sequence>130</sequence>
  <level>END</level>
  <class>com.kms.katalon.core.logging.XmlKeywordLogger</class>
  <method>endKeyword</method>
  <thread>1</thread>
  <message>End action : g_idPlan = t_idPlan</message>
  <nestedLevel>1</nestedLevel>
</record>
<record>
  <date>2019-08-28T17:02:11</date>
  <millis>1567022531164</millis>
  <sequence>131</sequence>
  <level>START</level>
  <class>com.kms.katalon.core.logging.XmlKeywordLogger</class>
  <method>startKeyword</method>
  <thread>1</thread>
  <message>Start action : callTestCase(findTestCase(\&amp;quot;oauth-server/login obo ok\&amp;quot;), [\&amp;quot;t_servidor\&amp;quot;:g_servidor_oauth, \&amp;quot;t_http_username\&amp;quot;:\&amp;quot;klk-client\&amp;quot;, \&amp;quot;t_http_password\&amp;quot;:\&amp;quot;klk-secret\&amp;quot;, \&amp;quot;t_username\&amp;quot;:\&amp;quot;rentas-ie-admin\&amp;quot;, ... ], STOP_ON_FAILURE)</message>
  <nestedLevel>1</nestedLevel>
  <property name="startLine">20</property>
  <property name="stepIndex">3</property>
</record>
<record>
  <date>2019-08-28T17:02:11</date>
  <millis>1567022531245</millis>
  <sequence>134</sequence>
  <level>START</level>
  <class>com.kms.katalon.core.logging.XmlKeywordLogger</class>
  <method>startTest</method>
  <thread>1</thread>
  <message>Start Test Case : Test Cases/oauth-server/login obo ok</message>
  <nestedLevel>2</nestedLevel>
  <property name="name">Test Cases/oauth-server/login obo ok</property>
  <property name="description"></property>
  <property name="id">Test Cases/oauth-server/login obo ok</property>
  <property name="source">C:\\Users\\maria\\Desktop\\kolektor\\Testing\\Katalon\\CRM-TEST\\Test Cases\\oauth-server\\login obo ok.tc</property>
  <property name="tag"></property>
  <property name="isOptional">false</property>
</record>
<record>
  <date>2019-08-28T17:02:11</date>
  <millis>1567022531266</millis>
  <sequence>136</sequence>
  <level>INFO</level>
  <class>com.kms.katalon.core.logging.XmlKeywordLogger</class>
  <method>logMessage</method>
  <thread>1</thread>
  <message>t_servidor = https://apppreprod.rentascordoba.gob.ar</message>
  <nestedLevel>2</nestedLevel>
</record>
<record>
  <date>2019-08-28T17:02:11</date>
  <millis>1567022531266</millis>
  <sequence>137</sequence>
  <level>INFO</level>
  <class>com.kms.katalon.core.logging.XmlKeywordLogger</class>
  <method>logMessage</method>
  <thread>1</thread>
  <message>t_http_username = klk-client</message>
  <nestedLevel>2</nestedLevel>
</record>
<record>
  <date>2019-08-28T17:02:11</date>
  <millis>1567022531267</millis>
  <sequence>138</sequence>
  <level>INFO</level>
  <class>com.kms.katalon.core.logging.XmlKeywordLogger</class>
  <method>logMessage</method>
  <thread>1</thread>
  <message>t_http_password = klk-secret</message>
  <nestedLevel>2</nestedLevel>
</record>
<record>
  <date>2019-08-28T17:02:11</date>
  <millis>1567022531267</millis>
  <sequence>139</sequence>
  <level>INFO</level>
  <class>com.kms.katalon.core.logging.XmlKeywordLogger</class>
  <method>logMessage</method>
  <thread>1</thread>
  <message>t_username = rentas-ie-admin</message>
  <nestedLevel>2</nestedLevel>
</record>
<record>
  <date>2019-08-28T17:02:11</date>
  <millis>1567022531268</millis>
  <sequence>140</sequence>
  <level>INFO</level>
  <class>com.kms.katalon.core.logging.XmlKeywordLogger</class>
  <method>logMessage</method>
  <thread>1</thread>
  <message>t_password = rentasie2812</message>
  <nestedLevel>2</nestedLevel>
</record>
<record>
  <date>2019-08-28T17:02:11</date>
  <millis>1567022531285</millis>
  <sequence>141</sequence>
  <level>INFO</level>
  <class>com.kms.katalon.core.logging.XmlKeywordLogger</class>
  <method>logMessage</method>
  <thread>1</thread>
  <message>t_onbehalfof = 28282223349</message>
  <nestedLevel>2</nestedLevel>
</record>
<record>
  <date>2019-08-28T17:02:11</date>
  <millis>1567022531287</millis>
  <sequence>142</sequence>
  <level>START</level>
  <class>com.kms.katalon.core.logging.XmlKeywordLogger</class>
  <method>startKeyword</method>
  <thread>1</thread>
  <message>Start action : response = sendRequest(findTestObject(\&amp;quot;oauth-server/login on behalf of\&amp;quot;, [\&amp;quot;r_servidor\&amp;quot;:g_servidor_oauth, \&amp;quot;r_http_username\&amp;quot;:\&amp;quot;klk-client\&amp;quot;, \&amp;quot;r_http_password\&amp;quot;:\&amp;quot;klk-secret\&amp;quot;, \&amp;quot;r_username\&amp;quot;:t_username, \&amp;quot;r_password\&amp;quot;:t_password, ... ]))</message>
  <nestedLevel>1</nestedLevel>
  <property name="startLine">17</property>
  <property name="stepIndex">1</property>
</record>
<record>
  <date>2019-08-28T17:02:11</date>
  <millis>1567022531471</millis>
  <sequence>145</sequence>
  <level>INFO</level>
  <class>com.kms.katalon.core.logging.XmlKeywordLogger</class>
  <method>logMessage</method>
  <thread>1</thread>
  <message>HAR: C:\\Users\\maria\\Desktop\\kolektor\\Testing\\Katalon\\CRM-TEST\\Reports\\TSPlanDePago\\TSPlanDePago\\20190828_170201\\requests\\main\\3.har</message>
  <nestedLevel>2</nestedLevel>
  <property name="harId">79792f74-e501-4104-b654-be774f2b3321</property>
</record>
<record>
  <date>2019-08-28T17:02:11</date>
  <millis>1567022531483</millis>
  <sequence>146</sequence>
  <level>PASSED</level>
  <class>com.kms.katalon.core.logging.XmlKeywordLogger</class>
  <method>logMessage</method>
  <thread>1</thread>
  <message>Send request successfully</message>
  <nestedLevel>2</nestedLevel>
</record>
<record>
  <date>2019-08-28T17:02:11</date>
  <millis>1567022531483</millis>
  <sequence>147</sequence>
  <level>END</level>
  <class>com.kms.katalon.core.logging.XmlKeywordLogger</class>
  <method>endKeyword</method>
  <thread>1</thread>
  <message>End action : response = sendRequest(findTestObject(\&amp;quot;oauth-server/login on behalf of\&amp;quot;, [\&amp;quot;r_servidor\&amp;quot;:g_servidor_oauth, \&amp;quot;r_http_username\&amp;quot;:\&amp;quot;klk-client\&amp;quot;, \&amp;quot;r_http_password\&amp;quot;:\&amp;quot;klk-secret\&amp;quot;, \&amp;quot;r_username\&amp;quot;:t_username, \&amp;quot;r_password\&amp;quot;:t_password, ... ]))</message>
  <nestedLevel>1</nestedLevel>
</record>
<record>
  <date>2019-08-28T17:02:11</date>
  <millis>1567022531484</millis>
  <sequence>148</sequence>
  <level>START</level>
  <class>com.kms.katalon.core.logging.XmlKeywordLogger</class>
  <method>startKeyword</method>
  <thread>1</thread>
  <message>Start action : verifyResponseStatusCode(response, 200)</message>
  <nestedLevel>1</nestedLevel>
  <property name="startLine">21</property>
  <property name="stepIndex">2</property>
</record>
<record>
  <date>2019-08-28T17:02:11</date>
  <millis>1567022531486</millis>
  <sequence>150</sequence>
  <level>PASSED</level>
  <class>com.kms.katalon.core.logging.XmlKeywordLogger</class>
  <method>logMessage</method>
  <thread>1</thread>
  <message>Verify response status code successfully</message>
  <nestedLevel>2</nestedLevel>
</record>
<record>
  <date>2019-08-28T17:02:11</date>
  <millis>1567022531486</millis>
  <sequence>151</sequence>
  <level>END</level>
  <class>com.kms.katalon.core.logging.XmlKeywordLogger</class>
  <method>endKeyword</method>
  <thread>1</thread>
  <message>End action : verifyResponseStatusCode(response, 200)</message>
  <nestedLevel>1</nestedLevel>
</record>
<record>
  <date>2019-08-28T17:02:11</date>
  <millis>1567022531487</millis>
  <sequence>152</sequence>
  <level>START</level>
  <class>com.kms.katalon.core.logging.XmlKeywordLogger</class>
  <method>startKeyword</method>
  <thread>1</thread>
  <message>Start action : callTestCase(findTestCase(\&amp;quot;oauth-server/validar login\&amp;quot;), [\&amp;quot;t_response\&amp;quot;:response], STOP_ON_FAILURE)</message>
  <nestedLevel>1</nestedLevel>
  <property name="startLine">23</property>
  <property name="stepIndex">3</property>
</record>
<record>
  <date>2019-08-28T17:02:11</date>
  <millis>1567022531550</millis>
  <sequence>155</sequence>
  <level>START</level>
  <class>com.kms.katalon.core.logging.XmlKeywordLogger</class>
  <method>startTest</method>
  <thread>1</thread>
  <message>Start Test Case : Test Cases/oauth-server/validar login</message>
  <nestedLevel>3</nestedLevel>
  <property name="name">Test Cases/oauth-server/validar login</property>
  <property name="description"></property>
  <property name="id">Test Cases/oauth-server/validar login</property>
  <property name="source">C:\\Users\\maria\\Desktop\\kolektor\\Testing\\Katalon\\CRM-TEST\\Test Cases\\oauth-server\\validar login.tc</property>
  <property name="tag"></property>
  <property name="isOptional">false</property>
</record>
<record>
  <date>2019-08-28T17:02:11</date>
  <millis>1567022531558</millis>
  <sequence>157</sequence>
  <level>INFO</level>
  <class>com.kms.katalon.core.logging.XmlKeywordLogger</class>
  <method>logMessage</method>
  <thread>1</thread>
  <message>t_response = 200 1009 bytes</message>
  <nestedLevel>3</nestedLevel>
</record>
<record>
  <date>2019-08-28T17:02:11</date>
  <millis>1567022531560</millis>
  <sequence>158</sequence>
  <level>START</level>
  <class>com.kms.katalon.core.logging.XmlKeywordLogger</class>
  <method>startKeyword</method>
  <thread>1</thread>
  <message>Start action : slurper = new groovy.json.JsonSlurper()</message>
  <nestedLevel>1</nestedLevel>
  <property name="startLine">19</property>
  <property name="stepIndex">1</property>
</record>
<record>
  <date>2019-08-28T17:02:11</date>
  <millis>1567022531562</millis>
  <sequence>159</sequence>
  <level>END</level>
  <class>com.kms.katalon.core.logging.XmlKeywordLogger</class>
  <method>endKeyword</method>
  <thread>1</thread>
  <message>End action : slurper = new groovy.json.JsonSlurper()</message>
  <nestedLevel>1</nestedLevel>
</record>
<record>
  <date>2019-08-28T17:02:11</date>
  <millis>1567022531562</millis>
  <sequence>160</sequence>
  <level>START</level>
  <class>com.kms.katalon.core.logging.XmlKeywordLogger</class>
  <method>startKeyword</method>
  <thread>1</thread>
  <message>Start action : parsedJson = slurper.parseText(responseBodyContent)</message>
  <nestedLevel>1</nestedLevel>
  <property name="startLine">21</property>
  <property name="stepIndex">2</property>
</record>
<record>
  <date>2019-08-28T17:02:11</date>
  <millis>1567022531562</millis>
  <sequence>161</sequence>
  <level>END</level>
  <class>com.kms.katalon.core.logging.XmlKeywordLogger</class>
  <method>endKeyword</method>
  <thread>1</thread>
  <message>End action : parsedJson = slurper.parseText(responseBodyContent)</message>
  <nestedLevel>1</nestedLevel>
</record>
<record>
  <date>2019-08-28T17:02:11</date>
  <millis>1567022531563</millis>
  <sequence>162</sequence>
  <level>START</level>
  <class>com.kms.katalon.core.logging.XmlKeywordLogger</class>
  <method>startKeyword</method>
  <thread>1</thread>
  <message>Start action : t_access_token = parsedJson.get(\&amp;quot;access_token\&amp;quot;)</message>
  <nestedLevel>1</nestedLevel>
  <property name="startLine">23</property>
  <property name="stepIndex">3</property>
</record>
<record>
  <date>2019-08-28T17:02:11</date>
  <millis>1567022531563</millis>
  <sequence>163</sequence>
  <level>END</level>
  <class>com.kms.katalon.core.logging.XmlKeywordLogger</class>
  <method>endKeyword</method>
  <thread>1</thread>
  <message>End action : t_access_token = parsedJson.get(\&amp;quot;access_token\&amp;quot;)</message>
  <nestedLevel>1</nestedLevel>
</record>
<record>
  <date>2019-08-28T17:02:11</date>
  <millis>1567022531563</millis>
  <sequence>164</sequence>
  <level>START</level>
  <class>com.kms.katalon.core.logging.XmlKeywordLogger</class>
  <method>startKeyword</method>
  <thread>1</thread>
  <message>Start action : if (t_access_token == null)</message>
  <nestedLevel>1</nestedLevel>
  <property name="startLine">25</property>
  <property name="stepIndex">4</property>
</record>
<record>
  <date>2019-08-28T17:02:11</date>
  <millis>1567022531564</millis>
  <sequence>165</sequence>
  <level>END</level>
  <class>com.kms.katalon.core.logging.XmlKeywordLogger</class>
  <method>endKeyword</method>
  <thread>1</thread>
  <message>End action : if (t_access_token == null)</message>
  <nestedLevel>1</nestedLevel>
</record>
<record>
  <date>2019-08-28T17:02:11</date>
  <millis>1567022531564</millis>
  <sequence>166</sequence>
  <level>START</level>
  <class>com.kms.katalon.core.logging.XmlKeywordLogger</class>
  <method>startKeyword</method>
  <thread>1</thread>
  <message>Start action : g_access_token = t_access_token</message>
  <nestedLevel>1</nestedLevel>
  <property name="startLine">29</property>
  <property name="stepIndex">5</property>
</record>
<record>
  <date>2019-08-28T17:02:11</date>
  <millis>1567022531565</millis>
  <sequence>167</sequence>
  <level>END</level>
  <class>com.kms.katalon.core.logging.XmlKeywordLogger</class>
  <method>endKeyword</method>
  <thread>1</thread>
  <message>End action : g_access_token = t_access_token</message>
  <nestedLevel>1</nestedLevel>
</record>
<record>
  <date>2019-08-28T17:02:11</date>
  <millis>1567022531565</millis>
  <sequence>168</sequence>
  <level>START</level>
  <class>com.kms.katalon.core.logging.XmlKeywordLogger</class>
  <method>startKeyword</method>
  <thread>1</thread>
  <message>Start action : log = new com.kms.katalon.core.logging.KeywordLogger()</message>
  <nestedLevel>1</nestedLevel>
  <property name="startLine">30</property>
  <property name="stepIndex">6</property>
</record>
<record>
  <date>2019-08-28T17:02:11</date>
  <millis>1567022531566</millis>
  <sequence>169</sequence>
  <level>END</level>
  <class>com.kms.katalon.core.logging.XmlKeywordLogger</class>
  <method>endKeyword</method>
  <thread>1</thread>
  <message>End action : log = new com.kms.katalon.core.logging.KeywordLogger()</message>
  <nestedLevel>1</nestedLevel>
</record>
<record>
  <date>2019-08-28T17:02:11</date>
  <millis>1567022531566</millis>
  <sequence>170</sequence>
  <level>START</level>
  <class>com.kms.katalon.core.logging.XmlKeywordLogger</class>
  <method>startKeyword</method>
  <thread>1</thread>
  <message>Start action : log.logInfo(\&amp;quot;token global ------------&amp;gt; : \&amp;quot; + g_access_token)</message>
  <nestedLevel>1</nestedLevel>
  <property name="startLine">31</property>
  <property name="stepIndex">7</property>
</record>
<record>
  <date>2019-08-28T17:02:11</date>
  <millis>1567022531566</millis>
  <sequence>171</sequence>
  <level>INFO</level>
  <class>com.kms.katalon.core.logging.XmlKeywordLogger</class>
  <method>logMessage</method>
  <thread>1</thread>
  <message>token global ------------&amp;gt; : c70465a9-9ce4-4215-aa0e-fb9553b984d6</message>
  <nestedLevel>3</nestedLevel>
</record>
<record>
  <date>2019-08-28T17:02:11</date>
  <millis>1567022531566</millis>
  <sequence>172</sequence>
  <level>END</level>
  <class>com.kms.katalon.core.logging.XmlKeywordLogger</class>
  <method>endKeyword</method>
  <thread>1</thread>
  <message>End action : log.logInfo(\&amp;quot;token global ------------&amp;gt; : \&amp;quot; + g_access_token)</message>
  <nestedLevel>1</nestedLevel>
</record>
<record>
  <date>2019-08-28T17:02:11</date>
  <millis>1567022531567</millis>
  <sequence>173</sequence>
  <level>PASSED</level>
  <class>com.kms.katalon.core.logging.XmlKeywordLogger</class>
  <method>logMessage</method>
  <thread>1</thread>
  <message>Test Cases/oauth-server/validar login</message>
  <nestedLevel>3</nestedLevel>
</record>
<record>
  <date>2019-08-28T17:02:11</date>
  <millis>1567022531567</millis>
  <sequence>174</sequence>
  <level>END</level>
  <class>com.kms.katalon.core.logging.XmlKeywordLogger</class>
  <method>endTest</method>
  <thread>1</thread>
  <message>End Test Case : Test Cases/oauth-server/validar login</message>
  <nestedLevel>2</nestedLevel>
</record>
<record>
  <date>2019-08-28T17:02:11</date>
  <millis>1567022531567</millis>
  <sequence>175</sequence>
  <level>PASSED</level>
  <class>com.kms.katalon.core.logging.XmlKeywordLogger</class>
  <method>logMessage</method>
  <thread>1</thread>
  <message>Call Test Case &amp;apos;Test Cases/oauth-server/validar login&amp;apos; successfully</message>
  <nestedLevel>2</nestedLevel>
</record>
<record>
  <date>2019-08-28T17:02:11</date>
  <millis>1567022531567</millis>
  <sequence>176</sequence>
  <level>END</level>
  <class>com.kms.katalon.core.logging.XmlKeywordLogger</class>
  <method>endKeyword</method>
  <thread>1</thread>
  <message>End action : callTestCase(findTestCase(\&amp;quot;oauth-server/validar login\&amp;quot;), [\&amp;quot;t_response\&amp;quot;:response], STOP_ON_FAILURE)</message>
  <nestedLevel>1</nestedLevel>
</record>
<record>
  <date>2019-08-28T17:02:11</date>
  <millis>1567022531567</millis>
  <sequence>177</sequence>
  <level>START</level>
  <class>com.kms.katalon.core.logging.XmlKeywordLogger</class>
  <method>startKeyword</method>
  <thread>1</thread>
  <message>Start action : response = sendRequest(findTestObject(\&amp;quot;oauth-server/user\&amp;quot;, [\&amp;quot;r_servidor\&amp;quot;:g_servidor_oauth, \&amp;quot;r_token\&amp;quot;:g_access_token]))</message>
  <nestedLevel>1</nestedLevel>
  <property name="startLine">25</property>
  <property name="stepIndex">4</property>
</record>
<record>
  <date>2019-08-28T17:02:11</date>
  <millis>1567022531717</millis>
  <sequence>180</sequence>
  <level>INFO</level>
  <class>com.kms.katalon.core.logging.XmlKeywordLogger</class>
  <method>logMessage</method>
  <thread>1</thread>
  <message>HAR: C:\\Users\\maria\\Desktop\\kolektor\\Testing\\Katalon\\CRM-TEST\\Reports\\TSPlanDePago\\TSPlanDePago\\20190828_170201\\requests\\main\\4.har</message>
  <nestedLevel>2</nestedLevel>
  <property name="harId">c3df65c2-e888-4c6c-8a82-cd0898a4d4d1</property>
</record>
<record>
  <date>2019-08-28T17:02:11</date>
  <millis>1567022531726</millis>
  <sequence>181</sequence>
  <level>PASSED</level>
  <class>com.kms.katalon.core.logging.XmlKeywordLogger</class>
  <method>logMessage</method>
  <thread>1</thread>
  <message>Send request successfully</message>
  <nestedLevel>2</nestedLevel>
</record>
<record>
  <date>2019-08-28T17:02:11</date>
  <millis>1567022531727</millis>
  <sequence>182</sequence>
  <level>END</level>
  <class>com.kms.katalon.core.logging.XmlKeywordLogger</class>
  <method>endKeyword</method>
  <thread>1</thread>
  <message>End action : response = sendRequest(findTestObject(\&amp;quot;oauth-server/user\&amp;quot;, [\&amp;quot;r_servidor\&amp;quot;:g_servidor_oauth, \&amp;quot;r_token\&amp;quot;:g_access_token]))</message>
  <nestedLevel>1</nestedLevel>
</record>
<record>
  <date>2019-08-28T17:02:11</date>
  <millis>1567022531727</millis>
  <sequence>183</sequence>
  <level>START</level>
  <class>com.kms.katalon.core.logging.XmlKeywordLogger</class>
  <method>startKeyword</method>
  <thread>1</thread>
  <message>Start action : verifyResponseStatusCode(response, 200)</message>
  <nestedLevel>1</nestedLevel>
  <property name="startLine">27</property>
  <property name="stepIndex">5</property>
</record>
<record>
  <date>2019-08-28T17:02:11</date>
  <millis>1567022531729</millis>
  <sequence>185</sequence>
  <level>PASSED</level>
  <class>com.kms.katalon.core.logging.XmlKeywordLogger</class>
  <method>logMessage</method>
  <thread>1</thread>
  <message>Verify response status code successfully</message>
  <nestedLevel>2</nestedLevel>
</record>
<record>
  <date>2019-08-28T17:02:11</date>
  <millis>1567022531729</millis>
  <sequence>186</sequence>
  <level>END</level>
  <class>com.kms.katalon.core.logging.XmlKeywordLogger</class>
  <method>endKeyword</method>
  <thread>1</thread>
  <message>End action : verifyResponseStatusCode(response, 200)</message>
  <nestedLevel>1</nestedLevel>
</record>
<record>
  <date>2019-08-28T17:02:11</date>
  <millis>1567022531729</millis>
  <sequence>187</sequence>
  <level>PASSED</level>
  <class>com.kms.katalon.core.logging.XmlKeywordLogger</class>
  <method>logMessage</method>
  <thread>1</thread>
  <message>Test Cases/oauth-server/login obo ok</message>
  <nestedLevel>2</nestedLevel>
</record>
<record>
  <date>2019-08-28T17:02:11</date>
  <millis>1567022531729</millis>
  <sequence>188</sequence>
  <level>END</level>
  <class>com.kms.katalon.core.logging.XmlKeywordLogger</class>
  <method>endTest</method>
  <thread>1</thread>
  <message>End Test Case : Test Cases/oauth-server/login obo ok</message>
  <nestedLevel>1</nestedLevel>
</record>
<record>
  <date>2019-08-28T17:02:11</date>
  <millis>1567022531729</millis>
  <sequence>189</sequence>
  <level>PASSED</level>
  <class>com.kms.katalon.core.logging.XmlKeywordLogger</class>
  <method>logMessage</method>
  <thread>1</thread>
  <message>Call Test Case &amp;apos;Test Cases/oauth-server/login obo ok&amp;apos; successfully</message>
  <nestedLevel>1</nestedLevel>
</record>
<record>
  <date>2019-08-28T17:02:11</date>
  <millis>1567022531730</millis>
  <sequence>190</sequence>
  <level>END</level>
  <class>com.kms.katalon.core.logging.XmlKeywordLogger</class>
  <method>endKeyword</method>
  <thread>1</thread>
  <message>End action : callTestCase(findTestCase(\&amp;quot;oauth-server/login obo ok\&amp;quot;), [\&amp;quot;t_servidor\&amp;quot;:g_servidor_oauth, \&amp;quot;t_http_username\&amp;quot;:\&amp;quot;klk-client\&amp;quot;, \&amp;quot;t_http_password\&amp;quot;:\&amp;quot;klk-secret\&amp;quot;, \&amp;quot;t_username\&amp;quot;:\&amp;quot;rentas-ie-admin\&amp;quot;, ... ], STOP_ON_FAILURE)</message>
  <nestedLevel>1</nestedLevel>
</record>
<record>
  <date>2019-08-28T17:02:11</date>
  <millis>1567022531730</millis>
  <sequence>191</sequence>
  <level>START</level>
  <class>com.kms.katalon.core.logging.XmlKeywordLogger</class>
  <method>startKeyword</method>
  <thread>1</thread>
  <message>Start action : response = sendRequest(findTestObject(\&amp;quot;WSPlanDePago/c2 plan de pago\&amp;quot;, [\&amp;quot;r_access_token\&amp;quot;:g_access_token, \&amp;quot;r_cuit\&amp;quot;:g_cuit, \&amp;quot;r_idPlan\&amp;quot;:g_idPlan]))</message>
  <nestedLevel>1</nestedLevel>
  <property name="startLine">24</property>
  <property name="stepIndex">4</property>
</record>
<record>
  <date>2019-08-28T17:02:12</date>
  <millis>1567022532200</millis>
  <sequence>194</sequence>
  <level>INFO</level>
  <class>com.kms.katalon.core.logging.XmlKeywordLogger</class>
  <method>logMessage</method>
  <thread>1</thread>
  <message>HAR: C:\\Users\\maria\\Desktop\\kolektor\\Testing\\Katalon\\CRM-TEST\\Reports\\TSPlanDePago\\TSPlanDePago\\20190828_170201\\requests\\main\\5.har</message>
  <nestedLevel>1</nestedLevel>
  <property name="harId">e4deb27b-7fdf-45d5-a184-f7c2e24a3695</property>
</record>
<record>
  <date>2019-08-28T17:02:12</date>
  <millis>1567022532208</millis>
  <sequence>195</sequence>
  <level>PASSED</level>
  <class>com.kms.katalon.core.logging.XmlKeywordLogger</class>
  <method>logMessage</method>
  <thread>1</thread>
  <message>Send request successfully</message>
  <nestedLevel>1</nestedLevel>
</record>
<record>
  <date>2019-08-28T17:02:12</date>
  <millis>1567022532208</millis>
  <sequence>196</sequence>
  <level>END</level>
  <class>com.kms.katalon.core.logging.XmlKeywordLogger</class>
  <method>endKeyword</method>
  <thread>1</thread>
  <message>End action : response = sendRequest(findTestObject(\&amp;quot;WSPlanDePago/c2 plan de pago\&amp;quot;, [\&amp;quot;r_access_token\&amp;quot;:g_access_token, \&amp;quot;r_cuit\&amp;quot;:g_cuit, \&amp;quot;r_idPlan\&amp;quot;:g_idPlan]))</message>
  <nestedLevel>1</nestedLevel>
</record>
<record>
  <date>2019-08-28T17:02:12</date>
  <millis>1567022532209</millis>
  <sequence>197</sequence>
  <level>START</level>
  <class>com.kms.katalon.core.logging.XmlKeywordLogger</class>
  <method>startKeyword</method>
  <thread>1</thread>
  <message>Start action : verifyResponseStatusCode(response, 200)</message>
  <nestedLevel>1</nestedLevel>
  <property name="startLine">27</property>
  <property name="stepIndex">5</property>
</record>
<record>
  <date>2019-08-28T17:02:12</date>
  <millis>1567022532211</millis>
  <sequence>199</sequence>
  <level>PASSED</level>
  <class>com.kms.katalon.core.logging.XmlKeywordLogger</class>
  <method>logMessage</method>
  <thread>1</thread>
  <message>Verify response status code successfully</message>
  <nestedLevel>1</nestedLevel>
</record>
<record>
  <date>2019-08-28T17:02:12</date>
  <millis>1567022532211</millis>
  <sequence>200</sequence>
  <level>END</level>
  <class>com.kms.katalon.core.logging.XmlKeywordLogger</class>
  <method>endKeyword</method>
  <thread>1</thread>
  <message>End action : verifyResponseStatusCode(response, 200)</message>
  <nestedLevel>1</nestedLevel>
</record>
<record>
  <date>2019-08-28T17:02:12</date>
  <millis>1567022532211</millis>
  <sequence>201</sequence>
  <level>START</level>
  <class>com.kms.katalon.core.logging.XmlKeywordLogger</class>
  <method>startKeyword</method>
  <thread>1</thread>
  <message>Start action : callTestCase(findTestCase(\&amp;quot;WSPlanDePago/validar response plan de pago\&amp;quot;), [\&amp;quot;t_response\&amp;quot;:response, \&amp;quot;t_cuit\&amp;quot;:g_cuit, \&amp;quot;t_idPlan\&amp;quot;:g_idPlan], STOP_ON_FAILURE)</message>
  <nestedLevel>1</nestedLevel>
  <property name="startLine">29</property>
  <property name="stepIndex">6</property>
</record>
<record>
  <date>2019-08-28T17:02:12</date>
  <millis>1567022532269</millis>
  <sequence>204</sequence>
  <level>START</level>
  <class>com.kms.katalon.core.logging.XmlKeywordLogger</class>
  <method>startTest</method>
  <thread>1</thread>
  <message>Start Test Case : Test Cases/WSPlanDePago/validar response plan de pago</message>
  <nestedLevel>2</nestedLevel>
  <property name="name">Test Cases/WSPlanDePago/validar response plan de pago</property>
  <property name="description"></property>
  <property name="id">Test Cases/WSPlanDePago/validar response plan de pago</property>
  <property name="source">C:\\Users\\maria\\Desktop\\kolektor\\Testing\\Katalon\\CRM-TEST\\Test Cases\\WSPlanDePago\\validar response plan de pago.tc</property>
  <property name="tag"></property>
  <property name="isOptional">false</property>
</record>
<record>
  <date>2019-08-28T17:02:12</date>
  <millis>1567022532280</millis>
  <sequence>206</sequence>
  <level>INFO</level>
  <class>com.kms.katalon.core.logging.XmlKeywordLogger</class>
  <method>logMessage</method>
  <thread>1</thread>
  <message>t_response = 200 1 KB</message>
  <nestedLevel>2</nestedLevel>
</record>
<record>
  <date>2019-08-28T17:02:12</date>
  <millis>1567022532280</millis>
  <sequence>207</sequence>
  <level>INFO</level>
  <class>com.kms.katalon.core.logging.XmlKeywordLogger</class>
  <method>logMessage</method>
  <thread>1</thread>
  <message>t_cuit = 28282223349</message>
  <nestedLevel>2</nestedLevel>
</record>
<record>
  <date>2019-08-28T17:02:12</date>
  <millis>1567022532281</millis>
  <sequence>208</sequence>
  <level>INFO</level>
  <class>com.kms.katalon.core.logging.XmlKeywordLogger</class>
  <method>logMessage</method>
  <thread>1</thread>
  <message>t_idPlan = 6901501395</message>
  <nestedLevel>2</nestedLevel>
</record>
<record>
  <date>2019-08-28T17:02:12</date>
  <millis>1567022532283</millis>
  <sequence>209</sequence>
  <level>START</level>
  <class>com.kms.katalon.core.logging.XmlKeywordLogger</class>
  <method>startKeyword</method>
  <thread>1</thread>
  <message>Start action : slurper = new groovy.json.JsonSlurper()</message>
  <nestedLevel>1</nestedLevel>
  <property name="startLine">17</property>
  <property name="stepIndex">1</property>
</record>
<record>
  <date>2019-08-28T17:02:12</date>
  <millis>1567022532284</millis>
  <sequence>210</sequence>
  <level>END</level>
  <class>com.kms.katalon.core.logging.XmlKeywordLogger</class>
  <method>endKeyword</method>
  <thread>1</thread>
  <message>End action : slurper = new groovy.json.JsonSlurper()</message>
  <nestedLevel>1</nestedLevel>
</record>
<record>
  <date>2019-08-28T17:02:12</date>
  <millis>1567022532285</millis>
  <sequence>211</sequence>
  <level>START</level>
  <class>com.kms.katalon.core.logging.XmlKeywordLogger</class>
  <method>startKeyword</method>
  <thread>1</thread>
  <message>Start action : println(responseBodyContent)</message>
  <nestedLevel>1</nestedLevel>
  <property name="startLine">19</property>
  <property name="stepIndex">2</property>
</record>
<record>
  <date>2019-08-28T17:02:12</date>
  <millis>1567022532290</millis>
  <sequence>212</sequence>
  <level>END</level>
  <class>com.kms.katalon.core.logging.XmlKeywordLogger</class>
  <method>endKeyword</method>
  <thread>1</thread>
  <message>End action : println(responseBodyContent)</message>
  <nestedLevel>1</nestedLevel>
</record>
<record>
  <date>2019-08-28T17:02:12</date>
  <millis>1567022532290</millis>
  <sequence>213</sequence>
  <level>START</level>
  <class>com.kms.katalon.core.logging.XmlKeywordLogger</class>
  <method>startKeyword</method>
  <thread>1</thread>
  <message>Start action : parsedJson = slurper.parseText(responseBodyContent)</message>
  <nestedLevel>1</nestedLevel>
  <property name="startLine">21</property>
  <property name="stepIndex">3</property>
</record>
<record>
  <date>2019-08-28T17:02:12</date>
  <millis>1567022532291</millis>
  <sequence>214</sequence>
  <level>END</level>
  <class>com.kms.katalon.core.logging.XmlKeywordLogger</class>
  <method>endKeyword</method>
  <thread>1</thread>
  <message>End action : parsedJson = slurper.parseText(responseBodyContent)</message>
  <nestedLevel>1</nestedLevel>
</record>
<record>
  <date>2019-08-28T17:02:12</date>
  <millis>1567022532292</millis>
  <sequence>215</sequence>
  <level>START</level>
  <class>com.kms.katalon.core.logging.XmlKeywordLogger</class>
  <method>startKeyword</method>
  <thread>1</thread>
  <message>Start action : if (data != null &amp;amp;&amp;amp; lstPlanSimulado != null)</message>
  <nestedLevel>1</nestedLevel>
  <property name="startLine">24</property>
  <property name="stepIndex">4</property>
  <property name="description">si retorno datos</property>
</record>
<record>
  <date>2019-08-28T17:02:12</date>
  <millis>1567022532293</millis>
  <sequence>216</sequence>
  <level>START</level>
  <class>com.kms.katalon.core.logging.XmlKeywordLogger</class>
  <method>startKeyword</method>
  <thread>1</thread>
  <message>Start action : array1 = idEstado</message>
  <nestedLevel>2</nestedLevel>
  <property name="startLine">25</property>
  <property name="stepIndex">1</property>
</record>
<record>
  <date>2019-08-28T17:02:12</date>
  <millis>1567022532293</millis>
  <sequence>217</sequence>
  <level>END</level>
  <class>com.kms.katalon.core.logging.XmlKeywordLogger</class>
  <method>endKeyword</method>
  <thread>1</thread>
  <message>End action : array1 = idEstado</message>
  <nestedLevel>2</nestedLevel>
</record>
<record>
  <date>2019-08-28T17:02:12</date>
  <millis>1567022532293</millis>
  <sequence>218</sequence>
  <level>START</level>
  <class>com.kms.katalon.core.logging.XmlKeywordLogger</class>
  <method>startKeyword</method>
  <thread>1</thread>
  <message>Start action : bandera = false</message>
  <nestedLevel>2</nestedLevel>
  <property name="startLine">27</property>
  <property name="stepIndex">2</property>
</record>
<record>
  <date>2019-08-28T17:02:12</date>
  <millis>1567022532293</millis>
  <sequence>219</sequence>
  <level>END</level>
  <class>com.kms.katalon.core.logging.XmlKeywordLogger</class>
  <method>endKeyword</method>
  <thread>1</thread>
  <message>End action : bandera = false</message>
  <nestedLevel>2</nestedLevel>
</record>
<record>
  <date>2019-08-28T17:02:12</date>
  <millis>1567022532293</millis>
  <sequence>220</sequence>
  <level>START</level>
  <class>com.kms.katalon.core.logging.XmlKeywordLogger</class>
  <method>startKeyword</method>
  <thread>1</thread>
  <message>Start action : for (def cuotas : array1)</message>
  <nestedLevel>2</nestedLevel>
  <property name="startLine">29</property>
  <property name="stepIndex">3</property>
</record>
<record>
  <date>2019-08-28T17:02:12</date>
  <millis>1567022532293</millis>
  <sequence>221</sequence>
  <level>START</level>
  <class>com.kms.katalon.core.logging.XmlKeywordLogger</class>
  <method>startKeyword</method>
  <thread>1</thread>
  <message>Start action : if (cuotas == null || cuotas.compareToIgnoreCase(\&amp;quot;VIGENTE\&amp;quot;) || cuotas.compareToIgnoreCase(\&amp;quot;VENCIDA\&amp;quot;))</message>
  <nestedLevel>3</nestedLevel>
  <property name="startLine">30</property>
  <property name="stepIndex">1</property>
</record>
<record>
  <date>2019-08-28T17:02:12</date>
  <millis>1567022532298</millis>
  <sequence>222</sequence>
  <level>START</level>
  <class>com.kms.katalon.core.logging.XmlKeywordLogger</class>
  <method>startKeyword</method>
  <thread>1</thread>
  <message>Start action : bandera = true</message>
  <nestedLevel>4</nestedLevel>
  <property name="startLine">31</property>
  <property name="stepIndex">1</property>
</record>
<record>
  <date>2019-08-28T17:02:12</date>
  <millis>1567022532299</millis>
  <sequence>223</sequence>
  <level>END</level>
  <class>com.kms.katalon.core.logging.XmlKeywordLogger</class>
  <method>endKeyword</method>
  <thread>1</thread>
  <message>End action : bandera = true</message>
  <nestedLevel>4</nestedLevel>
</record>
<record>
  <date>2019-08-28T17:02:12</date>
  <millis>1567022532299</millis>
  <sequence>224</sequence>
  <level>START</level>
  <class>com.kms.katalon.core.logging.XmlKeywordLogger</class>
  <method>startKeyword</method>
  <thread>1</thread>
  <message>Start action : break</message>
  <nestedLevel>4</nestedLevel>
  <property name="startLine">33</property>
  <property name="stepIndex">2</property>
</record>
<record>
  <date>2019-08-28T17:02:12</date>
  <millis>1567022532301</millis>
  <sequence>225</sequence>
  <level>END</level>
  <class>com.kms.katalon.core.logging.XmlKeywordLogger</class>
  <method>endKeyword</method>
  <thread>1</thread>
  <message>End action : break</message>
  <nestedLevel>4</nestedLevel>
</record>
<record>
  <date>2019-08-28T17:02:12</date>
  <millis>1567022532301</millis>
  <sequence>226</sequence>
  <level>END</level>
  <class>com.kms.katalon.core.logging.XmlKeywordLogger</class>
  <method>endKeyword</method>
  <thread>1</thread>
  <message>End action : if (cuotas == null || cuotas.compareToIgnoreCase(\&amp;quot;VIGENTE\&amp;quot;) || cuotas.compareToIgnoreCase(\&amp;quot;VENCIDA\&amp;quot;))</message>
  <nestedLevel>3</nestedLevel>
</record>
<record>
  <date>2019-08-28T17:02:12</date>
  <millis>1567022532301</millis>
  <sequence>227</sequence>
  <level>END</level>
  <class>com.kms.katalon.core.logging.XmlKeywordLogger</class>
  <method>endKeyword</method>
  <thread>1</thread>
  <message>End action : for (def cuotas : array1)</message>
  <nestedLevel>2</nestedLevel>
</record>
<record>
  <date>2019-08-28T17:02:12</date>
  <millis>1567022532301</millis>
  <sequence>228</sequence>
  <level>START</level>
  <class>com.kms.katalon.core.logging.XmlKeywordLogger</class>
  <method>startKeyword</method>
  <thread>1</thread>
  <message>Start action : if (!(bandera))</message>
  <nestedLevel>2</nestedLevel>
  <property name="startLine">37</property>
  <property name="stepIndex">4</property>
</record>
<record>
  <date>2019-08-28T17:02:12</date>
  <millis>1567022532301</millis>
  <sequence>229</sequence>
  <level>END</level>
  <class>com.kms.katalon.core.logging.XmlKeywordLogger</class>
  <method>endKeyword</method>
  <thread>1</thread>
  <message>End action : if (!(bandera))</message>
  <nestedLevel>2</nestedLevel>
</record>
<record>
  <date>2019-08-28T17:02:12</date>
  <millis>1567022532301</millis>
  <sequence>230</sequence>
  <level>END</level>
  <class>com.kms.katalon.core.logging.XmlKeywordLogger</class>
  <method>endKeyword</method>
  <thread>1</thread>
  <message>End action : if (data != null &amp;amp;&amp;amp; lstPlanSimulado != null)</message>
  <nestedLevel>1</nestedLevel>
</record>
<record>
  <date>2019-08-28T17:02:12</date>
  <millis>1567022532301</millis>
  <sequence>231</sequence>
  <level>PASSED</level>
  <class>com.kms.katalon.core.logging.XmlKeywordLogger</class>
  <method>logMessage</method>
  <thread>1</thread>
  <message>Test Cases/WSPlanDePago/validar response plan de pago</message>
  <nestedLevel>2</nestedLevel>
</record>
<record>
  <date>2019-08-28T17:02:12</date>
  <millis>1567022532309</millis>
  <sequence>232</sequence>
  <level>END</level>
  <class>com.kms.katalon.core.logging.XmlKeywordLogger</class>
  <method>endTest</method>
  <thread>1</thread>
  <message>End Test Case : Test Cases/WSPlanDePago/validar response plan de pago</message>
  <nestedLevel>1</nestedLevel>
</record>
<record>
  <date>2019-08-28T17:02:12</date>
  <millis>1567022532310</millis>
  <sequence>233</sequence>
  <level>PASSED</level>
  <class>com.kms.katalon.core.logging.XmlKeywordLogger</class>
  <method>logMessage</method>
  <thread>1</thread>
  <message>Call Test Case &amp;apos;Test Cases/WSPlanDePago/validar response plan de pago&amp;apos; successfully</message>
  <nestedLevel>1</nestedLevel>
</record>
<record>
  <date>2019-08-28T17:02:12</date>
  <millis>1567022532311</millis>
  <sequence>234</sequence>
  <level>END</level>
  <class>com.kms.katalon.core.logging.XmlKeywordLogger</class>
  <method>endKeyword</method>
  <thread>1</thread>
  <message>End action : callTestCase(findTestCase(\&amp;quot;WSPlanDePago/validar response plan de pago\&amp;quot;), [\&amp;quot;t_response\&amp;quot;:response, \&amp;quot;t_cuit\&amp;quot;:g_cuit, \&amp;quot;t_idPlan\&amp;quot;:g_idPlan], STOP_ON_FAILURE)</message>
  <nestedLevel>1</nestedLevel>
</record>
<record>
  <date>2019-08-28T17:02:12</date>
  <millis>1567022532311</millis>
  <sequence>235</sequence>
  <level>PASSED</level>
  <class>com.kms.katalon.core.logging.XmlKeywordLogger</class>
  <method>logMessage</method>
  <thread>1</thread>
  <message>Test Cases/WSPlanDePago/obo plan de pago</message>
  <nestedLevel>1</nestedLevel>
</record>
<record>
  <date>2019-08-28T17:02:12</date>
  <millis>1567022532311</millis>
  <sequence>236</sequence>
  <level>END</level>
  <class>com.kms.katalon.core.logging.XmlKeywordLogger</class>
  <method>endTest</method>
  <thread>1</thread>
  <message>End Test Case : Test Cases/WSPlanDePago/obo plan de pago</message>
  <nestedLevel>0</nestedLevel>
</record>
<record>
  <date>2019-08-28T17:02:12</date>
  <millis>1567022532374</millis>
  <sequence>237</sequence>
  <level>END</level>
  <class>com.kms.katalon.core.logging.XmlKeywordLogger</class>
  <method>endSuite</method>
  <thread>1</thread>
  <message>End Test Suite : Test Suites/TSPlanDePago/TSPlanDePago</message>
  <nestedLevel>0</nestedLevel>
</record>
</log>
