<?xml version="1.0" encoding="UTF-8" standalone="no"?>
<!DOCTYPE log SYSTEM "logger.dtd">
<log>
<record>
  <date>2019-08-28T16:57:40</date>
  <millis>1567022260659</millis>
  <sequence>0</sequence>
  <level>START</level>
  <class>com.kms.katalon.core.logging.XmlKeywordLogger</class>
  <method>startSuite</method>
  <thread>1</thread>
  <message>Start Test Suite : Test Suites/Plan de Pago/TSPlanDePago</message>
  <nestedLevel>0</nestedLevel>
  <property name="name">TSPlanDePago</property>
  <property name="description"></property>
  <property name="id">Test Suites/Plan de Pago/TSPlanDePago</property>
</record>
<record>
  <date>2019-08-28T16:57:40</date>
  <millis>1567022260679</millis>
  <sequence>1</sequence>
  <level>RUN_DATA</level>
  <class>com.kms.katalon.core.logging.XmlKeywordLogger</class>
  <method>logMessage</method>
  <thread>1</thread>
  <message>hostName = maria - Marian-PC</message>
  <nestedLevel>0</nestedLevel>
  <property name="hostName">maria - Marian-PC</property>
</record>
<record>
  <date>2019-08-28T16:57:40</date>
  <millis>1567022260680</millis>
  <sequence>2</sequence>
  <level>RUN_DATA</level>
  <class>com.kms.katalon.core.logging.XmlKeywordLogger</class>
  <method>logMessage</method>
  <thread>1</thread>
  <message>os = Windows 10 64bit</message>
  <nestedLevel>0</nestedLevel>
  <property name="os">Windows 10 64bit</property>
</record>
<record>
  <date>2019-08-28T16:57:40</date>
  <millis>1567022260682</millis>
  <sequence>3</sequence>
  <level>RUN_DATA</level>
  <class>com.kms.katalon.core.logging.XmlKeywordLogger</class>
  <method>logMessage</method>
  <thread>1</thread>
  <message>hostAddress = 172.18.250.110</message>
  <nestedLevel>0</nestedLevel>
  <property name="hostAddress">172.18.250.110</property>
</record>
<record>
  <date>2019-08-28T16:57:40</date>
  <millis>1567022260683</millis>
  <sequence>4</sequence>
  <level>RUN_DATA</level>
  <class>com.kms.katalon.core.logging.XmlKeywordLogger</class>
  <method>logMessage</method>
  <thread>1</thread>
  <message>katalonVersion = 6.2.1.2</message>
  <nestedLevel>0</nestedLevel>
  <property name="katalonVersion">6.2.1.2</property>
</record>
<record>
  <date>2019-08-28T16:57:41</date>
  <millis>1567022261045</millis>
  <sequence>5</sequence>
  <level>START</level>
  <class>com.kms.katalon.core.logging.XmlKeywordLogger</class>
  <method>startTest</method>
  <thread>1</thread>
  <message>Start Test Case : Test Cases/WSPlanDePago/obo plan de pago</message>
  <nestedLevel>1</nestedLevel>
  <property name="name">Test Cases/WSPlanDePago/obo plan de pago</property>
  <property name="description"></property>
  <property name="id">Test Cases/WSPlanDePago/obo plan de pago</property>
  <property name="source">C:\\Users\\maria\\Desktop\\kolektor\\Testing\\Katalon\\CRM-TEST\\Test Cases\\WSPlanDePago\\obo plan de pago.tc</property>
  <property name="tag"></property>
  <property name="isOptional">false</property>
</record>
<record>
  <date>2019-08-28T16:57:41</date>
  <millis>1567022261117</millis>
  <sequence>7</sequence>
  <level>INFO</level>
  <class>com.kms.katalon.core.logging.XmlKeywordLogger</class>
  <method>logMessage</method>
  <thread>1</thread>
  <message>t_cuit = 21456789119</message>
  <nestedLevel>1</nestedLevel>
</record>
<record>
  <date>2019-08-28T16:57:41</date>
  <millis>1567022261237</millis>
  <sequence>8</sequence>
  <level>INFO</level>
  <class>com.kms.katalon.core.logging.XmlKeywordLogger</class>
  <method>logMessage</method>
  <thread>1</thread>
  <message>(Default) t_token = PD94bWwgdmVyc2lvbj0iMS4wIiBlbmNvZGluZz0iVVRGLTgiPz48c3NvIHZlcnNpb249IjIuMCI+PGlkIGRzdD0iYWZpcC1nb2JjYmEiIGV4cF90aW1lPSIxNTUyMzM1MjY1IiBnZW5fdGltZT0iMTU1MjMzNDk2NSIgc3JjPSJjbj1BdXRoc2VydmVyLCBvdT1ERVNFSU4sIG89QUZJUCwgYz1BUiIgdW5pcXVlX2lkPSIzMDUyOTc5MzUyIi8+PG9wZXJhdGlvbiB0eXBlPSJsb2dpbiIgdmFsdWU9ImdyYW50ZWQiPjxsb2dpbiBhdXRobWV0aG9kPSJwYXNzcGhyYXNlIiBlbnRpdHk9IjMzNjkzNDUwMjM5IiByZWdtZXRob2Q9IjMiIHNlcnZpY2U9ImFmaXAtZ29iY2JhIiB1aWQ9IjIwMjgyNTE2MTI5Ij48cmVsYXRpb25zPjxyZWxhdGlvbiBrZXk9IjIwMjU5MDI4Mzk3IiByZWx0eXBlPSIxMiIvPjxyZWxhdGlvbiBrZXk9IjIwMjgyNTE2MTI5IiByZWx0eXBlPSIxMiIvPjxyZWxhdGlvbiBrZXk9IjI3MjY0ODUzNDY1IiByZWx0eXBlPSIxMiIvPjwvcmVsYXRpb25zPjwvbG9naW4+PC9vcGVyYXRpb24+PC9zc28+</message>
  <nestedLevel>1</nestedLevel>
</record>
<record>
  <date>2019-08-28T16:57:41</date>
  <millis>1567022261255</millis>
  <sequence>9</sequence>
  <level>INFO</level>
  <class>com.kms.katalon.core.logging.XmlKeywordLogger</class>
  <method>logMessage</method>
  <thread>1</thread>
  <message>(Default) t_sign = PIFVSC4Fo5BYX3jIDKNLeeZpifOqt4P0G6bzqLGGUmAZ8RkyRwoBD7DqHOAyModmpAd+KUIL6syQY2M6Nq31vBHceunOqf2xFu2zms5gArk9CHQas8IZZinDRzju++Qj5iDQSxZrhZf1wL8Usonj+zLzZDCc5JsVS6IKMybVU8Y=</message>
  <nestedLevel>1</nestedLevel>
</record>
<record>
  <date>2019-08-28T16:57:41</date>
  <millis>1567022261255</millis>
  <sequence>10</sequence>
  <level>INFO</level>
  <class>com.kms.katalon.core.logging.XmlKeywordLogger</class>
  <method>logMessage</method>
  <thread>1</thread>
  <message>t_idPlan = 8974657374</message>
  <nestedLevel>1</nestedLevel>
</record>
<record>
  <date>2019-08-28T16:57:41</date>
  <millis>1567022261636</millis>
  <sequence>11</sequence>
  <level>START</level>
  <class>com.kms.katalon.core.logging.XmlKeywordLogger</class>
  <method>startKeyword</method>
  <thread>1</thread>
  <message>Start action : g_cuit = t_cuit</message>
  <nestedLevel>1</nestedLevel>
  <property name="startLine">17</property>
  <property name="stepIndex">1</property>
</record>
<record>
  <date>2019-08-28T16:57:41</date>
  <millis>1567022261972</millis>
  <sequence>12</sequence>
  <level>END</level>
  <class>com.kms.katalon.core.logging.XmlKeywordLogger</class>
  <method>endKeyword</method>
  <thread>1</thread>
  <message>End action : g_cuit = t_cuit</message>
  <nestedLevel>1</nestedLevel>
</record>
<record>
  <date>2019-08-28T16:57:41</date>
  <millis>1567022261972</millis>
  <sequence>13</sequence>
  <level>START</level>
  <class>com.kms.katalon.core.logging.XmlKeywordLogger</class>
  <method>startKeyword</method>
  <thread>1</thread>
  <message>Start action : g_idPlan = t_idPlan</message>
  <nestedLevel>1</nestedLevel>
  <property name="startLine">18</property>
  <property name="stepIndex">2</property>
</record>
<record>
  <date>2019-08-28T16:57:41</date>
  <millis>1567022261993</millis>
  <sequence>14</sequence>
  <level>END</level>
  <class>com.kms.katalon.core.logging.XmlKeywordLogger</class>
  <method>endKeyword</method>
  <thread>1</thread>
  <message>End action : g_idPlan = t_idPlan</message>
  <nestedLevel>1</nestedLevel>
</record>
<record>
  <date>2019-08-28T16:57:41</date>
  <millis>1567022261993</millis>
  <sequence>15</sequence>
  <level>START</level>
  <class>com.kms.katalon.core.logging.XmlKeywordLogger</class>
  <method>startKeyword</method>
  <thread>1</thread>
  <message>Start action : callTestCase(findTestCase(\&amp;quot;oauth-server/login obo ok\&amp;quot;), [\&amp;quot;t_servidor\&amp;quot;:g_servidor_oauth, \&amp;quot;t_http_username\&amp;quot;:\&amp;quot;klk-client\&amp;quot;, \&amp;quot;t_http_password\&amp;quot;:\&amp;quot;klk-secret\&amp;quot;, \&amp;quot;t_username\&amp;quot;:\&amp;quot;rentas-ie-admin\&amp;quot;, ... ], STOP_ON_FAILURE)</message>
  <nestedLevel>1</nestedLevel>
  <property name="startLine">20</property>
  <property name="stepIndex">3</property>
</record>
<record>
  <date>2019-08-28T16:57:42</date>
  <millis>1567022262227</millis>
  <sequence>18</sequence>
  <level>START</level>
  <class>com.kms.katalon.core.logging.XmlKeywordLogger</class>
  <method>startTest</method>
  <thread>1</thread>
  <message>Start Test Case : Test Cases/oauth-server/login obo ok</message>
  <nestedLevel>2</nestedLevel>
  <property name="name">Test Cases/oauth-server/login obo ok</property>
  <property name="description"></property>
  <property name="id">Test Cases/oauth-server/login obo ok</property>
  <property name="source">C:\\Users\\maria\\Desktop\\kolektor\\Testing\\Katalon\\CRM-TEST\\Test Cases\\oauth-server\\login obo ok.tc</property>
  <property name="tag"></property>
  <property name="isOptional">false</property>
</record>
<record>
  <date>2019-08-28T16:57:42</date>
  <millis>1567022262290</millis>
  <sequence>20</sequence>
  <level>INFO</level>
  <class>com.kms.katalon.core.logging.XmlKeywordLogger</class>
  <method>logMessage</method>
  <thread>1</thread>
  <message>t_servidor = https://apppreprod.rentascordoba.gob.ar</message>
  <nestedLevel>2</nestedLevel>
</record>
<record>
  <date>2019-08-28T16:57:42</date>
  <millis>1567022262291</millis>
  <sequence>21</sequence>
  <level>INFO</level>
  <class>com.kms.katalon.core.logging.XmlKeywordLogger</class>
  <method>logMessage</method>
  <thread>1</thread>
  <message>t_http_username = klk-client</message>
  <nestedLevel>2</nestedLevel>
</record>
<record>
  <date>2019-08-28T16:57:42</date>
  <millis>1567022262292</millis>
  <sequence>22</sequence>
  <level>INFO</level>
  <class>com.kms.katalon.core.logging.XmlKeywordLogger</class>
  <method>logMessage</method>
  <thread>1</thread>
  <message>t_http_password = klk-secret</message>
  <nestedLevel>2</nestedLevel>
</record>
<record>
  <date>2019-08-28T16:57:42</date>
  <millis>1567022262293</millis>
  <sequence>23</sequence>
  <level>INFO</level>
  <class>com.kms.katalon.core.logging.XmlKeywordLogger</class>
  <method>logMessage</method>
  <thread>1</thread>
  <message>t_username = rentas-ie-admin</message>
  <nestedLevel>2</nestedLevel>
</record>
<record>
  <date>2019-08-28T16:57:42</date>
  <millis>1567022262293</millis>
  <sequence>24</sequence>
  <level>INFO</level>
  <class>com.kms.katalon.core.logging.XmlKeywordLogger</class>
  <method>logMessage</method>
  <thread>1</thread>
  <message>t_password = rentasie2812</message>
  <nestedLevel>2</nestedLevel>
</record>
<record>
  <date>2019-08-28T16:57:42</date>
  <millis>1567022262293</millis>
  <sequence>25</sequence>
  <level>INFO</level>
  <class>com.kms.katalon.core.logging.XmlKeywordLogger</class>
  <method>logMessage</method>
  <thread>1</thread>
  <message>t_onbehalfof = 21456789119</message>
  <nestedLevel>2</nestedLevel>
</record>
<record>
  <date>2019-08-28T16:57:42</date>
  <millis>1567022262795</millis>
  <sequence>26</sequence>
  <level>START</level>
  <class>com.kms.katalon.core.logging.XmlKeywordLogger</class>
  <method>startKeyword</method>
  <thread>1</thread>
  <message>Start action : response = sendRequest(findTestObject(\&amp;quot;oauth-server/login on behalf of\&amp;quot;, [\&amp;quot;r_servidor\&amp;quot;:g_servidor_oauth, \&amp;quot;r_http_username\&amp;quot;:\&amp;quot;klk-client\&amp;quot;, \&amp;quot;r_http_password\&amp;quot;:\&amp;quot;klk-secret\&amp;quot;, \&amp;quot;r_username\&amp;quot;:t_username, \&amp;quot;r_password\&amp;quot;:t_password, ... ]))</message>
  <nestedLevel>1</nestedLevel>
  <property name="startLine">17</property>
  <property name="stepIndex">1</property>
</record>
<record>
  <date>2019-08-28T16:57:45</date>
  <millis>1567022265053</millis>
  <sequence>29</sequence>
  <level>INFO</level>
  <class>com.kms.katalon.core.logging.XmlKeywordLogger</class>
  <method>logMessage</method>
  <thread>1</thread>
  <message>HAR: C:\\Users\\maria\\Desktop\\kolektor\\Testing\\Katalon\\CRM-TEST\\Reports\\Plan de Pago\\TSPlanDePago\\20190828_165736\\requests\\main\\0.har</message>
  <nestedLevel>2</nestedLevel>
  <property name="harId">be879e1e-7882-49e8-9a75-0fe58ac9a536</property>
</record>
<record>
  <date>2019-08-28T16:57:45</date>
  <millis>1567022265183</millis>
  <sequence>30</sequence>
  <level>PASSED</level>
  <class>com.kms.katalon.core.logging.XmlKeywordLogger</class>
  <method>logMessage</method>
  <thread>1</thread>
  <message>Send request successfully</message>
  <nestedLevel>2</nestedLevel>
</record>
<record>
  <date>2019-08-28T16:57:45</date>
  <millis>1567022265184</millis>
  <sequence>31</sequence>
  <level>END</level>
  <class>com.kms.katalon.core.logging.XmlKeywordLogger</class>
  <method>endKeyword</method>
  <thread>1</thread>
  <message>End action : response = sendRequest(findTestObject(\&amp;quot;oauth-server/login on behalf of\&amp;quot;, [\&amp;quot;r_servidor\&amp;quot;:g_servidor_oauth, \&amp;quot;r_http_username\&amp;quot;:\&amp;quot;klk-client\&amp;quot;, \&amp;quot;r_http_password\&amp;quot;:\&amp;quot;klk-secret\&amp;quot;, \&amp;quot;r_username\&amp;quot;:t_username, \&amp;quot;r_password\&amp;quot;:t_password, ... ]))</message>
  <nestedLevel>1</nestedLevel>
</record>
<record>
  <date>2019-08-28T16:57:45</date>
  <millis>1567022265185</millis>
  <sequence>32</sequence>
  <level>START</level>
  <class>com.kms.katalon.core.logging.XmlKeywordLogger</class>
  <method>startKeyword</method>
  <thread>1</thread>
  <message>Start action : verifyResponseStatusCode(response, 200)</message>
  <nestedLevel>1</nestedLevel>
  <property name="startLine">21</property>
  <property name="stepIndex">2</property>
</record>
<record>
  <date>2019-08-28T16:57:45</date>
  <millis>1567022265205</millis>
  <sequence>34</sequence>
  <level>PASSED</level>
  <class>com.kms.katalon.core.logging.XmlKeywordLogger</class>
  <method>logMessage</method>
  <thread>1</thread>
  <message>Verify response status code successfully</message>
  <nestedLevel>2</nestedLevel>
</record>
<record>
  <date>2019-08-28T16:57:45</date>
  <millis>1567022265211</millis>
  <sequence>35</sequence>
  <level>END</level>
  <class>com.kms.katalon.core.logging.XmlKeywordLogger</class>
  <method>endKeyword</method>
  <thread>1</thread>
  <message>End action : verifyResponseStatusCode(response, 200)</message>
  <nestedLevel>1</nestedLevel>
</record>
<record>
  <date>2019-08-28T16:57:45</date>
  <millis>1567022265211</millis>
  <sequence>36</sequence>
  <level>START</level>
  <class>com.kms.katalon.core.logging.XmlKeywordLogger</class>
  <method>startKeyword</method>
  <thread>1</thread>
  <message>Start action : callTestCase(findTestCase(\&amp;quot;oauth-server/validar login\&amp;quot;), [\&amp;quot;t_response\&amp;quot;:response], STOP_ON_FAILURE)</message>
  <nestedLevel>1</nestedLevel>
  <property name="startLine">23</property>
  <property name="stepIndex">3</property>
</record>
<record>
  <date>2019-08-28T16:57:45</date>
  <millis>1567022265295</millis>
  <sequence>39</sequence>
  <level>START</level>
  <class>com.kms.katalon.core.logging.XmlKeywordLogger</class>
  <method>startTest</method>
  <thread>1</thread>
  <message>Start Test Case : Test Cases/oauth-server/validar login</message>
  <nestedLevel>3</nestedLevel>
  <property name="name">Test Cases/oauth-server/validar login</property>
  <property name="description"></property>
  <property name="id">Test Cases/oauth-server/validar login</property>
  <property name="source">C:\\Users\\maria\\Desktop\\kolektor\\Testing\\Katalon\\CRM-TEST\\Test Cases\\oauth-server\\validar login.tc</property>
  <property name="tag"></property>
  <property name="isOptional">false</property>
</record>
<record>
  <date>2019-08-28T16:57:45</date>
  <millis>1567022265349</millis>
  <sequence>41</sequence>
  <level>INFO</level>
  <class>com.kms.katalon.core.logging.XmlKeywordLogger</class>
  <method>logMessage</method>
  <thread>1</thread>
  <message>t_response = 200 1009 bytes</message>
  <nestedLevel>3</nestedLevel>
</record>
<record>
  <date>2019-08-28T16:57:45</date>
  <millis>1567022265625</millis>
  <sequence>42</sequence>
  <level>START</level>
  <class>com.kms.katalon.core.logging.XmlKeywordLogger</class>
  <method>startKeyword</method>
  <thread>1</thread>
  <message>Start action : slurper = new groovy.json.JsonSlurper()</message>
  <nestedLevel>1</nestedLevel>
  <property name="startLine">19</property>
  <property name="stepIndex">1</property>
</record>
<record>
  <date>2019-08-28T16:57:45</date>
  <millis>1567022265631</millis>
  <sequence>43</sequence>
  <level>END</level>
  <class>com.kms.katalon.core.logging.XmlKeywordLogger</class>
  <method>endKeyword</method>
  <thread>1</thread>
  <message>End action : slurper = new groovy.json.JsonSlurper()</message>
  <nestedLevel>1</nestedLevel>
</record>
<record>
  <date>2019-08-28T16:57:45</date>
  <millis>1567022265631</millis>
  <sequence>44</sequence>
  <level>START</level>
  <class>com.kms.katalon.core.logging.XmlKeywordLogger</class>
  <method>startKeyword</method>
  <thread>1</thread>
  <message>Start action : parsedJson = slurper.parseText(responseBodyContent)</message>
  <nestedLevel>1</nestedLevel>
  <property name="startLine">21</property>
  <property name="stepIndex">2</property>
</record>
<record>
  <date>2019-08-28T16:57:45</date>
  <millis>1567022265655</millis>
  <sequence>45</sequence>
  <level>END</level>
  <class>com.kms.katalon.core.logging.XmlKeywordLogger</class>
  <method>endKeyword</method>
  <thread>1</thread>
  <message>End action : parsedJson = slurper.parseText(responseBodyContent)</message>
  <nestedLevel>1</nestedLevel>
</record>
<record>
  <date>2019-08-28T16:57:45</date>
  <millis>1567022265655</millis>
  <sequence>46</sequence>
  <level>START</level>
  <class>com.kms.katalon.core.logging.XmlKeywordLogger</class>
  <method>startKeyword</method>
  <thread>1</thread>
  <message>Start action : t_access_token = parsedJson.get(\&amp;quot;access_token\&amp;quot;)</message>
  <nestedLevel>1</nestedLevel>
  <property name="startLine">23</property>
  <property name="stepIndex">3</property>
</record>
<record>
  <date>2019-08-28T16:57:45</date>
  <millis>1567022265660</millis>
  <sequence>47</sequence>
  <level>END</level>
  <class>com.kms.katalon.core.logging.XmlKeywordLogger</class>
  <method>endKeyword</method>
  <thread>1</thread>
  <message>End action : t_access_token = parsedJson.get(\&amp;quot;access_token\&amp;quot;)</message>
  <nestedLevel>1</nestedLevel>
</record>
<record>
  <date>2019-08-28T16:57:45</date>
  <millis>1567022265660</millis>
  <sequence>48</sequence>
  <level>START</level>
  <class>com.kms.katalon.core.logging.XmlKeywordLogger</class>
  <method>startKeyword</method>
  <thread>1</thread>
  <message>Start action : if (t_access_token == null)</message>
  <nestedLevel>1</nestedLevel>
  <property name="startLine">25</property>
  <property name="stepIndex">4</property>
</record>
<record>
  <date>2019-08-28T16:57:45</date>
  <millis>1567022265660</millis>
  <sequence>49</sequence>
  <level>END</level>
  <class>com.kms.katalon.core.logging.XmlKeywordLogger</class>
  <method>endKeyword</method>
  <thread>1</thread>
  <message>End action : if (t_access_token == null)</message>
  <nestedLevel>1</nestedLevel>
</record>
<record>
  <date>2019-08-28T16:57:45</date>
  <millis>1567022265660</millis>
  <sequence>50</sequence>
  <level>START</level>
  <class>com.kms.katalon.core.logging.XmlKeywordLogger</class>
  <method>startKeyword</method>
  <thread>1</thread>
  <message>Start action : g_access_token = t_access_token</message>
  <nestedLevel>1</nestedLevel>
  <property name="startLine">29</property>
  <property name="stepIndex">5</property>
</record>
<record>
  <date>2019-08-28T16:57:45</date>
  <millis>1567022265660</millis>
  <sequence>51</sequence>
  <level>END</level>
  <class>com.kms.katalon.core.logging.XmlKeywordLogger</class>
  <method>endKeyword</method>
  <thread>1</thread>
  <message>End action : g_access_token = t_access_token</message>
  <nestedLevel>1</nestedLevel>
</record>
<record>
  <date>2019-08-28T16:57:45</date>
  <millis>1567022265660</millis>
  <sequence>52</sequence>
  <level>START</level>
  <class>com.kms.katalon.core.logging.XmlKeywordLogger</class>
  <method>startKeyword</method>
  <thread>1</thread>
  <message>Start action : log = new com.kms.katalon.core.logging.KeywordLogger()</message>
  <nestedLevel>1</nestedLevel>
  <property name="startLine">30</property>
  <property name="stepIndex">6</property>
</record>
<record>
  <date>2019-08-28T16:57:45</date>
  <millis>1567022265670</millis>
  <sequence>53</sequence>
  <level>END</level>
  <class>com.kms.katalon.core.logging.XmlKeywordLogger</class>
  <method>endKeyword</method>
  <thread>1</thread>
  <message>End action : log = new com.kms.katalon.core.logging.KeywordLogger()</message>
  <nestedLevel>1</nestedLevel>
</record>
<record>
  <date>2019-08-28T16:57:45</date>
  <millis>1567022265670</millis>
  <sequence>54</sequence>
  <level>START</level>
  <class>com.kms.katalon.core.logging.XmlKeywordLogger</class>
  <method>startKeyword</method>
  <thread>1</thread>
  <message>Start action : log.logInfo(\&amp;quot;token global ------------&amp;gt; : \&amp;quot; + g_access_token)</message>
  <nestedLevel>1</nestedLevel>
  <property name="startLine">31</property>
  <property name="stepIndex">7</property>
</record>
<record>
  <date>2019-08-28T16:57:45</date>
  <millis>1567022265671</millis>
  <sequence>55</sequence>
  <level>INFO</level>
  <class>com.kms.katalon.core.logging.XmlKeywordLogger</class>
  <method>logMessage</method>
  <thread>1</thread>
  <message>token global ------------&amp;gt; : a88f160a-6de3-42fc-a27d-17ac599ad3fe</message>
  <nestedLevel>3</nestedLevel>
</record>
<record>
  <date>2019-08-28T16:57:45</date>
  <millis>1567022265672</millis>
  <sequence>56</sequence>
  <level>END</level>
  <class>com.kms.katalon.core.logging.XmlKeywordLogger</class>
  <method>endKeyword</method>
  <thread>1</thread>
  <message>End action : log.logInfo(\&amp;quot;token global ------------&amp;gt; : \&amp;quot; + g_access_token)</message>
  <nestedLevel>1</nestedLevel>
</record>
<record>
  <date>2019-08-28T16:57:45</date>
  <millis>1567022265672</millis>
  <sequence>57</sequence>
  <level>PASSED</level>
  <class>com.kms.katalon.core.logging.XmlKeywordLogger</class>
  <method>logMessage</method>
  <thread>1</thread>
  <message>Test Cases/oauth-server/validar login</message>
  <nestedLevel>3</nestedLevel>
</record>
<record>
  <date>2019-08-28T16:57:45</date>
  <millis>1567022265672</millis>
  <sequence>58</sequence>
  <level>END</level>
  <class>com.kms.katalon.core.logging.XmlKeywordLogger</class>
  <method>endTest</method>
  <thread>1</thread>
  <message>End Test Case : Test Cases/oauth-server/validar login</message>
  <nestedLevel>2</nestedLevel>
</record>
<record>
  <date>2019-08-28T16:57:45</date>
  <millis>1567022265672</millis>
  <sequence>59</sequence>
  <level>PASSED</level>
  <class>com.kms.katalon.core.logging.XmlKeywordLogger</class>
  <method>logMessage</method>
  <thread>1</thread>
  <message>Call Test Case &amp;apos;Test Cases/oauth-server/validar login&amp;apos; successfully</message>
  <nestedLevel>2</nestedLevel>
</record>
<record>
  <date>2019-08-28T16:57:45</date>
  <millis>1567022265678</millis>
  <sequence>60</sequence>
  <level>END</level>
  <class>com.kms.katalon.core.logging.XmlKeywordLogger</class>
  <method>endKeyword</method>
  <thread>1</thread>
  <message>End action : callTestCase(findTestCase(\&amp;quot;oauth-server/validar login\&amp;quot;), [\&amp;quot;t_response\&amp;quot;:response], STOP_ON_FAILURE)</message>
  <nestedLevel>1</nestedLevel>
</record>
<record>
  <date>2019-08-28T16:57:45</date>
  <millis>1567022265680</millis>
  <sequence>61</sequence>
  <level>START</level>
  <class>com.kms.katalon.core.logging.XmlKeywordLogger</class>
  <method>startKeyword</method>
  <thread>1</thread>
  <message>Start action : response = sendRequest(findTestObject(\&amp;quot;oauth-server/user\&amp;quot;, [\&amp;quot;r_servidor\&amp;quot;:g_servidor_oauth, \&amp;quot;r_token\&amp;quot;:g_access_token]))</message>
  <nestedLevel>1</nestedLevel>
  <property name="startLine">25</property>
  <property name="stepIndex">4</property>
</record>
<record>
  <date>2019-08-28T16:57:45</date>
  <millis>1567022265894</millis>
  <sequence>64</sequence>
  <level>INFO</level>
  <class>com.kms.katalon.core.logging.XmlKeywordLogger</class>
  <method>logMessage</method>
  <thread>1</thread>
  <message>HAR: C:\\Users\\maria\\Desktop\\kolektor\\Testing\\Katalon\\CRM-TEST\\Reports\\Plan de Pago\\TSPlanDePago\\20190828_165736\\requests\\main\\1.har</message>
  <nestedLevel>2</nestedLevel>
  <property name="harId">d95c8749-4fc7-4aa7-9823-122f098eff2f</property>
</record>
<record>
  <date>2019-08-28T16:57:45</date>
  <millis>1567022265904</millis>
  <sequence>65</sequence>
  <level>PASSED</level>
  <class>com.kms.katalon.core.logging.XmlKeywordLogger</class>
  <method>logMessage</method>
  <thread>1</thread>
  <message>Send request successfully</message>
  <nestedLevel>2</nestedLevel>
</record>
<record>
  <date>2019-08-28T16:57:45</date>
  <millis>1567022265904</millis>
  <sequence>66</sequence>
  <level>END</level>
  <class>com.kms.katalon.core.logging.XmlKeywordLogger</class>
  <method>endKeyword</method>
  <thread>1</thread>
  <message>End action : response = sendRequest(findTestObject(\&amp;quot;oauth-server/user\&amp;quot;, [\&amp;quot;r_servidor\&amp;quot;:g_servidor_oauth, \&amp;quot;r_token\&amp;quot;:g_access_token]))</message>
  <nestedLevel>1</nestedLevel>
</record>
<record>
  <date>2019-08-28T16:57:45</date>
  <millis>1567022265904</millis>
  <sequence>67</sequence>
  <level>START</level>
  <class>com.kms.katalon.core.logging.XmlKeywordLogger</class>
  <method>startKeyword</method>
  <thread>1</thread>
  <message>Start action : verifyResponseStatusCode(response, 200)</message>
  <nestedLevel>1</nestedLevel>
  <property name="startLine">27</property>
  <property name="stepIndex">5</property>
</record>
<record>
  <date>2019-08-28T16:57:45</date>
  <millis>1567022265911</millis>
  <sequence>69</sequence>
  <level>PASSED</level>
  <class>com.kms.katalon.core.logging.XmlKeywordLogger</class>
  <method>logMessage</method>
  <thread>1</thread>
  <message>Verify response status code successfully</message>
  <nestedLevel>2</nestedLevel>
</record>
<record>
  <date>2019-08-28T16:57:45</date>
  <millis>1567022265911</millis>
  <sequence>70</sequence>
  <level>END</level>
  <class>com.kms.katalon.core.logging.XmlKeywordLogger</class>
  <method>endKeyword</method>
  <thread>1</thread>
  <message>End action : verifyResponseStatusCode(response, 200)</message>
  <nestedLevel>1</nestedLevel>
</record>
<record>
  <date>2019-08-28T16:57:45</date>
  <millis>1567022265911</millis>
  <sequence>71</sequence>
  <level>PASSED</level>
  <class>com.kms.katalon.core.logging.XmlKeywordLogger</class>
  <method>logMessage</method>
  <thread>1</thread>
  <message>Test Cases/oauth-server/login obo ok</message>
  <nestedLevel>2</nestedLevel>
</record>
<record>
  <date>2019-08-28T16:57:45</date>
  <millis>1567022265911</millis>
  <sequence>72</sequence>
  <level>END</level>
  <class>com.kms.katalon.core.logging.XmlKeywordLogger</class>
  <method>endTest</method>
  <thread>1</thread>
  <message>End Test Case : Test Cases/oauth-server/login obo ok</message>
  <nestedLevel>1</nestedLevel>
</record>
<record>
  <date>2019-08-28T16:57:45</date>
  <millis>1567022265911</millis>
  <sequence>73</sequence>
  <level>PASSED</level>
  <class>com.kms.katalon.core.logging.XmlKeywordLogger</class>
  <method>logMessage</method>
  <thread>1</thread>
  <message>Call Test Case &amp;apos;Test Cases/oauth-server/login obo ok&amp;apos; successfully</message>
  <nestedLevel>1</nestedLevel>
</record>
<record>
  <date>2019-08-28T16:57:45</date>
  <millis>1567022265924</millis>
  <sequence>74</sequence>
  <level>END</level>
  <class>com.kms.katalon.core.logging.XmlKeywordLogger</class>
  <method>endKeyword</method>
  <thread>1</thread>
  <message>End action : callTestCase(findTestCase(\&amp;quot;oauth-server/login obo ok\&amp;quot;), [\&amp;quot;t_servidor\&amp;quot;:g_servidor_oauth, \&amp;quot;t_http_username\&amp;quot;:\&amp;quot;klk-client\&amp;quot;, \&amp;quot;t_http_password\&amp;quot;:\&amp;quot;klk-secret\&amp;quot;, \&amp;quot;t_username\&amp;quot;:\&amp;quot;rentas-ie-admin\&amp;quot;, ... ], STOP_ON_FAILURE)</message>
  <nestedLevel>1</nestedLevel>
</record>
<record>
  <date>2019-08-28T16:57:45</date>
  <millis>1567022265924</millis>
  <sequence>75</sequence>
  <level>START</level>
  <class>com.kms.katalon.core.logging.XmlKeywordLogger</class>
  <method>startKeyword</method>
  <thread>1</thread>
  <message>Start action : response = sendRequest(findTestObject(\&amp;quot;WSPlanDePago/c2 plan de pago\&amp;quot;, [\&amp;quot;r_access_token\&amp;quot;:g_access_token, \&amp;quot;r_cuit\&amp;quot;:g_cuit, \&amp;quot;r_idPlan\&amp;quot;:g_idPlan]))</message>
  <nestedLevel>1</nestedLevel>
  <property name="startLine">24</property>
  <property name="stepIndex">4</property>
</record>
<record>
  <date>2019-08-28T16:57:46</date>
  <millis>1567022266786</millis>
  <sequence>78</sequence>
  <level>INFO</level>
  <class>com.kms.katalon.core.logging.XmlKeywordLogger</class>
  <method>logMessage</method>
  <thread>1</thread>
  <message>HAR: C:\\Users\\maria\\Desktop\\kolektor\\Testing\\Katalon\\CRM-TEST\\Reports\\Plan de Pago\\TSPlanDePago\\20190828_165736\\requests\\main\\2.har</message>
  <nestedLevel>1</nestedLevel>
  <property name="harId">f39b5358-fa9e-464c-bed6-b05566cbb3bb</property>
</record>
<record>
  <date>2019-08-28T16:57:46</date>
  <millis>1567022266885</millis>
  <sequence>79</sequence>
  <level>PASSED</level>
  <class>com.kms.katalon.core.logging.XmlKeywordLogger</class>
  <method>logMessage</method>
  <thread>1</thread>
  <message>Send request successfully</message>
  <nestedLevel>1</nestedLevel>
</record>
<record>
  <date>2019-08-28T16:57:46</date>
  <millis>1567022266887</millis>
  <sequence>80</sequence>
  <level>END</level>
  <class>com.kms.katalon.core.logging.XmlKeywordLogger</class>
  <method>endKeyword</method>
  <thread>1</thread>
  <message>End action : response = sendRequest(findTestObject(\&amp;quot;WSPlanDePago/c2 plan de pago\&amp;quot;, [\&amp;quot;r_access_token\&amp;quot;:g_access_token, \&amp;quot;r_cuit\&amp;quot;:g_cuit, \&amp;quot;r_idPlan\&amp;quot;:g_idPlan]))</message>
  <nestedLevel>1</nestedLevel>
</record>
<record>
  <date>2019-08-28T16:57:46</date>
  <millis>1567022266891</millis>
  <sequence>81</sequence>
  <level>START</level>
  <class>com.kms.katalon.core.logging.XmlKeywordLogger</class>
  <method>startKeyword</method>
  <thread>1</thread>
  <message>Start action : verifyResponseStatusCode(response, 200)</message>
  <nestedLevel>1</nestedLevel>
  <property name="startLine">27</property>
  <property name="stepIndex">5</property>
</record>
<record>
  <date>2019-08-28T16:57:46</date>
  <millis>1567022266901</millis>
  <sequence>83</sequence>
  <level>PASSED</level>
  <class>com.kms.katalon.core.logging.XmlKeywordLogger</class>
  <method>logMessage</method>
  <thread>1</thread>
  <message>Verify response status code successfully</message>
  <nestedLevel>1</nestedLevel>
</record>
<record>
  <date>2019-08-28T16:57:46</date>
  <millis>1567022266901</millis>
  <sequence>84</sequence>
  <level>END</level>
  <class>com.kms.katalon.core.logging.XmlKeywordLogger</class>
  <method>endKeyword</method>
  <thread>1</thread>
  <message>End action : verifyResponseStatusCode(response, 200)</message>
  <nestedLevel>1</nestedLevel>
</record>
<record>
  <date>2019-08-28T16:57:46</date>
  <millis>1567022266905</millis>
  <sequence>85</sequence>
  <level>START</level>
  <class>com.kms.katalon.core.logging.XmlKeywordLogger</class>
  <method>startKeyword</method>
  <thread>1</thread>
  <message>Start action : callTestCase(findTestCase(\&amp;quot;WSPlanDePago/validar response plan de pago\&amp;quot;), [\&amp;quot;t_response\&amp;quot;:response, \&amp;quot;t_cuit\&amp;quot;:g_cuit, \&amp;quot;t_idPlan\&amp;quot;:g_idPlan], STOP_ON_FAILURE)</message>
  <nestedLevel>1</nestedLevel>
  <property name="startLine">29</property>
  <property name="stepIndex">6</property>
</record>
<record>
  <date>2019-08-28T16:57:46</date>
  <millis>1567022266972</millis>
  <sequence>88</sequence>
  <level>START</level>
  <class>com.kms.katalon.core.logging.XmlKeywordLogger</class>
  <method>startTest</method>
  <thread>1</thread>
  <message>Start Test Case : Test Cases/WSPlanDePago/validar response plan de pago</message>
  <nestedLevel>2</nestedLevel>
  <property name="name">Test Cases/WSPlanDePago/validar response plan de pago</property>
  <property name="description"></property>
  <property name="id">Test Cases/WSPlanDePago/validar response plan de pago</property>
  <property name="source">C:\\Users\\maria\\Desktop\\kolektor\\Testing\\Katalon\\CRM-TEST\\Test Cases\\WSPlanDePago\\validar response plan de pago.tc</property>
  <property name="tag"></property>
  <property name="isOptional">false</property>
</record>
<record>
  <date>2019-08-28T16:57:46</date>
  <millis>1567022266994</millis>
  <sequence>90</sequence>
  <level>INFO</level>
  <class>com.kms.katalon.core.logging.XmlKeywordLogger</class>
  <method>logMessage</method>
  <thread>1</thread>
  <message>t_response = 200 1 KB</message>
  <nestedLevel>2</nestedLevel>
</record>
<record>
  <date>2019-08-28T16:57:46</date>
  <millis>1567022266994</millis>
  <sequence>91</sequence>
  <level>INFO</level>
  <class>com.kms.katalon.core.logging.XmlKeywordLogger</class>
  <method>logMessage</method>
  <thread>1</thread>
  <message>t_cuit = 21456789119</message>
  <nestedLevel>2</nestedLevel>
</record>
<record>
  <date>2019-08-28T16:57:46</date>
  <millis>1567022266994</millis>
  <sequence>92</sequence>
  <level>INFO</level>
  <class>com.kms.katalon.core.logging.XmlKeywordLogger</class>
  <method>logMessage</method>
  <thread>1</thread>
  <message>t_idPlan = 8974657374</message>
  <nestedLevel>2</nestedLevel>
</record>
<record>
  <date>2019-08-28T16:57:47</date>
  <millis>1567022267274</millis>
  <sequence>93</sequence>
  <level>START</level>
  <class>com.kms.katalon.core.logging.XmlKeywordLogger</class>
  <method>startKeyword</method>
  <thread>1</thread>
  <message>Start action : slurper = new groovy.json.JsonSlurper()</message>
  <nestedLevel>1</nestedLevel>
  <property name="startLine">17</property>
  <property name="stepIndex">1</property>
</record>
<record>
  <date>2019-08-28T16:57:47</date>
  <millis>1567022267275</millis>
  <sequence>94</sequence>
  <level>END</level>
  <class>com.kms.katalon.core.logging.XmlKeywordLogger</class>
  <method>endKeyword</method>
  <thread>1</thread>
  <message>End action : slurper = new groovy.json.JsonSlurper()</message>
  <nestedLevel>1</nestedLevel>
</record>
<record>
  <date>2019-08-28T16:57:47</date>
  <millis>1567022267275</millis>
  <sequence>95</sequence>
  <level>START</level>
  <class>com.kms.katalon.core.logging.XmlKeywordLogger</class>
  <method>startKeyword</method>
  <thread>1</thread>
  <message>Start action : println(responseBodyContent)</message>
  <nestedLevel>1</nestedLevel>
  <property name="startLine">19</property>
  <property name="stepIndex">2</property>
</record>
<record>
  <date>2019-08-28T16:57:47</date>
  <millis>1567022267276</millis>
  <sequence>96</sequence>
  <level>END</level>
  <class>com.kms.katalon.core.logging.XmlKeywordLogger</class>
  <method>endKeyword</method>
  <thread>1</thread>
  <message>End action : println(responseBodyContent)</message>
  <nestedLevel>1</nestedLevel>
</record>
<record>
  <date>2019-08-28T16:57:47</date>
  <millis>1567022267281</millis>
  <sequence>97</sequence>
  <level>START</level>
  <class>com.kms.katalon.core.logging.XmlKeywordLogger</class>
  <method>startKeyword</method>
  <thread>1</thread>
  <message>Start action : parsedJson = slurper.parseText(responseBodyContent)</message>
  <nestedLevel>1</nestedLevel>
  <property name="startLine">21</property>
  <property name="stepIndex">3</property>
</record>
<record>
  <date>2019-08-28T16:57:47</date>
  <millis>1567022267281</millis>
  <sequence>98</sequence>
  <level>END</level>
  <class>com.kms.katalon.core.logging.XmlKeywordLogger</class>
  <method>endKeyword</method>
  <thread>1</thread>
  <message>End action : parsedJson = slurper.parseText(responseBodyContent)</message>
  <nestedLevel>1</nestedLevel>
</record>
<record>
  <date>2019-08-28T16:57:47</date>
  <millis>1567022267281</millis>
  <sequence>99</sequence>
  <level>START</level>
  <class>com.kms.katalon.core.logging.XmlKeywordLogger</class>
  <method>startKeyword</method>
  <thread>1</thread>
  <message>Start action : if (data != null &amp;amp;&amp;amp; lstPlanSimulado != null)</message>
  <nestedLevel>1</nestedLevel>
  <property name="startLine">24</property>
  <property name="stepIndex">4</property>
  <property name="description">si retorno datos</property>
</record>
<record>
  <date>2019-08-28T16:57:47</date>
  <millis>1567022267281</millis>
  <sequence>100</sequence>
  <level>START</level>
  <class>com.kms.katalon.core.logging.XmlKeywordLogger</class>
  <method>startKeyword</method>
  <thread>1</thread>
  <message>Start action : array1 = idEstado</message>
  <nestedLevel>2</nestedLevel>
  <property name="startLine">25</property>
  <property name="stepIndex">1</property>
</record>
<record>
  <date>2019-08-28T16:57:47</date>
  <millis>1567022267290</millis>
  <sequence>101</sequence>
  <level>END</level>
  <class>com.kms.katalon.core.logging.XmlKeywordLogger</class>
  <method>endKeyword</method>
  <thread>1</thread>
  <message>End action : array1 = idEstado</message>
  <nestedLevel>2</nestedLevel>
</record>
<record>
  <date>2019-08-28T16:57:47</date>
  <millis>1567022267291</millis>
  <sequence>102</sequence>
  <level>START</level>
  <class>com.kms.katalon.core.logging.XmlKeywordLogger</class>
  <method>startKeyword</method>
  <thread>1</thread>
  <message>Start action : bandera = false</message>
  <nestedLevel>2</nestedLevel>
  <property name="startLine">27</property>
  <property name="stepIndex">2</property>
</record>
<record>
  <date>2019-08-28T16:57:47</date>
  <millis>1567022267292</millis>
  <sequence>103</sequence>
  <level>END</level>
  <class>com.kms.katalon.core.logging.XmlKeywordLogger</class>
  <method>endKeyword</method>
  <thread>1</thread>
  <message>End action : bandera = false</message>
  <nestedLevel>2</nestedLevel>
</record>
<record>
  <date>2019-08-28T16:57:47</date>
  <millis>1567022267292</millis>
  <sequence>104</sequence>
  <level>START</level>
  <class>com.kms.katalon.core.logging.XmlKeywordLogger</class>
  <method>startKeyword</method>
  <thread>1</thread>
  <message>Start action : for (def cuotas : array1)</message>
  <nestedLevel>2</nestedLevel>
  <property name="startLine">29</property>
  <property name="stepIndex">3</property>
</record>
<record>
  <date>2019-08-28T16:57:47</date>
  <millis>1567022267292</millis>
  <sequence>105</sequence>
  <level>START</level>
  <class>com.kms.katalon.core.logging.XmlKeywordLogger</class>
  <method>startKeyword</method>
  <thread>1</thread>
  <message>Start action : if (cuotas == null || cuotas.compareToIgnoreCase(\&amp;quot;VIGENTE\&amp;quot;) || cuotas.compareToIgnoreCase(\&amp;quot;VENCIDA\&amp;quot;))</message>
  <nestedLevel>3</nestedLevel>
  <property name="startLine">30</property>
  <property name="stepIndex">1</property>
</record>
<record>
  <date>2019-08-28T16:57:47</date>
  <millis>1567022267292</millis>
  <sequence>106</sequence>
  <level>START</level>
  <class>com.kms.katalon.core.logging.XmlKeywordLogger</class>
  <method>startKeyword</method>
  <thread>1</thread>
  <message>Start action : bandera = true</message>
  <nestedLevel>4</nestedLevel>
  <property name="startLine">31</property>
  <property name="stepIndex">1</property>
</record>
<record>
  <date>2019-08-28T16:57:47</date>
  <millis>1567022267292</millis>
  <sequence>107</sequence>
  <level>END</level>
  <class>com.kms.katalon.core.logging.XmlKeywordLogger</class>
  <method>endKeyword</method>
  <thread>1</thread>
  <message>End action : bandera = true</message>
  <nestedLevel>4</nestedLevel>
</record>
<record>
  <date>2019-08-28T16:57:47</date>
  <millis>1567022267292</millis>
  <sequence>108</sequence>
  <level>START</level>
  <class>com.kms.katalon.core.logging.XmlKeywordLogger</class>
  <method>startKeyword</method>
  <thread>1</thread>
  <message>Start action : break</message>
  <nestedLevel>4</nestedLevel>
  <property name="startLine">33</property>
  <property name="stepIndex">2</property>
</record>
<record>
  <date>2019-08-28T16:57:47</date>
  <millis>1567022267302</millis>
  <sequence>109</sequence>
  <level>END</level>
  <class>com.kms.katalon.core.logging.XmlKeywordLogger</class>
  <method>endKeyword</method>
  <thread>1</thread>
  <message>End action : break</message>
  <nestedLevel>4</nestedLevel>
</record>
<record>
  <date>2019-08-28T16:57:47</date>
  <millis>1567022267302</millis>
  <sequence>110</sequence>
  <level>END</level>
  <class>com.kms.katalon.core.logging.XmlKeywordLogger</class>
  <method>endKeyword</method>
  <thread>1</thread>
  <message>End action : if (cuotas == null || cuotas.compareToIgnoreCase(\&amp;quot;VIGENTE\&amp;quot;) || cuotas.compareToIgnoreCase(\&amp;quot;VENCIDA\&amp;quot;))</message>
  <nestedLevel>3</nestedLevel>
</record>
<record>
  <date>2019-08-28T16:57:47</date>
  <millis>1567022267302</millis>
  <sequence>111</sequence>
  <level>END</level>
  <class>com.kms.katalon.core.logging.XmlKeywordLogger</class>
  <method>endKeyword</method>
  <thread>1</thread>
  <message>End action : for (def cuotas : array1)</message>
  <nestedLevel>2</nestedLevel>
</record>
<record>
  <date>2019-08-28T16:57:47</date>
  <millis>1567022267302</millis>
  <sequence>112</sequence>
  <level>START</level>
  <class>com.kms.katalon.core.logging.XmlKeywordLogger</class>
  <method>startKeyword</method>
  <thread>1</thread>
  <message>Start action : if (!(bandera))</message>
  <nestedLevel>2</nestedLevel>
  <property name="startLine">37</property>
  <property name="stepIndex">4</property>
</record>
<record>
  <date>2019-08-28T16:57:47</date>
  <millis>1567022267302</millis>
  <sequence>113</sequence>
  <level>END</level>
  <class>com.kms.katalon.core.logging.XmlKeywordLogger</class>
  <method>endKeyword</method>
  <thread>1</thread>
  <message>End action : if (!(bandera))</message>
  <nestedLevel>2</nestedLevel>
</record>
<record>
  <date>2019-08-28T16:57:47</date>
  <millis>1567022267302</millis>
  <sequence>114</sequence>
  <level>END</level>
  <class>com.kms.katalon.core.logging.XmlKeywordLogger</class>
  <method>endKeyword</method>
  <thread>1</thread>
  <message>End action : if (data != null &amp;amp;&amp;amp; lstPlanSimulado != null)</message>
  <nestedLevel>1</nestedLevel>
</record>
<record>
  <date>2019-08-28T16:57:47</date>
  <millis>1567022267302</millis>
  <sequence>115</sequence>
  <level>PASSED</level>
  <class>com.kms.katalon.core.logging.XmlKeywordLogger</class>
  <method>logMessage</method>
  <thread>1</thread>
  <message>Test Cases/WSPlanDePago/validar response plan de pago</message>
  <nestedLevel>2</nestedLevel>
</record>
<record>
  <date>2019-08-28T16:57:47</date>
  <millis>1567022267302</millis>
  <sequence>116</sequence>
  <level>END</level>
  <class>com.kms.katalon.core.logging.XmlKeywordLogger</class>
  <method>endTest</method>
  <thread>1</thread>
  <message>End Test Case : Test Cases/WSPlanDePago/validar response plan de pago</message>
  <nestedLevel>1</nestedLevel>
</record>
<record>
  <date>2019-08-28T16:57:47</date>
  <millis>1567022267302</millis>
  <sequence>117</sequence>
  <level>PASSED</level>
  <class>com.kms.katalon.core.logging.XmlKeywordLogger</class>
  <method>logMessage</method>
  <thread>1</thread>
  <message>Call Test Case &amp;apos;Test Cases/WSPlanDePago/validar response plan de pago&amp;apos; successfully</message>
  <nestedLevel>1</nestedLevel>
</record>
<record>
  <date>2019-08-28T16:57:47</date>
  <millis>1567022267311</millis>
  <sequence>118</sequence>
  <level>END</level>
  <class>com.kms.katalon.core.logging.XmlKeywordLogger</class>
  <method>endKeyword</method>
  <thread>1</thread>
  <message>End action : callTestCase(findTestCase(\&amp;quot;WSPlanDePago/validar response plan de pago\&amp;quot;), [\&amp;quot;t_response\&amp;quot;:response, \&amp;quot;t_cuit\&amp;quot;:g_cuit, \&amp;quot;t_idPlan\&amp;quot;:g_idPlan], STOP_ON_FAILURE)</message>
  <nestedLevel>1</nestedLevel>
</record>
<record>
  <date>2019-08-28T16:57:47</date>
  <millis>1567022267311</millis>
  <sequence>119</sequence>
  <level>PASSED</level>
  <class>com.kms.katalon.core.logging.XmlKeywordLogger</class>
  <method>logMessage</method>
  <thread>1</thread>
  <message>Test Cases/WSPlanDePago/obo plan de pago</message>
  <nestedLevel>1</nestedLevel>
</record>
<record>
  <date>2019-08-28T16:57:47</date>
  <millis>1567022267311</millis>
  <sequence>120</sequence>
  <level>END</level>
  <class>com.kms.katalon.core.logging.XmlKeywordLogger</class>
  <method>endTest</method>
  <thread>1</thread>
  <message>End Test Case : Test Cases/WSPlanDePago/obo plan de pago</message>
  <nestedLevel>0</nestedLevel>
</record>
<record>
  <date>2019-08-28T16:57:47</date>
  <millis>1567022267315</millis>
  <sequence>121</sequence>
  <level>START</level>
  <class>com.kms.katalon.core.logging.XmlKeywordLogger</class>
  <method>startTest</method>
  <thread>1</thread>
  <message>Start Test Case : Test Cases/WSPlanDePago/obo plan de pago</message>
  <nestedLevel>1</nestedLevel>
  <property name="name">Test Cases/WSPlanDePago/obo plan de pago</property>
  <property name="description"></property>
  <property name="id">Test Cases/WSPlanDePago/obo plan de pago</property>
  <property name="source">C:\\Users\\maria\\Desktop\\kolektor\\Testing\\Katalon\\CRM-TEST\\Test Cases\\WSPlanDePago\\obo plan de pago.tc</property>
  <property name="tag"></property>
  <property name="isOptional">false</property>
</record>
<record>
  <date>2019-08-28T16:57:47</date>
  <millis>1567022267338</millis>
  <sequence>123</sequence>
  <level>INFO</level>
  <class>com.kms.katalon.core.logging.XmlKeywordLogger</class>
  <method>logMessage</method>
  <thread>1</thread>
  <message>t_cuit = 28282223349</message>
  <nestedLevel>1</nestedLevel>
</record>
<record>
  <date>2019-08-28T16:57:47</date>
  <millis>1567022267355</millis>
  <sequence>124</sequence>
  <level>INFO</level>
  <class>com.kms.katalon.core.logging.XmlKeywordLogger</class>
  <method>logMessage</method>
  <thread>1</thread>
  <message>(Default) t_token = PD94bWwgdmVyc2lvbj0iMS4wIiBlbmNvZGluZz0iVVRGLTgiPz48c3NvIHZlcnNpb249IjIuMCI+PGlkIGRzdD0iYWZpcC1nb2JjYmEiIGV4cF90aW1lPSIxNTUyMzM1MjY1IiBnZW5fdGltZT0iMTU1MjMzNDk2NSIgc3JjPSJjbj1BdXRoc2VydmVyLCBvdT1ERVNFSU4sIG89QUZJUCwgYz1BUiIgdW5pcXVlX2lkPSIzMDUyOTc5MzUyIi8+PG9wZXJhdGlvbiB0eXBlPSJsb2dpbiIgdmFsdWU9ImdyYW50ZWQiPjxsb2dpbiBhdXRobWV0aG9kPSJwYXNzcGhyYXNlIiBlbnRpdHk9IjMzNjkzNDUwMjM5IiByZWdtZXRob2Q9IjMiIHNlcnZpY2U9ImFmaXAtZ29iY2JhIiB1aWQ9IjIwMjgyNTE2MTI5Ij48cmVsYXRpb25zPjxyZWxhdGlvbiBrZXk9IjIwMjU5MDI4Mzk3IiByZWx0eXBlPSIxMiIvPjxyZWxhdGlvbiBrZXk9IjIwMjgyNTE2MTI5IiByZWx0eXBlPSIxMiIvPjxyZWxhdGlvbiBrZXk9IjI3MjY0ODUzNDY1IiByZWx0eXBlPSIxMiIvPjwvcmVsYXRpb25zPjwvbG9naW4+PC9vcGVyYXRpb24+PC9zc28+</message>
  <nestedLevel>1</nestedLevel>
</record>
<record>
  <date>2019-08-28T16:57:47</date>
  <millis>1567022267371</millis>
  <sequence>125</sequence>
  <level>INFO</level>
  <class>com.kms.katalon.core.logging.XmlKeywordLogger</class>
  <method>logMessage</method>
  <thread>1</thread>
  <message>(Default) t_sign = PIFVSC4Fo5BYX3jIDKNLeeZpifOqt4P0G6bzqLGGUmAZ8RkyRwoBD7DqHOAyModmpAd+KUIL6syQY2M6Nq31vBHceunOqf2xFu2zms5gArk9CHQas8IZZinDRzju++Qj5iDQSxZrhZf1wL8Usonj+zLzZDCc5JsVS6IKMybVU8Y=</message>
  <nestedLevel>1</nestedLevel>
</record>
<record>
  <date>2019-08-28T16:57:47</date>
  <millis>1567022267371</millis>
  <sequence>126</sequence>
  <level>INFO</level>
  <class>com.kms.katalon.core.logging.XmlKeywordLogger</class>
  <method>logMessage</method>
  <thread>1</thread>
  <message>t_idPlan = 6901501395</message>
  <nestedLevel>1</nestedLevel>
</record>
<record>
  <date>2019-08-28T16:57:47</date>
  <millis>1567022267371</millis>
  <sequence>127</sequence>
  <level>START</level>
  <class>com.kms.katalon.core.logging.XmlKeywordLogger</class>
  <method>startKeyword</method>
  <thread>1</thread>
  <message>Start action : g_cuit = t_cuit</message>
  <nestedLevel>1</nestedLevel>
  <property name="startLine">17</property>
  <property name="stepIndex">1</property>
</record>
<record>
  <date>2019-08-28T16:57:47</date>
  <millis>1567022267377</millis>
  <sequence>128</sequence>
  <level>END</level>
  <class>com.kms.katalon.core.logging.XmlKeywordLogger</class>
  <method>endKeyword</method>
  <thread>1</thread>
  <message>End action : g_cuit = t_cuit</message>
  <nestedLevel>1</nestedLevel>
</record>
<record>
  <date>2019-08-28T16:57:47</date>
  <millis>1567022267378</millis>
  <sequence>129</sequence>
  <level>START</level>
  <class>com.kms.katalon.core.logging.XmlKeywordLogger</class>
  <method>startKeyword</method>
  <thread>1</thread>
  <message>Start action : g_idPlan = t_idPlan</message>
  <nestedLevel>1</nestedLevel>
  <property name="startLine">18</property>
  <property name="stepIndex">2</property>
</record>
<record>
  <date>2019-08-28T16:57:47</date>
  <millis>1567022267378</millis>
  <sequence>130</sequence>
  <level>END</level>
  <class>com.kms.katalon.core.logging.XmlKeywordLogger</class>
  <method>endKeyword</method>
  <thread>1</thread>
  <message>End action : g_idPlan = t_idPlan</message>
  <nestedLevel>1</nestedLevel>
</record>
<record>
  <date>2019-08-28T16:57:47</date>
  <millis>1567022267379</millis>
  <sequence>131</sequence>
  <level>START</level>
  <class>com.kms.katalon.core.logging.XmlKeywordLogger</class>
  <method>startKeyword</method>
  <thread>1</thread>
  <message>Start action : callTestCase(findTestCase(\&amp;quot;oauth-server/login obo ok\&amp;quot;), [\&amp;quot;t_servidor\&amp;quot;:g_servidor_oauth, \&amp;quot;t_http_username\&amp;quot;:\&amp;quot;klk-client\&amp;quot;, \&amp;quot;t_http_password\&amp;quot;:\&amp;quot;klk-secret\&amp;quot;, \&amp;quot;t_username\&amp;quot;:\&amp;quot;rentas-ie-admin\&amp;quot;, ... ], STOP_ON_FAILURE)</message>
  <nestedLevel>1</nestedLevel>
  <property name="startLine">20</property>
  <property name="stepIndex">3</property>
</record>
<record>
  <date>2019-08-28T16:57:47</date>
  <millis>1567022267434</millis>
  <sequence>134</sequence>
  <level>START</level>
  <class>com.kms.katalon.core.logging.XmlKeywordLogger</class>
  <method>startTest</method>
  <thread>1</thread>
  <message>Start Test Case : Test Cases/oauth-server/login obo ok</message>
  <nestedLevel>2</nestedLevel>
  <property name="name">Test Cases/oauth-server/login obo ok</property>
  <property name="description"></property>
  <property name="id">Test Cases/oauth-server/login obo ok</property>
  <property name="source">C:\\Users\\maria\\Desktop\\kolektor\\Testing\\Katalon\\CRM-TEST\\Test Cases\\oauth-server\\login obo ok.tc</property>
  <property name="tag"></property>
  <property name="isOptional">false</property>
</record>
<record>
  <date>2019-08-28T16:57:47</date>
  <millis>1567022267454</millis>
  <sequence>136</sequence>
  <level>INFO</level>
  <class>com.kms.katalon.core.logging.XmlKeywordLogger</class>
  <method>logMessage</method>
  <thread>1</thread>
  <message>t_servidor = https://apppreprod.rentascordoba.gob.ar</message>
  <nestedLevel>2</nestedLevel>
</record>
<record>
  <date>2019-08-28T16:57:47</date>
  <millis>1567022267454</millis>
  <sequence>137</sequence>
  <level>INFO</level>
  <class>com.kms.katalon.core.logging.XmlKeywordLogger</class>
  <method>logMessage</method>
  <thread>1</thread>
  <message>t_http_username = klk-client</message>
  <nestedLevel>2</nestedLevel>
</record>
<record>
  <date>2019-08-28T16:57:47</date>
  <millis>1567022267454</millis>
  <sequence>138</sequence>
  <level>INFO</level>
  <class>com.kms.katalon.core.logging.XmlKeywordLogger</class>
  <method>logMessage</method>
  <thread>1</thread>
  <message>t_http_password = klk-secret</message>
  <nestedLevel>2</nestedLevel>
</record>
<record>
  <date>2019-08-28T16:57:47</date>
  <millis>1567022267454</millis>
  <sequence>139</sequence>
  <level>INFO</level>
  <class>com.kms.katalon.core.logging.XmlKeywordLogger</class>
  <method>logMessage</method>
  <thread>1</thread>
  <message>t_username = rentas-ie-admin</message>
  <nestedLevel>2</nestedLevel>
</record>
<record>
  <date>2019-08-28T16:57:47</date>
  <millis>1567022267461</millis>
  <sequence>140</sequence>
  <level>INFO</level>
  <class>com.kms.katalon.core.logging.XmlKeywordLogger</class>
  <method>logMessage</method>
  <thread>1</thread>
  <message>t_password = rentasie2812</message>
  <nestedLevel>2</nestedLevel>
</record>
<record>
  <date>2019-08-28T16:57:47</date>
  <millis>1567022267461</millis>
  <sequence>141</sequence>
  <level>INFO</level>
  <class>com.kms.katalon.core.logging.XmlKeywordLogger</class>
  <method>logMessage</method>
  <thread>1</thread>
  <message>t_onbehalfof = 28282223349</message>
  <nestedLevel>2</nestedLevel>
</record>
<record>
  <date>2019-08-28T16:57:47</date>
  <millis>1567022267465</millis>
  <sequence>142</sequence>
  <level>START</level>
  <class>com.kms.katalon.core.logging.XmlKeywordLogger</class>
  <method>startKeyword</method>
  <thread>1</thread>
  <message>Start action : response = sendRequest(findTestObject(\&amp;quot;oauth-server/login on behalf of\&amp;quot;, [\&amp;quot;r_servidor\&amp;quot;:g_servidor_oauth, \&amp;quot;r_http_username\&amp;quot;:\&amp;quot;klk-client\&amp;quot;, \&amp;quot;r_http_password\&amp;quot;:\&amp;quot;klk-secret\&amp;quot;, \&amp;quot;r_username\&amp;quot;:t_username, \&amp;quot;r_password\&amp;quot;:t_password, ... ]))</message>
  <nestedLevel>1</nestedLevel>
  <property name="startLine">17</property>
  <property name="stepIndex">1</property>
</record>
<record>
  <date>2019-08-28T16:57:47</date>
  <millis>1567022267691</millis>
  <sequence>145</sequence>
  <level>INFO</level>
  <class>com.kms.katalon.core.logging.XmlKeywordLogger</class>
  <method>logMessage</method>
  <thread>1</thread>
  <message>HAR: C:\\Users\\maria\\Desktop\\kolektor\\Testing\\Katalon\\CRM-TEST\\Reports\\Plan de Pago\\TSPlanDePago\\20190828_165736\\requests\\main\\3.har</message>
  <nestedLevel>2</nestedLevel>
  <property name="harId">10b8c6ac-8340-4c08-8ed5-2c5412c392a0</property>
</record>
<record>
  <date>2019-08-28T16:57:47</date>
  <millis>1567022267703</millis>
  <sequence>146</sequence>
  <level>PASSED</level>
  <class>com.kms.katalon.core.logging.XmlKeywordLogger</class>
  <method>logMessage</method>
  <thread>1</thread>
  <message>Send request successfully</message>
  <nestedLevel>2</nestedLevel>
</record>
<record>
  <date>2019-08-28T16:57:47</date>
  <millis>1567022267703</millis>
  <sequence>147</sequence>
  <level>END</level>
  <class>com.kms.katalon.core.logging.XmlKeywordLogger</class>
  <method>endKeyword</method>
  <thread>1</thread>
  <message>End action : response = sendRequest(findTestObject(\&amp;quot;oauth-server/login on behalf of\&amp;quot;, [\&amp;quot;r_servidor\&amp;quot;:g_servidor_oauth, \&amp;quot;r_http_username\&amp;quot;:\&amp;quot;klk-client\&amp;quot;, \&amp;quot;r_http_password\&amp;quot;:\&amp;quot;klk-secret\&amp;quot;, \&amp;quot;r_username\&amp;quot;:t_username, \&amp;quot;r_password\&amp;quot;:t_password, ... ]))</message>
  <nestedLevel>1</nestedLevel>
</record>
<record>
  <date>2019-08-28T16:57:47</date>
  <millis>1567022267704</millis>
  <sequence>148</sequence>
  <level>START</level>
  <class>com.kms.katalon.core.logging.XmlKeywordLogger</class>
  <method>startKeyword</method>
  <thread>1</thread>
  <message>Start action : verifyResponseStatusCode(response, 200)</message>
  <nestedLevel>1</nestedLevel>
  <property name="startLine">21</property>
  <property name="stepIndex">2</property>
</record>
<record>
  <date>2019-08-28T16:57:47</date>
  <millis>1567022267704</millis>
  <sequence>150</sequence>
  <level>PASSED</level>
  <class>com.kms.katalon.core.logging.XmlKeywordLogger</class>
  <method>logMessage</method>
  <thread>1</thread>
  <message>Verify response status code successfully</message>
  <nestedLevel>2</nestedLevel>
</record>
<record>
  <date>2019-08-28T16:57:47</date>
  <millis>1567022267704</millis>
  <sequence>151</sequence>
  <level>END</level>
  <class>com.kms.katalon.core.logging.XmlKeywordLogger</class>
  <method>endKeyword</method>
  <thread>1</thread>
  <message>End action : verifyResponseStatusCode(response, 200)</message>
  <nestedLevel>1</nestedLevel>
</record>
<record>
  <date>2019-08-28T16:57:47</date>
  <millis>1567022267704</millis>
  <sequence>152</sequence>
  <level>START</level>
  <class>com.kms.katalon.core.logging.XmlKeywordLogger</class>
  <method>startKeyword</method>
  <thread>1</thread>
  <message>Start action : callTestCase(findTestCase(\&amp;quot;oauth-server/validar login\&amp;quot;), [\&amp;quot;t_response\&amp;quot;:response], STOP_ON_FAILURE)</message>
  <nestedLevel>1</nestedLevel>
  <property name="startLine">23</property>
  <property name="stepIndex">3</property>
</record>
<record>
  <date>2019-08-28T16:57:47</date>
  <millis>1567022267764</millis>
  <sequence>155</sequence>
  <level>START</level>
  <class>com.kms.katalon.core.logging.XmlKeywordLogger</class>
  <method>startTest</method>
  <thread>1</thread>
  <message>Start Test Case : Test Cases/oauth-server/validar login</message>
  <nestedLevel>3</nestedLevel>
  <property name="name">Test Cases/oauth-server/validar login</property>
  <property name="description"></property>
  <property name="id">Test Cases/oauth-server/validar login</property>
  <property name="source">C:\\Users\\maria\\Desktop\\kolektor\\Testing\\Katalon\\CRM-TEST\\Test Cases\\oauth-server\\validar login.tc</property>
  <property name="tag"></property>
  <property name="isOptional">false</property>
</record>
<record>
  <date>2019-08-28T16:57:47</date>
  <millis>1567022267771</millis>
  <sequence>157</sequence>
  <level>INFO</level>
  <class>com.kms.katalon.core.logging.XmlKeywordLogger</class>
  <method>logMessage</method>
  <thread>1</thread>
  <message>t_response = 200 1009 bytes</message>
  <nestedLevel>3</nestedLevel>
</record>
<record>
  <date>2019-08-28T16:57:47</date>
  <millis>1567022267775</millis>
  <sequence>158</sequence>
  <level>START</level>
  <class>com.kms.katalon.core.logging.XmlKeywordLogger</class>
  <method>startKeyword</method>
  <thread>1</thread>
  <message>Start action : slurper = new groovy.json.JsonSlurper()</message>
  <nestedLevel>1</nestedLevel>
  <property name="startLine">19</property>
  <property name="stepIndex">1</property>
</record>
<record>
  <date>2019-08-28T16:57:47</date>
  <millis>1567022267775</millis>
  <sequence>159</sequence>
  <level>END</level>
  <class>com.kms.katalon.core.logging.XmlKeywordLogger</class>
  <method>endKeyword</method>
  <thread>1</thread>
  <message>End action : slurper = new groovy.json.JsonSlurper()</message>
  <nestedLevel>1</nestedLevel>
</record>
<record>
  <date>2019-08-28T16:57:47</date>
  <millis>1567022267775</millis>
  <sequence>160</sequence>
  <level>START</level>
  <class>com.kms.katalon.core.logging.XmlKeywordLogger</class>
  <method>startKeyword</method>
  <thread>1</thread>
  <message>Start action : parsedJson = slurper.parseText(responseBodyContent)</message>
  <nestedLevel>1</nestedLevel>
  <property name="startLine">21</property>
  <property name="stepIndex">2</property>
</record>
<record>
  <date>2019-08-28T16:57:47</date>
  <millis>1567022267775</millis>
  <sequence>161</sequence>
  <level>END</level>
  <class>com.kms.katalon.core.logging.XmlKeywordLogger</class>
  <method>endKeyword</method>
  <thread>1</thread>
  <message>End action : parsedJson = slurper.parseText(responseBodyContent)</message>
  <nestedLevel>1</nestedLevel>
</record>
<record>
  <date>2019-08-28T16:57:47</date>
  <millis>1567022267775</millis>
  <sequence>162</sequence>
  <level>START</level>
  <class>com.kms.katalon.core.logging.XmlKeywordLogger</class>
  <method>startKeyword</method>
  <thread>1</thread>
  <message>Start action : t_access_token = parsedJson.get(\&amp;quot;access_token\&amp;quot;)</message>
  <nestedLevel>1</nestedLevel>
  <property name="startLine">23</property>
  <property name="stepIndex">3</property>
</record>
<record>
  <date>2019-08-28T16:57:47</date>
  <millis>1567022267775</millis>
  <sequence>163</sequence>
  <level>END</level>
  <class>com.kms.katalon.core.logging.XmlKeywordLogger</class>
  <method>endKeyword</method>
  <thread>1</thread>
  <message>End action : t_access_token = parsedJson.get(\&amp;quot;access_token\&amp;quot;)</message>
  <nestedLevel>1</nestedLevel>
</record>
<record>
  <date>2019-08-28T16:57:47</date>
  <millis>1567022267775</millis>
  <sequence>164</sequence>
  <level>START</level>
  <class>com.kms.katalon.core.logging.XmlKeywordLogger</class>
  <method>startKeyword</method>
  <thread>1</thread>
  <message>Start action : if (t_access_token == null)</message>
  <nestedLevel>1</nestedLevel>
  <property name="startLine">25</property>
  <property name="stepIndex">4</property>
</record>
<record>
  <date>2019-08-28T16:57:47</date>
  <millis>1567022267775</millis>
  <sequence>165</sequence>
  <level>END</level>
  <class>com.kms.katalon.core.logging.XmlKeywordLogger</class>
  <method>endKeyword</method>
  <thread>1</thread>
  <message>End action : if (t_access_token == null)</message>
  <nestedLevel>1</nestedLevel>
</record>
<record>
  <date>2019-08-28T16:57:47</date>
  <millis>1567022267775</millis>
  <sequence>166</sequence>
  <level>START</level>
  <class>com.kms.katalon.core.logging.XmlKeywordLogger</class>
  <method>startKeyword</method>
  <thread>1</thread>
  <message>Start action : g_access_token = t_access_token</message>
  <nestedLevel>1</nestedLevel>
  <property name="startLine">29</property>
  <property name="stepIndex">5</property>
</record>
<record>
  <date>2019-08-28T16:57:47</date>
  <millis>1567022267775</millis>
  <sequence>167</sequence>
  <level>END</level>
  <class>com.kms.katalon.core.logging.XmlKeywordLogger</class>
  <method>endKeyword</method>
  <thread>1</thread>
  <message>End action : g_access_token = t_access_token</message>
  <nestedLevel>1</nestedLevel>
</record>
<record>
  <date>2019-08-28T16:57:47</date>
  <millis>1567022267775</millis>
  <sequence>168</sequence>
  <level>START</level>
  <class>com.kms.katalon.core.logging.XmlKeywordLogger</class>
  <method>startKeyword</method>
  <thread>1</thread>
  <message>Start action : log = new com.kms.katalon.core.logging.KeywordLogger()</message>
  <nestedLevel>1</nestedLevel>
  <property name="startLine">30</property>
  <property name="stepIndex">6</property>
</record>
<record>
  <date>2019-08-28T16:57:47</date>
  <millis>1567022267778</millis>
  <sequence>169</sequence>
  <level>END</level>
  <class>com.kms.katalon.core.logging.XmlKeywordLogger</class>
  <method>endKeyword</method>
  <thread>1</thread>
  <message>End action : log = new com.kms.katalon.core.logging.KeywordLogger()</message>
  <nestedLevel>1</nestedLevel>
</record>
<record>
  <date>2019-08-28T16:57:47</date>
  <millis>1567022267778</millis>
  <sequence>170</sequence>
  <level>START</level>
  <class>com.kms.katalon.core.logging.XmlKeywordLogger</class>
  <method>startKeyword</method>
  <thread>1</thread>
  <message>Start action : log.logInfo(\&amp;quot;token global ------------&amp;gt; : \&amp;quot; + g_access_token)</message>
  <nestedLevel>1</nestedLevel>
  <property name="startLine">31</property>
  <property name="stepIndex">7</property>
</record>
<record>
  <date>2019-08-28T16:57:47</date>
  <millis>1567022267779</millis>
  <sequence>171</sequence>
  <level>INFO</level>
  <class>com.kms.katalon.core.logging.XmlKeywordLogger</class>
  <method>logMessage</method>
  <thread>1</thread>
  <message>token global ------------&amp;gt; : 29647582-6643-46ab-a615-727da94b1729</message>
  <nestedLevel>3</nestedLevel>
</record>
<record>
  <date>2019-08-28T16:57:47</date>
  <millis>1567022267780</millis>
  <sequence>172</sequence>
  <level>END</level>
  <class>com.kms.katalon.core.logging.XmlKeywordLogger</class>
  <method>endKeyword</method>
  <thread>1</thread>
  <message>End action : log.logInfo(\&amp;quot;token global ------------&amp;gt; : \&amp;quot; + g_access_token)</message>
  <nestedLevel>1</nestedLevel>
</record>
<record>
  <date>2019-08-28T16:57:47</date>
  <millis>1567022267780</millis>
  <sequence>173</sequence>
  <level>PASSED</level>
  <class>com.kms.katalon.core.logging.XmlKeywordLogger</class>
  <method>logMessage</method>
  <thread>1</thread>
  <message>Test Cases/oauth-server/validar login</message>
  <nestedLevel>3</nestedLevel>
</record>
<record>
  <date>2019-08-28T16:57:47</date>
  <millis>1567022267781</millis>
  <sequence>174</sequence>
  <level>END</level>
  <class>com.kms.katalon.core.logging.XmlKeywordLogger</class>
  <method>endTest</method>
  <thread>1</thread>
  <message>End Test Case : Test Cases/oauth-server/validar login</message>
  <nestedLevel>2</nestedLevel>
</record>
<record>
  <date>2019-08-28T16:57:47</date>
  <millis>1567022267781</millis>
  <sequence>175</sequence>
  <level>PASSED</level>
  <class>com.kms.katalon.core.logging.XmlKeywordLogger</class>
  <method>logMessage</method>
  <thread>1</thread>
  <message>Call Test Case &amp;apos;Test Cases/oauth-server/validar login&amp;apos; successfully</message>
  <nestedLevel>2</nestedLevel>
</record>
<record>
  <date>2019-08-28T16:57:47</date>
  <millis>1567022267781</millis>
  <sequence>176</sequence>
  <level>END</level>
  <class>com.kms.katalon.core.logging.XmlKeywordLogger</class>
  <method>endKeyword</method>
  <thread>1</thread>
  <message>End action : callTestCase(findTestCase(\&amp;quot;oauth-server/validar login\&amp;quot;), [\&amp;quot;t_response\&amp;quot;:response], STOP_ON_FAILURE)</message>
  <nestedLevel>1</nestedLevel>
</record>
<record>
  <date>2019-08-28T16:57:47</date>
  <millis>1567022267781</millis>
  <sequence>177</sequence>
  <level>START</level>
  <class>com.kms.katalon.core.logging.XmlKeywordLogger</class>
  <method>startKeyword</method>
  <thread>1</thread>
  <message>Start action : response = sendRequest(findTestObject(\&amp;quot;oauth-server/user\&amp;quot;, [\&amp;quot;r_servidor\&amp;quot;:g_servidor_oauth, \&amp;quot;r_token\&amp;quot;:g_access_token]))</message>
  <nestedLevel>1</nestedLevel>
  <property name="startLine">25</property>
  <property name="stepIndex">4</property>
</record>
<record>
  <date>2019-08-28T16:57:47</date>
  <millis>1567022267944</millis>
  <sequence>180</sequence>
  <level>INFO</level>
  <class>com.kms.katalon.core.logging.XmlKeywordLogger</class>
  <method>logMessage</method>
  <thread>1</thread>
  <message>HAR: C:\\Users\\maria\\Desktop\\kolektor\\Testing\\Katalon\\CRM-TEST\\Reports\\Plan de Pago\\TSPlanDePago\\20190828_165736\\requests\\main\\4.har</message>
  <nestedLevel>2</nestedLevel>
  <property name="harId">b27a7f76-08a1-4f26-b16e-57abf4d40800</property>
</record>
<record>
  <date>2019-08-28T16:57:47</date>
  <millis>1567022267953</millis>
  <sequence>181</sequence>
  <level>PASSED</level>
  <class>com.kms.katalon.core.logging.XmlKeywordLogger</class>
  <method>logMessage</method>
  <thread>1</thread>
  <message>Send request successfully</message>
  <nestedLevel>2</nestedLevel>
</record>
<record>
  <date>2019-08-28T16:57:47</date>
  <millis>1567022267953</millis>
  <sequence>182</sequence>
  <level>END</level>
  <class>com.kms.katalon.core.logging.XmlKeywordLogger</class>
  <method>endKeyword</method>
  <thread>1</thread>
  <message>End action : response = sendRequest(findTestObject(\&amp;quot;oauth-server/user\&amp;quot;, [\&amp;quot;r_servidor\&amp;quot;:g_servidor_oauth, \&amp;quot;r_token\&amp;quot;:g_access_token]))</message>
  <nestedLevel>1</nestedLevel>
</record>
<record>
  <date>2019-08-28T16:57:47</date>
  <millis>1567022267953</millis>
  <sequence>183</sequence>
  <level>START</level>
  <class>com.kms.katalon.core.logging.XmlKeywordLogger</class>
  <method>startKeyword</method>
  <thread>1</thread>
  <message>Start action : verifyResponseStatusCode(response, 200)</message>
  <nestedLevel>1</nestedLevel>
  <property name="startLine">27</property>
  <property name="stepIndex">5</property>
</record>
<record>
  <date>2019-08-28T16:57:47</date>
  <millis>1567022267961</millis>
  <sequence>185</sequence>
  <level>PASSED</level>
  <class>com.kms.katalon.core.logging.XmlKeywordLogger</class>
  <method>logMessage</method>
  <thread>1</thread>
  <message>Verify response status code successfully</message>
  <nestedLevel>2</nestedLevel>
</record>
<record>
  <date>2019-08-28T16:57:47</date>
  <millis>1567022267961</millis>
  <sequence>186</sequence>
  <level>END</level>
  <class>com.kms.katalon.core.logging.XmlKeywordLogger</class>
  <method>endKeyword</method>
  <thread>1</thread>
  <message>End action : verifyResponseStatusCode(response, 200)</message>
  <nestedLevel>1</nestedLevel>
</record>
<record>
  <date>2019-08-28T16:57:47</date>
  <millis>1567022267961</millis>
  <sequence>187</sequence>
  <level>PASSED</level>
  <class>com.kms.katalon.core.logging.XmlKeywordLogger</class>
  <method>logMessage</method>
  <thread>1</thread>
  <message>Test Cases/oauth-server/login obo ok</message>
  <nestedLevel>2</nestedLevel>
</record>
<record>
  <date>2019-08-28T16:57:47</date>
  <millis>1567022267961</millis>
  <sequence>188</sequence>
  <level>END</level>
  <class>com.kms.katalon.core.logging.XmlKeywordLogger</class>
  <method>endTest</method>
  <thread>1</thread>
  <message>End Test Case : Test Cases/oauth-server/login obo ok</message>
  <nestedLevel>1</nestedLevel>
</record>
<record>
  <date>2019-08-28T16:57:47</date>
  <millis>1567022267965</millis>
  <sequence>189</sequence>
  <level>PASSED</level>
  <class>com.kms.katalon.core.logging.XmlKeywordLogger</class>
  <method>logMessage</method>
  <thread>1</thread>
  <message>Call Test Case &amp;apos;Test Cases/oauth-server/login obo ok&amp;apos; successfully</message>
  <nestedLevel>1</nestedLevel>
</record>
<record>
  <date>2019-08-28T16:57:47</date>
  <millis>1567022267965</millis>
  <sequence>190</sequence>
  <level>END</level>
  <class>com.kms.katalon.core.logging.XmlKeywordLogger</class>
  <method>endKeyword</method>
  <thread>1</thread>
  <message>End action : callTestCase(findTestCase(\&amp;quot;oauth-server/login obo ok\&amp;quot;), [\&amp;quot;t_servidor\&amp;quot;:g_servidor_oauth, \&amp;quot;t_http_username\&amp;quot;:\&amp;quot;klk-client\&amp;quot;, \&amp;quot;t_http_password\&amp;quot;:\&amp;quot;klk-secret\&amp;quot;, \&amp;quot;t_username\&amp;quot;:\&amp;quot;rentas-ie-admin\&amp;quot;, ... ], STOP_ON_FAILURE)</message>
  <nestedLevel>1</nestedLevel>
</record>
<record>
  <date>2019-08-28T16:57:47</date>
  <millis>1567022267965</millis>
  <sequence>191</sequence>
  <level>START</level>
  <class>com.kms.katalon.core.logging.XmlKeywordLogger</class>
  <method>startKeyword</method>
  <thread>1</thread>
  <message>Start action : response = sendRequest(findTestObject(\&amp;quot;WSPlanDePago/c2 plan de pago\&amp;quot;, [\&amp;quot;r_access_token\&amp;quot;:g_access_token, \&amp;quot;r_cuit\&amp;quot;:g_cuit, \&amp;quot;r_idPlan\&amp;quot;:g_idPlan]))</message>
  <nestedLevel>1</nestedLevel>
  <property name="startLine">24</property>
  <property name="stepIndex">4</property>
</record>
<record>
  <date>2019-08-28T16:57:48</date>
  <millis>1567022268424</millis>
  <sequence>194</sequence>
  <level>INFO</level>
  <class>com.kms.katalon.core.logging.XmlKeywordLogger</class>
  <method>logMessage</method>
  <thread>1</thread>
  <message>HAR: C:\\Users\\maria\\Desktop\\kolektor\\Testing\\Katalon\\CRM-TEST\\Reports\\Plan de Pago\\TSPlanDePago\\20190828_165736\\requests\\main\\5.har</message>
  <nestedLevel>1</nestedLevel>
  <property name="harId">c7afb809-afe5-4ea1-beab-8eea1a588bb9</property>
</record>
<record>
  <date>2019-08-28T16:57:48</date>
  <millis>1567022268434</millis>
  <sequence>195</sequence>
  <level>PASSED</level>
  <class>com.kms.katalon.core.logging.XmlKeywordLogger</class>
  <method>logMessage</method>
  <thread>1</thread>
  <message>Send request successfully</message>
  <nestedLevel>1</nestedLevel>
</record>
<record>
  <date>2019-08-28T16:57:48</date>
  <millis>1567022268434</millis>
  <sequence>196</sequence>
  <level>END</level>
  <class>com.kms.katalon.core.logging.XmlKeywordLogger</class>
  <method>endKeyword</method>
  <thread>1</thread>
  <message>End action : response = sendRequest(findTestObject(\&amp;quot;WSPlanDePago/c2 plan de pago\&amp;quot;, [\&amp;quot;r_access_token\&amp;quot;:g_access_token, \&amp;quot;r_cuit\&amp;quot;:g_cuit, \&amp;quot;r_idPlan\&amp;quot;:g_idPlan]))</message>
  <nestedLevel>1</nestedLevel>
</record>
<record>
  <date>2019-08-28T16:57:48</date>
  <millis>1567022268434</millis>
  <sequence>197</sequence>
  <level>START</level>
  <class>com.kms.katalon.core.logging.XmlKeywordLogger</class>
  <method>startKeyword</method>
  <thread>1</thread>
  <message>Start action : verifyResponseStatusCode(response, 200)</message>
  <nestedLevel>1</nestedLevel>
  <property name="startLine">27</property>
  <property name="stepIndex">5</property>
</record>
<record>
  <date>2019-08-28T16:57:48</date>
  <millis>1567022268434</millis>
  <sequence>199</sequence>
  <level>PASSED</level>
  <class>com.kms.katalon.core.logging.XmlKeywordLogger</class>
  <method>logMessage</method>
  <thread>1</thread>
  <message>Verify response status code successfully</message>
  <nestedLevel>1</nestedLevel>
</record>
<record>
  <date>2019-08-28T16:57:48</date>
  <millis>1567022268441</millis>
  <sequence>200</sequence>
  <level>END</level>
  <class>com.kms.katalon.core.logging.XmlKeywordLogger</class>
  <method>endKeyword</method>
  <thread>1</thread>
  <message>End action : verifyResponseStatusCode(response, 200)</message>
  <nestedLevel>1</nestedLevel>
</record>
<record>
  <date>2019-08-28T16:57:48</date>
  <millis>1567022268441</millis>
  <sequence>201</sequence>
  <level>START</level>
  <class>com.kms.katalon.core.logging.XmlKeywordLogger</class>
  <method>startKeyword</method>
  <thread>1</thread>
  <message>Start action : callTestCase(findTestCase(\&amp;quot;WSPlanDePago/validar response plan de pago\&amp;quot;), [\&amp;quot;t_response\&amp;quot;:response, \&amp;quot;t_cuit\&amp;quot;:g_cuit, \&amp;quot;t_idPlan\&amp;quot;:g_idPlan], STOP_ON_FAILURE)</message>
  <nestedLevel>1</nestedLevel>
  <property name="startLine">29</property>
  <property name="stepIndex">6</property>
</record>
<record>
  <date>2019-08-28T16:57:48</date>
  <millis>1567022268513</millis>
  <sequence>204</sequence>
  <level>START</level>
  <class>com.kms.katalon.core.logging.XmlKeywordLogger</class>
  <method>startTest</method>
  <thread>1</thread>
  <message>Start Test Case : Test Cases/WSPlanDePago/validar response plan de pago</message>
  <nestedLevel>2</nestedLevel>
  <property name="name">Test Cases/WSPlanDePago/validar response plan de pago</property>
  <property name="description"></property>
  <property name="id">Test Cases/WSPlanDePago/validar response plan de pago</property>
  <property name="source">C:\\Users\\maria\\Desktop\\kolektor\\Testing\\Katalon\\CRM-TEST\\Test Cases\\WSPlanDePago\\validar response plan de pago.tc</property>
  <property name="tag"></property>
  <property name="isOptional">false</property>
</record>
<record>
  <date>2019-08-28T16:57:48</date>
  <millis>1567022268513</millis>
  <sequence>206</sequence>
  <level>INFO</level>
  <class>com.kms.katalon.core.logging.XmlKeywordLogger</class>
  <method>logMessage</method>
  <thread>1</thread>
  <message>t_response = 200 1 KB</message>
  <nestedLevel>2</nestedLevel>
</record>
<record>
  <date>2019-08-28T16:57:48</date>
  <millis>1567022268521</millis>
  <sequence>207</sequence>
  <level>INFO</level>
  <class>com.kms.katalon.core.logging.XmlKeywordLogger</class>
  <method>logMessage</method>
  <thread>1</thread>
  <message>t_cuit = 28282223349</message>
  <nestedLevel>2</nestedLevel>
</record>
<record>
  <date>2019-08-28T16:57:48</date>
  <millis>1567022268521</millis>
  <sequence>208</sequence>
  <level>INFO</level>
  <class>com.kms.katalon.core.logging.XmlKeywordLogger</class>
  <method>logMessage</method>
  <thread>1</thread>
  <message>t_idPlan = 6901501395</message>
  <nestedLevel>2</nestedLevel>
</record>
<record>
  <date>2019-08-28T16:57:48</date>
  <millis>1567022268522</millis>
  <sequence>209</sequence>
  <level>START</level>
  <class>com.kms.katalon.core.logging.XmlKeywordLogger</class>
  <method>startKeyword</method>
  <thread>1</thread>
  <message>Start action : slurper = new groovy.json.JsonSlurper()</message>
  <nestedLevel>1</nestedLevel>
  <property name="startLine">17</property>
  <property name="stepIndex">1</property>
</record>
<record>
  <date>2019-08-28T16:57:48</date>
  <millis>1567022268523</millis>
  <sequence>210</sequence>
  <level>END</level>
  <class>com.kms.katalon.core.logging.XmlKeywordLogger</class>
  <method>endKeyword</method>
  <thread>1</thread>
  <message>End action : slurper = new groovy.json.JsonSlurper()</message>
  <nestedLevel>1</nestedLevel>
</record>
<record>
  <date>2019-08-28T16:57:48</date>
  <millis>1567022268523</millis>
  <sequence>211</sequence>
  <level>START</level>
  <class>com.kms.katalon.core.logging.XmlKeywordLogger</class>
  <method>startKeyword</method>
  <thread>1</thread>
  <message>Start action : println(responseBodyContent)</message>
  <nestedLevel>1</nestedLevel>
  <property name="startLine">19</property>
  <property name="stepIndex">2</property>
</record>
<record>
  <date>2019-08-28T16:57:48</date>
  <millis>1567022268524</millis>
  <sequence>212</sequence>
  <level>END</level>
  <class>com.kms.katalon.core.logging.XmlKeywordLogger</class>
  <method>endKeyword</method>
  <thread>1</thread>
  <message>End action : println(responseBodyContent)</message>
  <nestedLevel>1</nestedLevel>
</record>
<record>
  <date>2019-08-28T16:57:48</date>
  <millis>1567022268524</millis>
  <sequence>213</sequence>
  <level>START</level>
  <class>com.kms.katalon.core.logging.XmlKeywordLogger</class>
  <method>startKeyword</method>
  <thread>1</thread>
  <message>Start action : parsedJson = slurper.parseText(responseBodyContent)</message>
  <nestedLevel>1</nestedLevel>
  <property name="startLine">21</property>
  <property name="stepIndex">3</property>
</record>
<record>
  <date>2019-08-28T16:57:48</date>
  <millis>1567022268524</millis>
  <sequence>214</sequence>
  <level>END</level>
  <class>com.kms.katalon.core.logging.XmlKeywordLogger</class>
  <method>endKeyword</method>
  <thread>1</thread>
  <message>End action : parsedJson = slurper.parseText(responseBodyContent)</message>
  <nestedLevel>1</nestedLevel>
</record>
<record>
  <date>2019-08-28T16:57:48</date>
  <millis>1567022268524</millis>
  <sequence>215</sequence>
  <level>START</level>
  <class>com.kms.katalon.core.logging.XmlKeywordLogger</class>
  <method>startKeyword</method>
  <thread>1</thread>
  <message>Start action : if (data != null &amp;amp;&amp;amp; lstPlanSimulado != null)</message>
  <nestedLevel>1</nestedLevel>
  <property name="startLine">24</property>
  <property name="stepIndex">4</property>
  <property name="description">si retorno datos</property>
</record>
<record>
  <date>2019-08-28T16:57:48</date>
  <millis>1567022268524</millis>
  <sequence>216</sequence>
  <level>START</level>
  <class>com.kms.katalon.core.logging.XmlKeywordLogger</class>
  <method>startKeyword</method>
  <thread>1</thread>
  <message>Start action : array1 = idEstado</message>
  <nestedLevel>2</nestedLevel>
  <property name="startLine">25</property>
  <property name="stepIndex">1</property>
</record>
<record>
  <date>2019-08-28T16:57:48</date>
  <millis>1567022268524</millis>
  <sequence>217</sequence>
  <level>END</level>
  <class>com.kms.katalon.core.logging.XmlKeywordLogger</class>
  <method>endKeyword</method>
  <thread>1</thread>
  <message>End action : array1 = idEstado</message>
  <nestedLevel>2</nestedLevel>
</record>
<record>
  <date>2019-08-28T16:57:48</date>
  <millis>1567022268524</millis>
  <sequence>218</sequence>
  <level>START</level>
  <class>com.kms.katalon.core.logging.XmlKeywordLogger</class>
  <method>startKeyword</method>
  <thread>1</thread>
  <message>Start action : bandera = false</message>
  <nestedLevel>2</nestedLevel>
  <property name="startLine">27</property>
  <property name="stepIndex">2</property>
</record>
<record>
  <date>2019-08-28T16:57:48</date>
  <millis>1567022268524</millis>
  <sequence>219</sequence>
  <level>END</level>
  <class>com.kms.katalon.core.logging.XmlKeywordLogger</class>
  <method>endKeyword</method>
  <thread>1</thread>
  <message>End action : bandera = false</message>
  <nestedLevel>2</nestedLevel>
</record>
<record>
  <date>2019-08-28T16:57:48</date>
  <millis>1567022268524</millis>
  <sequence>220</sequence>
  <level>START</level>
  <class>com.kms.katalon.core.logging.XmlKeywordLogger</class>
  <method>startKeyword</method>
  <thread>1</thread>
  <message>Start action : for (def cuotas : array1)</message>
  <nestedLevel>2</nestedLevel>
  <property name="startLine">29</property>
  <property name="stepIndex">3</property>
</record>
<record>
  <date>2019-08-28T16:57:48</date>
  <millis>1567022268524</millis>
  <sequence>221</sequence>
  <level>START</level>
  <class>com.kms.katalon.core.logging.XmlKeywordLogger</class>
  <method>startKeyword</method>
  <thread>1</thread>
  <message>Start action : if (cuotas == null || cuotas.compareToIgnoreCase(\&amp;quot;VIGENTE\&amp;quot;) || cuotas.compareToIgnoreCase(\&amp;quot;VENCIDA\&amp;quot;))</message>
  <nestedLevel>3</nestedLevel>
  <property name="startLine">30</property>
  <property name="stepIndex">1</property>
</record>
<record>
  <date>2019-08-28T16:57:48</date>
  <millis>1567022268531</millis>
  <sequence>222</sequence>
  <level>START</level>
  <class>com.kms.katalon.core.logging.XmlKeywordLogger</class>
  <method>startKeyword</method>
  <thread>1</thread>
  <message>Start action : bandera = true</message>
  <nestedLevel>4</nestedLevel>
  <property name="startLine">31</property>
  <property name="stepIndex">1</property>
</record>
<record>
  <date>2019-08-28T16:57:48</date>
  <millis>1567022268531</millis>
  <sequence>223</sequence>
  <level>END</level>
  <class>com.kms.katalon.core.logging.XmlKeywordLogger</class>
  <method>endKeyword</method>
  <thread>1</thread>
  <message>End action : bandera = true</message>
  <nestedLevel>4</nestedLevel>
</record>
<record>
  <date>2019-08-28T16:57:48</date>
  <millis>1567022268531</millis>
  <sequence>224</sequence>
  <level>START</level>
  <class>com.kms.katalon.core.logging.XmlKeywordLogger</class>
  <method>startKeyword</method>
  <thread>1</thread>
  <message>Start action : break</message>
  <nestedLevel>4</nestedLevel>
  <property name="startLine">33</property>
  <property name="stepIndex">2</property>
</record>
<record>
  <date>2019-08-28T16:57:48</date>
  <millis>1567022268531</millis>
  <sequence>225</sequence>
  <level>END</level>
  <class>com.kms.katalon.core.logging.XmlKeywordLogger</class>
  <method>endKeyword</method>
  <thread>1</thread>
  <message>End action : break</message>
  <nestedLevel>4</nestedLevel>
</record>
<record>
  <date>2019-08-28T16:57:48</date>
  <millis>1567022268531</millis>
  <sequence>226</sequence>
  <level>END</level>
  <class>com.kms.katalon.core.logging.XmlKeywordLogger</class>
  <method>endKeyword</method>
  <thread>1</thread>
  <message>End action : if (cuotas == null || cuotas.compareToIgnoreCase(\&amp;quot;VIGENTE\&amp;quot;) || cuotas.compareToIgnoreCase(\&amp;quot;VENCIDA\&amp;quot;))</message>
  <nestedLevel>3</nestedLevel>
</record>
<record>
  <date>2019-08-28T16:57:48</date>
  <millis>1567022268531</millis>
  <sequence>227</sequence>
  <level>END</level>
  <class>com.kms.katalon.core.logging.XmlKeywordLogger</class>
  <method>endKeyword</method>
  <thread>1</thread>
  <message>End action : for (def cuotas : array1)</message>
  <nestedLevel>2</nestedLevel>
</record>
<record>
  <date>2019-08-28T16:57:48</date>
  <millis>1567022268531</millis>
  <sequence>228</sequence>
  <level>START</level>
  <class>com.kms.katalon.core.logging.XmlKeywordLogger</class>
  <method>startKeyword</method>
  <thread>1</thread>
  <message>Start action : if (!(bandera))</message>
  <nestedLevel>2</nestedLevel>
  <property name="startLine">37</property>
  <property name="stepIndex">4</property>
</record>
<record>
  <date>2019-08-28T16:57:48</date>
  <millis>1567022268531</millis>
  <sequence>229</sequence>
  <level>END</level>
  <class>com.kms.katalon.core.logging.XmlKeywordLogger</class>
  <method>endKeyword</method>
  <thread>1</thread>
  <message>End action : if (!(bandera))</message>
  <nestedLevel>2</nestedLevel>
</record>
<record>
  <date>2019-08-28T16:57:48</date>
  <millis>1567022268531</millis>
  <sequence>230</sequence>
  <level>END</level>
  <class>com.kms.katalon.core.logging.XmlKeywordLogger</class>
  <method>endKeyword</method>
  <thread>1</thread>
  <message>End action : if (data != null &amp;amp;&amp;amp; lstPlanSimulado != null)</message>
  <nestedLevel>1</nestedLevel>
</record>
<record>
  <date>2019-08-28T16:57:48</date>
  <millis>1567022268531</millis>
  <sequence>231</sequence>
  <level>PASSED</level>
  <class>com.kms.katalon.core.logging.XmlKeywordLogger</class>
  <method>logMessage</method>
  <thread>1</thread>
  <message>Test Cases/WSPlanDePago/validar response plan de pago</message>
  <nestedLevel>2</nestedLevel>
</record>
<record>
  <date>2019-08-28T16:57:48</date>
  <millis>1567022268531</millis>
  <sequence>232</sequence>
  <level>END</level>
  <class>com.kms.katalon.core.logging.XmlKeywordLogger</class>
  <method>endTest</method>
  <thread>1</thread>
  <message>End Test Case : Test Cases/WSPlanDePago/validar response plan de pago</message>
  <nestedLevel>1</nestedLevel>
</record>
<record>
  <date>2019-08-28T16:57:48</date>
  <millis>1567022268535</millis>
  <sequence>233</sequence>
  <level>PASSED</level>
  <class>com.kms.katalon.core.logging.XmlKeywordLogger</class>
  <method>logMessage</method>
  <thread>1</thread>
  <message>Call Test Case &amp;apos;Test Cases/WSPlanDePago/validar response plan de pago&amp;apos; successfully</message>
  <nestedLevel>1</nestedLevel>
</record>
<record>
  <date>2019-08-28T16:57:48</date>
  <millis>1567022268535</millis>
  <sequence>234</sequence>
  <level>END</level>
  <class>com.kms.katalon.core.logging.XmlKeywordLogger</class>
  <method>endKeyword</method>
  <thread>1</thread>
  <message>End action : callTestCase(findTestCase(\&amp;quot;WSPlanDePago/validar response plan de pago\&amp;quot;), [\&amp;quot;t_response\&amp;quot;:response, \&amp;quot;t_cuit\&amp;quot;:g_cuit, \&amp;quot;t_idPlan\&amp;quot;:g_idPlan], STOP_ON_FAILURE)</message>
  <nestedLevel>1</nestedLevel>
</record>
<record>
  <date>2019-08-28T16:57:48</date>
  <millis>1567022268535</millis>
  <sequence>235</sequence>
  <level>PASSED</level>
  <class>com.kms.katalon.core.logging.XmlKeywordLogger</class>
  <method>logMessage</method>
  <thread>1</thread>
  <message>Test Cases/WSPlanDePago/obo plan de pago</message>
  <nestedLevel>1</nestedLevel>
</record>
<record>
  <date>2019-08-28T16:57:48</date>
  <millis>1567022268535</millis>
  <sequence>236</sequence>
  <level>END</level>
  <class>com.kms.katalon.core.logging.XmlKeywordLogger</class>
  <method>endTest</method>
  <thread>1</thread>
  <message>End Test Case : Test Cases/WSPlanDePago/obo plan de pago</message>
  <nestedLevel>0</nestedLevel>
</record>
<record>
  <date>2019-08-28T16:57:48</date>
  <millis>1567022268714</millis>
  <sequence>237</sequence>
  <level>END</level>
  <class>com.kms.katalon.core.logging.XmlKeywordLogger</class>
  <method>endSuite</method>
  <thread>1</thread>
  <message>End Test Suite : Test Suites/Plan de Pago/TSPlanDePago</message>
  <nestedLevel>0</nestedLevel>
</record>
</log>
